{"uuid":"0fe73057-9b6f-4b58-8c52-85b868a6bcf8","historyId":"6eda06193bac1c69a51559884193dbcb","testCaseId":"57201de8d1713c00410897153d36b1dd","fullName":"src/test/resources/features/class2.feature:165","labels":[{"name":"tag","value":"UpdateNewClass"},{"name":"host","value":"Dheenathayalans-MacBook-Air.local"},{"name":"thread","value":"88318@Dheenathayalans-MacBook-Air.local.main(1)"},{"name":"feature","value":"Class 2 module"},{"name":"story","value":"Check if admin able to update a Class with invalid enpoint"},{"name":"suite","value":"Class 2 module"},{"name":"testClass","value":"Check if admin able to update a Class with invalid enpoint"},{"name":"framework","value":"cucumber4jvm"},{"name":"language","value":"java"},{"name":"gherkin_uri","value":"file:///Users/mathumathibalakrishnan/eclipse/Mathumathi_2024/Team2_ChangeMakers_RestAssured/src/test/resources/features/class2.feature"},{"name":"package","value":"src.test.resources.features.class2_feature.Class 2 module"}],"links":[],"name":"Check if admin able to update a Class with invalid enpoint","status":"broken","statusDetails":{"known":false,"muted":false,"flaky":false,"message":"Missing value at 3758 [character 0 line 109]","trace":"org.json.JSONException: Missing value at 3758 [character 0 line 109]\n\tat org.json.JSONTokener.syntaxError(JSONTokener.java:503)\n\tat org.json.JSONTokener.nextSimpleValue(JSONTokener.java:453)\n\tat org.json.JSONObject.<init>(JSONObject.java:223)\n\tat org.json.JSONTokener.nextValue(JSONTokener.java:409)\n\tat org.json.JSONArray.<init>(JSONArray.java:105)\n\tat org.json.JSONTokener.nextValue(JSONTokener.java:416)\n\tat org.json.JSONObject.<init>(JSONObject.java:242)\n\tat org.json.JSONObject.<init>(JSONObject.java:430)\n\tat generics.jsonUtil.getTestData(jsonUtil.java:36)\n\tat generics.jsonUtil.run_all_test_scenarios_from_json_data(jsonUtil.java:48)\n\tat apiActions.class2Actions.setDetailsToUpdateClassInvalidEndpointValidClassID(class2Actions.java:274)\n\tat stepDefinitions.class2Steps.admin_creates_put_request_and_sends_https_request_with_valid_classid_and_invalid_endpoint_for_updateclass(class2Steps.java:343)\n\tat ✽.Admin creates PUT Request and sends HTTPS Request with valid classId and invalid endpoint for updateClass(file:///Users/mathumathibalakrishnan/eclipse/Mathumathi_2024/Team2_ChangeMakers_RestAssured/src/test/resources/features/class2.feature:166)\n"},"stage":"finished","steps":[{"name":"Given Admin sets Authorization for class module","status":"passed","statusDetails":{"known":false,"muted":false,"flaky":false},"stage":"finished","steps":[],"attachments":[],"parameters":[],"start":1732345195331,"stop":1732345195331},{"name":"When Admin creates PUT Request and sends HTTPS Request with valid classId and invalid endpoint for updateClass","status":"broken","statusDetails":{"known":false,"muted":false,"flaky":false,"message":"Missing value at 3758 [character 0 line 109]","trace":"org.json.JSONException: Missing value at 3758 [character 0 line 109]\n\tat org.json.JSONTokener.syntaxError(JSONTokener.java:503)\n\tat org.json.JSONTokener.nextSimpleValue(JSONTokener.java:453)\n\tat org.json.JSONObject.<init>(JSONObject.java:223)\n\tat org.json.JSONTokener.nextValue(JSONTokener.java:409)\n\tat org.json.JSONArray.<init>(JSONArray.java:105)\n\tat org.json.JSONTokener.nextValue(JSONTokener.java:416)\n\tat org.json.JSONObject.<init>(JSONObject.java:242)\n\tat org.json.JSONObject.<init>(JSONObject.java:430)\n\tat generics.jsonUtil.getTestData(jsonUtil.java:36)\n\tat generics.jsonUtil.run_all_test_scenarios_from_json_data(jsonUtil.java:48)\n\tat apiActions.class2Actions.setDetailsToUpdateClassInvalidEndpointValidClassID(class2Actions.java:274)\n\tat stepDefinitions.class2Steps.admin_creates_put_request_and_sends_https_request_with_valid_classid_and_invalid_endpoint_for_updateclass(class2Steps.java:343)\n\tat ✽.Admin creates PUT Request and sends HTTPS Request with valid classId and invalid endpoint for updateClass(file:///Users/mathumathibalakrishnan/eclipse/Mathumathi_2024/Team2_ChangeMakers_RestAssured/src/test/resources/features/class2.feature:166)\n"},"stage":"finished","steps":[],"attachments":[],"parameters":[],"start":1732345195331,"stop":1732345195332},{"name":"Then Admin receives 404 \"Not Found\" Status for updateClass","status":"skipped","statusDetails":{"known":false,"muted":false,"flaky":false},"stage":"finished","steps":[],"attachments":[],"parameters":[],"start":1732345195333,"stop":1732345195333}],"attachments":[],"parameters":[],"start":1732345195329,"stop":1732345195333}