{"uuid":"ff0b563a-a649-419c-96f4-bb9a4d08c055","historyId":"e314330f703b8516b2db3516b3dc0af8","fullName":"src/test/resources/features/02_Program.feature:195","labels":[{"name":"tag","value":"invalidEndPoint"},{"name":"host","value":"Dheenathayalans-MacBook-Air.local"},{"name":"thread","value":"44164@Dheenathayalans-MacBook-Air.local.main(1)"},{"name":"feature","value":"ProgramModule"},{"name":"story","value":"Check if Admin able to retrieve a program by programID with invalid Endpoint"},{"name":"suite","value":"ProgramModule"},{"name":"testClass","value":"Check if Admin able to retrieve a program by programID with invalid Endpoint"},{"name":"framework","value":"cucumber4jvm"},{"name":"language","value":"java"},{"name":"gherkin_uri","value":"file:///Users/mathumathibalakrishnan/eclipse/Mathumathi_2024/Team2_ChangeMakers_RestAssured/src/test/resources/features/02_Program.feature"},{"name":"package","value":"src.test.resources.features.02_Program_feature.ProgramModule"}],"links":[],"name":"Check if Admin able to retrieve a program by programID with invalid Endpoint","status":"failed","statusDetails":{"known":false,"muted":false,"flaky":false,"message":"1 expectation failed.\nExpected status line \"Not Found\" doesn't match actual status line \"HTTP/1.1 404 \".\n","trace":"java.lang.AssertionError: 1 expectation failed.\nExpected status line \"Not Found\" doesn't match actual status line \"HTTP/1.1 404 \".\n\n\tat java.base/jdk.internal.reflect.GeneratedConstructorAccessor78.newInstance(Unknown Source)\n\tat java.base/jdk.internal.reflect.DelegatingConstructorAccessorImpl.newInstance(DelegatingConstructorAccessorImpl.java:45)\n\tat java.base/java.lang.reflect.Constructor.newInstanceWithCaller(Constructor.java:499)\n\tat java.base/java.lang.reflect.Constructor.newInstance(Constructor.java:480)\n\tat org.codehaus.groovy.reflection.CachedConstructor.invoke(CachedConstructor.java:73)\n\tat org.codehaus.groovy.runtime.callsite.ConstructorSite$ConstructorSiteNoUnwrapNoCoerce.callConstructor(ConstructorSite.java:108)\n\tat org.codehaus.groovy.runtime.callsite.AbstractCallSite.callConstructor(AbstractCallSite.java:277)\n\tat io.restassured.internal.ResponseSpecificationImpl$HamcrestAssertionClosure.validate(ResponseSpecificationImpl.groovy:512)\n\tat io.restassured.internal.ResponseSpecificationImpl$HamcrestAssertionClosure$validate$1.call(Unknown Source)\n\tat io.restassured.internal.ResponseSpecificationImpl.validateResponseIfRequired(ResponseSpecificationImpl.groovy:696)\n\tat io.restassured.internal.ResponseSpecificationImpl.this$2$validateResponseIfRequired(ResponseSpecificationImpl.groovy)\n\tat jdk.internal.reflect.GeneratedMethodAccessor201.invoke(Unknown Source)\n\tat java.base/jdk.internal.reflect.DelegatingMethodAccessorImpl.invoke(DelegatingMethodAccessorImpl.java:43)\n\tat java.base/java.lang.reflect.Method.invoke(Method.java:567)\n\tat org.codehaus.groovy.runtime.callsite.PlainObjectMetaMethodSite.doInvoke(PlainObjectMetaMethodSite.java:43)\n\tat org.codehaus.groovy.runtime.callsite.PogoMetaMethodSite$PogoCachedMethodSiteNoUnwrapNoCoerce.invoke(PogoMetaMethodSite.java:198)\n\tat org.codehaus.groovy.runtime.callsite.PogoMetaMethodSite.callCurrent(PogoMetaMethodSite.java:62)\n\tat org.codehaus.groovy.runtime.callsite.AbstractCallSite.callCurrent(AbstractCallSite.java:185)\n\tat io.restassured.internal.ResponseSpecificationImpl.statusLine(ResponseSpecificationImpl.groovy:148)\n\tat io.restassured.specification.ResponseSpecification$statusLine$1.callCurrent(Unknown Source)\n\tat io.restassured.internal.ResponseSpecificationImpl.statusLine(ResponseSpecificationImpl.groovy:263)\n\tat io.restassured.internal.ValidatableResponseOptionsImpl.statusLine(ValidatableResponseOptionsImpl.java:99)\n\tat generics.ApiUtils.validateStatusCode_statusLine_responseTime(ApiUtils.java:32)\n\tat stepDefinitions.ProgramSteps.admin_receives_not_found_status_with_error_message_and_boolean_success_details(ProgramSteps.java:574)\n\tat ✽.Admin receives 404 Not Found Status with error message and boolean success details(file:///Users/mathumathibalakrishnan/eclipse/Mathumathi_2024/Team2_ChangeMakers_RestAssured/src/test/resources/features/02_Program.feature:198)\n"},"stage":"finished","steps":[{"name":"Given  Admin provides valid authentication details","status":"passed","statusDetails":{"known":false,"muted":false,"flaky":false},"stage":"finished","steps":[],"attachments":[],"parameters":[],"start":1732648903619,"stop":1732648903620},{"name":"Given  Admin creates GET Request to retrieve a program by programID for the LMS API","status":"passed","statusDetails":{"known":false,"muted":false,"flaky":false},"stage":"finished","steps":[],"attachments":[],"parameters":[],"start":1732648903620,"stop":1732648903621},{"name":"When  Admin sends HTTPS GET Request with invalid endpoint","status":"passed","statusDetails":{"known":false,"muted":false,"flaky":false},"stage":"finished","steps":[],"attachments":[],"parameters":[],"start":1732648903621,"stop":1732648903716},{"name":"Then  Admin receives 404 Not Found Status with error message and boolean success details","status":"failed","statusDetails":{"known":false,"muted":false,"flaky":false,"message":"1 expectation failed.\nExpected status line \"Not Found\" doesn't match actual status line \"HTTP/1.1 404 \".\n","trace":"java.lang.AssertionError: 1 expectation failed.\nExpected status line \"Not Found\" doesn't match actual status line \"HTTP/1.1 404 \".\n\n\tat java.base/jdk.internal.reflect.GeneratedConstructorAccessor78.newInstance(Unknown Source)\n\tat java.base/jdk.internal.reflect.DelegatingConstructorAccessorImpl.newInstance(DelegatingConstructorAccessorImpl.java:45)\n\tat java.base/java.lang.reflect.Constructor.newInstanceWithCaller(Constructor.java:499)\n\tat java.base/java.lang.reflect.Constructor.newInstance(Constructor.java:480)\n\tat org.codehaus.groovy.reflection.CachedConstructor.invoke(CachedConstructor.java:73)\n\tat org.codehaus.groovy.runtime.callsite.ConstructorSite$ConstructorSiteNoUnwrapNoCoerce.callConstructor(ConstructorSite.java:108)\n\tat org.codehaus.groovy.runtime.callsite.AbstractCallSite.callConstructor(AbstractCallSite.java:277)\n\tat io.restassured.internal.ResponseSpecificationImpl$HamcrestAssertionClosure.validate(ResponseSpecificationImpl.groovy:512)\n\tat io.restassured.internal.ResponseSpecificationImpl$HamcrestAssertionClosure$validate$1.call(Unknown Source)\n\tat io.restassured.internal.ResponseSpecificationImpl.validateResponseIfRequired(ResponseSpecificationImpl.groovy:696)\n\tat io.restassured.internal.ResponseSpecificationImpl.this$2$validateResponseIfRequired(ResponseSpecificationImpl.groovy)\n\tat jdk.internal.reflect.GeneratedMethodAccessor201.invoke(Unknown Source)\n\tat java.base/jdk.internal.reflect.DelegatingMethodAccessorImpl.invoke(DelegatingMethodAccessorImpl.java:43)\n\tat java.base/java.lang.reflect.Method.invoke(Method.java:567)\n\tat org.codehaus.groovy.runtime.callsite.PlainObjectMetaMethodSite.doInvoke(PlainObjectMetaMethodSite.java:43)\n\tat org.codehaus.groovy.runtime.callsite.PogoMetaMethodSite$PogoCachedMethodSiteNoUnwrapNoCoerce.invoke(PogoMetaMethodSite.java:198)\n\tat org.codehaus.groovy.runtime.callsite.PogoMetaMethodSite.callCurrent(PogoMetaMethodSite.java:62)\n\tat org.codehaus.groovy.runtime.callsite.AbstractCallSite.callCurrent(AbstractCallSite.java:185)\n\tat io.restassured.internal.ResponseSpecificationImpl.statusLine(ResponseSpecificationImpl.groovy:148)\n\tat io.restassured.specification.ResponseSpecification$statusLine$1.callCurrent(Unknown Source)\n\tat io.restassured.internal.ResponseSpecificationImpl.statusLine(ResponseSpecificationImpl.groovy:263)\n\tat io.restassured.internal.ValidatableResponseOptionsImpl.statusLine(ValidatableResponseOptionsImpl.java:99)\n\tat generics.ApiUtils.validateStatusCode_statusLine_responseTime(ApiUtils.java:32)\n\tat stepDefinitions.ProgramSteps.admin_receives_not_found_status_with_error_message_and_boolean_success_details(ProgramSteps.java:574)\n\tat ✽.Admin receives 404 Not Found Status with error message and boolean success details(file:///Users/mathumathibalakrishnan/eclipse/Mathumathi_2024/Team2_ChangeMakers_RestAssured/src/test/resources/features/02_Program.feature:198)\n"},"stage":"finished","steps":[],"attachments":[],"parameters":[],"start":1732648903717,"stop":1732648903719}],"attachments":[],"parameters":[],"start":1732648903618,"stop":1732648903719}