<?xml version="1.0" encoding="UTF-8"?>
<testsuite xmlns:xsi="http://www.w3.org/2001/XMLSchema-instance" xsi:noNamespaceSchemaLocation="https://maven.apache.org/surefire/maven-surefire-plugin/xsd/surefire-test-report-3.0.xsd" version="3.0" name="TestSuite" time="9.647" tests="25" errors="0" skipped="0" failures="1">
  <properties>
[...]
</properties>
  <testcase name="runScenario[&quot;Check if Admin able to retrieve all programs with valid Endpoint&quot;, &quot;ProgramModule : positive flow&quot;](1)" classname="apiRunner.TestRunner" time="0.178">
    <system-out><![CDATA[Token is eyJhbGciOiJIUzUxMiJ9.eyJzdWIiOiJzZGV0QGdtYWlsLmNvbSIsImlhdCI6MTczMjI0MTUzMywiZXhwIjoxNzMyMjcwMzMzfQ.yWVXmy48rGT8oaoh28LN_pXgpGDB15BBcuco28_2HM5n1iRGOE9NcZ66eOhcTJ83DHEeb_LKvH4gJ7bC0RENvw
Setting token in Env Variables
[INFO ]2024-11-2121:12:14.476[main]generics.LoggerLoad1]-Executing setup code...
Token is eyJhbGciOiJIUzUxMiJ9.eyJzdWIiOiJzZGV0QGdtYWlsLmNvbSIsImlhdCI6MTczMjI0MTUzNCwiZXhwIjoxNzMyMjcwMzM0fQ.cwuZI-5hJxes3cpkkEQCkuhyb0J7GGhYk64vlC-qTZ5CMJoBU4_0g8WvnDP0OgeWNMvgJ-iscdplj7LSxXU9rA
Setting token in Env Variables
[INFO ]2024-11-2121:12:14.647[main]generics.LoggerLoad1]-Executing setup code...

@GetAllPrograms
Scenario: Check if Admin able to retrieve all programs with valid Endpoint &amp#27;[90m# src/test/resources/features/Program.feature:8&amp#27;[0m
[INFO ]2024-11-2121:12:14.741[main]generics.LoggerLoad1]-Executing some precondition step => Check authentication details
[INFO ]2024-11-2121:12:14.741[main]generics.LoggerLoad1]-User is authenticated!!!
  &amp#27;[32mGiven &amp#27;[0m&amp#27;[32mAdmin provides valid authentication details&amp#27;[0m                        &amp#27;[90m# stepDefinitions.ProgramSteps.admin_provides_valid_authentication_details()&amp#27;[0m
  &amp#27;[32mWhen &amp#27;[0m&amp#27;[32mAdmin creates and executes GET all program Request for the LMS API&amp#27;[0m  &amp#27;[90m# stepDefinitions.ProgramSteps.admin_creates_and_executes_get_all_program_request_for_the_lms_api()&amp#27;[0m
  &amp#27;[32mThen &amp#27;[0m&amp#27;[32mAdmin receives &amp#27;[0m&amp#27;[32m&amp#27;[1m200&amp#27;[0m&amp#27;[32m OK Status with program response body&amp#27;[0m             &amp#27;[90m# stepDefinitions.ProgramSteps.admin_receives_ok_status_with_program_response_body(java.lang.Integer)&amp#27;[0m
]]></system-out>
    <system-err><![CDATA[SLF4J: Failed to load class "org.slf4j.impl.StaticLoggerBinder".
SLF4J: Defaulting to no-operation (NOP) logger implementation
SLF4J: See http://www.slf4j.org/codes.html#StaticLoggerBinder for further details.
]]></system-err>
  </testcase>
  <testcase name="runScenario[&quot;Check if admin able to retrieve all class recording&quot;, &quot;Class 2 module&quot;](2)" classname="apiRunner.TestRunner" time="0.17">
    <system-out><![CDATA[
@GetAllRecordings
Scenario: Check if admin able to retrieve all class recording                               &amp#27;[90m# src/test/resources/features/class2.feature:10&amp#27;[0m
[INFO ]2024-11-2121:12:14.872[main]generics.LoggerLoad1]-Executing some precondition step => Check authentication details
[INFO ]2024-11-2121:12:14.872[main]generics.LoggerLoad1]-User is authenticated!!!
  &amp#27;[32mGiven &amp#27;[0m&amp#27;[32mAdmin sets Authorization for class module&amp#27;[0m                                           &amp#27;[90m# stepDefinitions.class2Steps.admin_sets_authorization_for_class_module()&amp#27;[0m
  &amp#27;[32mWhen &amp#27;[0m&amp#27;[32mAdmin creates GET Request and sends HTTPS Request with endpoint for getAllRecordings&amp#27;[0m &amp#27;[90m# stepDefinitions.class2Steps.admin_creates_get_request_and_sends_https_request_with_endpoint_for_getallrecordings()&amp#27;[0m
[{"csId":38,"classRecordingPath":null},{"csId":48,"classRecordingPath":null},{"csId":51,"classRecordingPath":"video1334142932.mp4"},{"csId":52,"classRecordingPath":"/Users/akshatakanaje/Downloads/video1334142932.mp4"},{"csId":53,"classRecordingPath":"/Users/SamaS/Downloads/video1334142932.mp4"},{"csId":54,"classRecordingPath":"string"},{"csId":42,"classRecordingPath":null},{"csId":55,"classRecordingPath":"C://Recording"},{"csId":56,"classRecordingPath":"https://transcripts.gotomeeting.com/#/s/d1d1254168e0562a7eafbdebe201dacd88e2a5be33dc1db045972c7808099475"},{"csId":57,"classRecordingPath":"https://transcripts.gotomeeting.com/#/s/d1d1254168e0562a7eafbdebe201dacd88e2a5be33dc1db045972c7808099475"},{"csId":58,"classRecordingPath":"https://transcripts.gotomeeting.com/#/s/d1d1254168e0562a7eafbdebe201dacd88e2a5be33dc1db045972c7808099475"},{"csId":59,"classRecordingPath":"https://transcripts.gotomeeting.com/?utm_source=recordingReadyNotification&utm_medium=email#/s/3340bd05252ea34272a4245c70a14f8392d1bda9790d28ae37df98636e9c6451"},{"csId":60,"classRecordingPath":"https://transcripts.gotomeeting.com/?utm_source=recordingReadyNotification&utm_medium=email#/s/3340bd05252ea34272a4245c70a14f8392d1bda9790d28ae37df98636e9c6451"},{"csId":36,"classRecordingPath":"C:\\Recordings"},{"csId":50,"classRecordingPath":"https://www.youtube.com/watch?v=YyB2NGV69xE&list=PLFGoYjJG_fqo4oVsa6l_V-_7-tzBnlulT&index=1"},{"csId":61,"classRecordingPath":"C:\\Recordings"},{"csId":35,"classRecordingPath":"C:\\Recordings"},{"csId":62,"classRecordingPath":"RecordingPath"},{"csId":63,"classRecordingPath":"C:\\Recordings"},{"csId":64,"classRecordingPath":null},{"csId":95,"classRecordingPath":"Rec"},{"csId":96,"classRecordingPath":null},{"csId":97,"classRecordingPath":null},{"csId":98,"classRecordingPath":"D:\\ClassRecording"},{"csId":99,"classRecordingPath":"D://Downloads"},{"csId":100,"classRecordingPath":"E://Mathu"},{"csId":101,"classRecordingPath":"C:\\DanceRecordings"},{"csId":102,"classRecordingPath":"D://Downloads"},{"csId":103,"classRecordingPath":"D://Downloads"}]
Status Code: 200
Mapped Status Text: OK
  &amp#27;[32mThen &amp#27;[0m&amp#27;[32mAdmin receives &amp#27;[0m&amp#27;[32m&amp#27;[1m200&amp#27;[0m&amp#27;[32m &amp#27;[0m&amp#27;[32m&amp#27;[1m"OK"&amp#27;[0m&amp#27;[32m Status for getAllRecordings&amp#27;[0m                                  &amp#27;[90m# stepDefinitions.class2Steps.admin_receives_status_for_getallrecordings(java.lang.Integer,java.lang.String)&amp#27;[0m
]]></system-out>
  </testcase>
  <testcase name="runScenario[&quot;Check if admin able to retrieve all class recording with invalid Endpoint&quot;, &quot;Class 2 module&quot;](3)" classname="apiRunner.TestRunner" time="0.091">
    <system-out><![CDATA[
@GetAllRecordings
Scenario: Check if admin able to retrieve all class recording with invalid Endpoint                 &amp#27;[90m# src/test/resources/features/class2.feature:15&amp#27;[0m
[INFO ]2024-11-2121:12:15.035[main]generics.LoggerLoad1]-Executing some precondition step => Check authentication details
[INFO ]2024-11-2121:12:15.035[main]generics.LoggerLoad1]-User is authenticated!!!
  &amp#27;[32mGiven &amp#27;[0m&amp#27;[32mAdmin sets Authorization for class module&amp#27;[0m                                                   &amp#27;[90m# stepDefinitions.class2Steps.admin_sets_authorization_for_class_module()&amp#27;[0m
  &amp#27;[32mWhen &amp#27;[0m&amp#27;[32mAdmin creates GET Request and sends HTTPS Request with invalid endpoint for getAllRecordings&amp#27;[0m &amp#27;[90m# stepDefinitions.class2Steps.admin_creates_get_request_and_sends_https_request_with_invalid_endpoint_for_getallrecordings()&amp#27;[0m
Invalid endpoint
Status Code: 404
Mapped Status Text: Not Found
  &amp#27;[32mThen &amp#27;[0m&amp#27;[32mAdmin receives &amp#27;[0m&amp#27;[32m&amp#27;[1m404&amp#27;[0m&amp#27;[32m &amp#27;[0m&amp#27;[32m&amp#27;[1m"Not Found"&amp#27;[0m&amp#27;[32m Status for getAllRecordings&amp#27;[0m                                   &amp#27;[90m# stepDefinitions.class2Steps.admin_receives_status_for_getallrecordings(java.lang.Integer,java.lang.String)&amp#27;[0m
]]></system-out>
  </testcase>
  <testcase name="runScenario[&quot;Check if admin able to retrieve all class recording with invalid method&quot;, &quot;Class 2 module&quot;](4)" classname="apiRunner.TestRunner" time="0.088">
    <system-out><![CDATA[
@GetAllRecordings
Scenario: Check if admin able to retrieve all class recording with invalid method                   &amp#27;[90m# src/test/resources/features/class2.feature:20&amp#27;[0m
[INFO ]2024-11-2121:12:15.126[main]generics.LoggerLoad1]-Executing some precondition step => Check authentication details
[INFO ]2024-11-2121:12:15.126[main]generics.LoggerLoad1]-User is authenticated!!!
  &amp#27;[32mGiven &amp#27;[0m&amp#27;[32mAdmin sets Authorization for class module&amp#27;[0m                                                   &amp#27;[90m# stepDefinitions.class2Steps.admin_sets_authorization_for_class_module()&amp#27;[0m
  &amp#27;[32mWhen &amp#27;[0m&amp#27;[32mAdmin creates Other Request and sends HTTPS Request with valid endpoint for getAllRecordings&amp#27;[0m &amp#27;[90m# stepDefinitions.class2Steps.admin_creates_other_request_and_sends_https_request_with_valid_endpoint_for_getallrecordings()&amp#27;[0m
{"message":"Request method 'POST' is not supported","success":false}
Status Code: 405
Mapped Status Text: Method Not Allowed
  &amp#27;[32mThen &amp#27;[0m&amp#27;[32mAdmin receives &amp#27;[0m&amp#27;[32m&amp#27;[1m405&amp#27;[0m&amp#27;[32m &amp#27;[0m&amp#27;[32m&amp#27;[1m"Method Not Allowed"&amp#27;[0m&amp#27;[32m Status for getAllRecordings&amp#27;[0m                          &amp#27;[90m# stepDefinitions.class2Steps.admin_receives_status_for_getallrecordings(java.lang.Integer,java.lang.String)&amp#27;[0m
]]></system-out>
  </testcase>
  <testcase name="runScenario[&quot;Check if admin able to retrieve all class recording without Authorization&quot;, &quot;Class 2 module&quot;](5)" classname="apiRunner.TestRunner" time="0.085">
    <system-out><![CDATA[
@GetAllRecordings
Scenario: Check if admin able to retrieve all class recording without Authorization                                &amp#27;[90m# src/test/resources/features/class2.feature:25&amp#27;[0m
[INFO ]2024-11-2121:12:15.214[main]generics.LoggerLoad1]-Executing some precondition step => Check authentication details
[INFO ]2024-11-2121:12:15.214[main]generics.LoggerLoad1]-User is authenticated!!!
  &amp#27;[32mGiven &amp#27;[0m&amp#27;[32mAdmin sets Authorization for class module&amp#27;[0m                                                                  &amp#27;[90m# stepDefinitions.class2Steps.admin_sets_authorization_for_class_module()&amp#27;[0m
  &amp#27;[32mWhen &amp#27;[0m&amp#27;[32mAdmin creates GET Request and sends HTTPS Request with valid endpoint but without Auth for getAllRecordings&amp#27;[0m &amp#27;[90m# stepDefinitions.class2Steps.admin_creates_get_request_and_sends_https_request_with_valid_endpoint_but_without_auth_for_getallrecordings()&amp#27;[0m

Status Code: 401
Mapped Status Text: Unauthorized
  &amp#27;[32mThen &amp#27;[0m&amp#27;[32mAdmin receives &amp#27;[0m&amp#27;[32m&amp#27;[1m401&amp#27;[0m&amp#27;[32m &amp#27;[0m&amp#27;[32m&amp#27;[1m"Unauthorized"&amp#27;[0m&amp#27;[32m Status for getAllRecordings&amp#27;[0m                                               &amp#27;[90m# stepDefinitions.class2Steps.admin_receives_status_for_getallrecordings(java.lang.Integer,java.lang.String)&amp#27;[0m
]]></system-out>
  </testcase>
  <testcase name="runScenario[&quot;Check if admin able to retrieve class recording  with valid Batchid&quot;, &quot;Class 2 module&quot;](6)" classname="apiRunner.TestRunner" time="0.086">
    <system-out><![CDATA[
@GetClassRecordingsbyBatchId
Scenario: Check if admin able to retrieve class recording  with valid Batchid                          &amp#27;[90m# src/test/resources/features/class2.feature:31&amp#27;[0m
[INFO ]2024-11-2121:12:15.300[main]generics.LoggerLoad1]-Executing some precondition step => Check authentication details
[INFO ]2024-11-2121:12:15.300[main]generics.LoggerLoad1]-User is authenticated!!!
  &amp#27;[32mGiven &amp#27;[0m&amp#27;[32mAdmin sets Authorization for class module&amp#27;[0m                                                      &amp#27;[90m# stepDefinitions.class2Steps.admin_sets_authorization_for_class_module()&amp#27;[0m
  &amp#27;[32mWhen &amp#27;[0m&amp#27;[32mAdmin creates GET Request and sends HTTPS Request with endpoint for getClassRecordingsByBatchID&amp#27;[0m &amp#27;[90m# stepDefinitions.class2Steps.admin_creates_get_request_and_sends_https_request_with_endpoint_for_getClassRecordingsByBatchID()&amp#27;[0m
[{"csId":102,"classRecordingPath":"D://Downloads"}]
Status Code: 200
Mapped Status Text: OK
  &amp#27;[32mThen &amp#27;[0m&amp#27;[32mAdmin receives &amp#27;[0m&amp#27;[32m&amp#27;[1m200&amp#27;[0m&amp#27;[32m &amp#27;[0m&amp#27;[32m&amp#27;[1m"OK"&amp#27;[0m&amp#27;[32m Status for getClassRecordingsByBatchID&amp#27;[0m                                  &amp#27;[90m# stepDefinitions.class2Steps.admin_receives_status_for_getClassRecordingsByBatchID(java.lang.Integer,java.lang.String)&amp#27;[0m
]]></system-out>
  </testcase>
  <testcase name="runScenario[&quot;Check if admin able to retrieve  class recording with invalid Batchid&quot;, &quot;Class 2 module&quot;](7)" classname="apiRunner.TestRunner" time="0.088">
    <system-out><![CDATA[
@GetClassRecordingsbyBatchId
Scenario: Check if admin able to retrieve  class recording with invalid Batchid                               &amp#27;[90m# src/test/resources/features/class2.feature:36&amp#27;[0m
[INFO ]2024-11-2121:12:15.386[main]generics.LoggerLoad1]-Executing some precondition step => Check authentication details
[INFO ]2024-11-2121:12:15.386[main]generics.LoggerLoad1]-User is authenticated!!!
  &amp#27;[32mGiven &amp#27;[0m&amp#27;[32mAdmin sets Authorization for class module&amp#27;[0m                                                             &amp#27;[90m# stepDefinitions.class2Steps.admin_sets_authorization_for_class_module()&amp#27;[0m
  &amp#27;[32mWhen &amp#27;[0m&amp#27;[32mAdmin creates GET Request and sends HTTPS Request with invalid batchID for getClassRecordingsByBatchID&amp#27;[0m &amp#27;[90m# stepDefinitions.class2Steps.admin_creates_get_request_and_sends_https_request_with_invalid_batchID_for_getClassRecordingsByBatchID()&amp#27;[0m
{"message":"Class Recording not found with batchId :100001","success":false}
Status Code: 404
Mapped Status Text: Not Found
  &amp#27;[32mThen &amp#27;[0m&amp#27;[32mAdmin receives &amp#27;[0m&amp#27;[32m&amp#27;[1m404&amp#27;[0m&amp#27;[32m &amp#27;[0m&amp#27;[32m&amp#27;[1m"Not Found"&amp#27;[0m&amp#27;[32m Status for getClassRecordingsByBatchID&amp#27;[0m                                  &amp#27;[90m# stepDefinitions.class2Steps.admin_receives_status_for_getClassRecordingsByBatchID(java.lang.Integer,java.lang.String)&amp#27;[0m
]]></system-out>
  </testcase>
  <testcase name="runScenario[&quot;Check if admin able to retrieve class recording with invalid Endpoint&quot;, &quot;Class 2 module&quot;](8)" classname="apiRunner.TestRunner" time="0.087">
    <system-out><![CDATA[
@GetClassRecordingsbyBatchId
Scenario: Check if admin able to retrieve class recording with invalid Endpoint                                &amp#27;[90m# src/test/resources/features/class2.feature:41&amp#27;[0m
[INFO ]2024-11-2121:12:15.474[main]generics.LoggerLoad1]-Executing some precondition step => Check authentication details
[INFO ]2024-11-2121:12:15.474[main]generics.LoggerLoad1]-User is authenticated!!!
  &amp#27;[32mGiven &amp#27;[0m&amp#27;[32mAdmin sets Authorization for class module&amp#27;[0m                                                              &amp#27;[90m# stepDefinitions.class2Steps.admin_sets_authorization_for_class_module()&amp#27;[0m
  &amp#27;[32mWhen &amp#27;[0m&amp#27;[32mAdmin creates GET Request and sends HTTPS Request with invalid endpoint for getClassRecordingsByBatchID&amp#27;[0m &amp#27;[90m# stepDefinitions.class2Steps.admin_creates_get_request_and_sends_https_request_with_invalid_endpoint_for_getClassRecordingsByBatchID()&amp#27;[0m
Invalid endpoint
Status Code: 404
Mapped Status Text: Not Found
  &amp#27;[32mThen &amp#27;[0m&amp#27;[32mAdmin receives &amp#27;[0m&amp#27;[32m&amp#27;[1m404&amp#27;[0m&amp#27;[32m &amp#27;[0m&amp#27;[32m&amp#27;[1m"Not Found"&amp#27;[0m&amp#27;[32m Status for getClassRecordingsByBatchID&amp#27;[0m                                   &amp#27;[90m# stepDefinitions.class2Steps.admin_receives_status_for_getClassRecordingsByBatchID(java.lang.Integer,java.lang.String)&amp#27;[0m
]]></system-out>
  </testcase>
  <testcase name="runScenario[&quot;Check if admin able to retrieve class recording with invalid method&quot;, &quot;Class 2 module&quot;](9)" classname="apiRunner.TestRunner" time="0.091">
    <system-out><![CDATA[
@GetClassRecordingsbyBatchId
Scenario: Check if admin able to retrieve class recording with invalid method                                  &amp#27;[90m# src/test/resources/features/class2.feature:46&amp#27;[0m
[INFO ]2024-11-2121:12:15.561[main]generics.LoggerLoad1]-Executing some precondition step => Check authentication details
[INFO ]2024-11-2121:12:15.561[main]generics.LoggerLoad1]-User is authenticated!!!
  &amp#27;[32mGiven &amp#27;[0m&amp#27;[32mAdmin sets Authorization for class module&amp#27;[0m                                                              &amp#27;[90m# stepDefinitions.class2Steps.admin_sets_authorization_for_class_module()&amp#27;[0m
  &amp#27;[32mWhen &amp#27;[0m&amp#27;[32mAdmin creates Other Request and sends HTTPS Request with valid endpoint for getClassRecordingsByBatchID&amp#27;[0m &amp#27;[90m# stepDefinitions.class2Steps.admin_creates_other_request_and_sends_https_request_with_valid_endpoint_for_getClassRecordingsByBatchID()&amp#27;[0m
{"message":"Request method 'POST' is not supported","success":false}
Status Code: 405
Mapped Status Text: Method Not Allowed
  &amp#27;[32mThen &amp#27;[0m&amp#27;[32mAdmin receives &amp#27;[0m&amp#27;[32m&amp#27;[1m405&amp#27;[0m&amp#27;[32m &amp#27;[0m&amp#27;[32m&amp#27;[1m"Method Not Allowed"&amp#27;[0m&amp#27;[32m Status for getClassRecordingsByBatchID&amp#27;[0m                          &amp#27;[90m# stepDefinitions.class2Steps.admin_receives_status_for_getClassRecordingsByBatchID(java.lang.Integer,java.lang.String)&amp#27;[0m
]]></system-out>
  </testcase>
  <testcase name="runScenario[&quot;Check if admin able to retrieve  class recording without Authorization&quot;, &quot;Class 2 module&quot;](10)" classname="apiRunner.TestRunner" time="0.086">
    <system-out><![CDATA[
@GetClassRecordingsbyBatchId
Scenario: Check if admin able to retrieve  class recording without Authorization                                              &amp#27;[90m# src/test/resources/features/class2.feature:51&amp#27;[0m
[INFO ]2024-11-2121:12:15.650[main]generics.LoggerLoad1]-Executing some precondition step => Check authentication details
[INFO ]2024-11-2121:12:15.650[main]generics.LoggerLoad1]-User is authenticated!!!
  &amp#27;[32mGiven &amp#27;[0m&amp#27;[32mAdmin sets Authorization for class module&amp#27;[0m                                                                             &amp#27;[90m# stepDefinitions.class2Steps.admin_sets_authorization_for_class_module()&amp#27;[0m
  &amp#27;[32mWhen &amp#27;[0m&amp#27;[32mAdmin creates GET Request and sends HTTPS Request with valid endpoint but without Auth for getClassRecordingsByBatchID&amp#27;[0m &amp#27;[90m# stepDefinitions.class2Steps.admin_creates_get_request_and_sends_https_request_with_valid_endpoint_but_without_auth_for_getClassRecordingsByBatchID()&amp#27;[0m

Status Code: 401
Mapped Status Text: Unauthorized
  &amp#27;[32mThen &amp#27;[0m&amp#27;[32mAdmin receives &amp#27;[0m&amp#27;[32m&amp#27;[1m401&amp#27;[0m&amp#27;[32m &amp#27;[0m&amp#27;[32m&amp#27;[1m"Unauthorized"&amp#27;[0m&amp#27;[32m Status for getClassRecordingsByBatchID&amp#27;[0m                                               &amp#27;[90m# stepDefinitions.class2Steps.admin_receives_status_for_getClassRecordingsByBatchID(java.lang.Integer,java.lang.String)&amp#27;[0m
]]></system-out>
  </testcase>
  <testcase name="runScenario[&quot;Check if admin able to retrieve class recording  with valid ClassID&quot;, &quot;Class 2 module&quot;](11)" classname="apiRunner.TestRunner" time="0.09">
    <system-out><![CDATA[
@GetClassRecordingsbyClassId
Scenario: Check if admin able to retrieve class recording  with valid ClassID                          &amp#27;[90m# src/test/resources/features/class2.feature:57&amp#27;[0m
[INFO ]2024-11-2121:12:15.736[main]generics.LoggerLoad1]-Executing some precondition step => Check authentication details
[INFO ]2024-11-2121:12:15.736[main]generics.LoggerLoad1]-User is authenticated!!!
  &amp#27;[32mGiven &amp#27;[0m&amp#27;[32mAdmin sets Authorization for class module&amp#27;[0m                                                      &amp#27;[90m# stepDefinitions.class2Steps.admin_sets_authorization_for_class_module()&amp#27;[0m
  &amp#27;[32mWhen &amp#27;[0m&amp#27;[32mAdmin creates GET Request and sends HTTPS Request with endpoint for getClassRecordingsByClassID&amp#27;[0m &amp#27;[90m# stepDefinitions.class2Steps.admin_creates_get_request_and_sends_https_request_with_endpoint_for_getClassRecordingsByClassID()&amp#27;[0m
{"csId":63,"classRecordingPath":"C:\\Recordings"}
Status Code: 200
Mapped Status Text: OK
  &amp#27;[32mThen &amp#27;[0m&amp#27;[32mAdmin receives &amp#27;[0m&amp#27;[32m&amp#27;[1m200&amp#27;[0m&amp#27;[32m &amp#27;[0m&amp#27;[32m&amp#27;[1m"OK"&amp#27;[0m&amp#27;[32m Status for getClassRecordingsByClassID&amp#27;[0m                                  &amp#27;[90m# stepDefinitions.class2Steps.admin_receives_status_for_getClassRecordingsByClassID(java.lang.Integer,java.lang.String)&amp#27;[0m
]]></system-out>
  </testcase>
  <testcase name="runScenario[&quot;Check if admin able to retrieve  class recording with invalid ClassID&quot;, &quot;Class 2 module&quot;](12)" classname="apiRunner.TestRunner" time="0.225">
    <system-out><![CDATA[
@GetClassRecordingsbyClassId
Scenario: Check if admin able to retrieve  class recording with invalid ClassID                               &amp#27;[90m# src/test/resources/features/class2.feature:62&amp#27;[0m
[INFO ]2024-11-2121:12:15.827[main]generics.LoggerLoad1]-Executing some precondition step => Check authentication details
[INFO ]2024-11-2121:12:15.827[main]generics.LoggerLoad1]-User is authenticated!!!
  &amp#27;[32mGiven &amp#27;[0m&amp#27;[32mAdmin sets Authorization for class module&amp#27;[0m                                                             &amp#27;[90m# stepDefinitions.class2Steps.admin_sets_authorization_for_class_module()&amp#27;[0m
  &amp#27;[32mWhen &amp#27;[0m&amp#27;[32mAdmin creates GET Request and sends HTTPS Request with invalid batchID for getClassRecordingsByClassID&amp#27;[0m &amp#27;[90m# stepDefinitions.class2Steps.admin_creates_get_request_and_sends_https_request_with_invalid_batchID_for_getClassRecordingsByClassID()&amp#27;[0m
{"message":"Class not found with Id : 100001 ","success":false}
Status Code: 404
Mapped Status Text: Not Found
  &amp#27;[32mThen &amp#27;[0m&amp#27;[32mAdmin receives &amp#27;[0m&amp#27;[32m&amp#27;[1m404&amp#27;[0m&amp#27;[32m &amp#27;[0m&amp#27;[32m&amp#27;[1m"Not Found"&amp#27;[0m&amp#27;[32m Status for getClassRecordingsByClassID&amp#27;[0m                                  &amp#27;[90m# stepDefinitions.class2Steps.admin_receives_status_for_getClassRecordingsByClassID(java.lang.Integer,java.lang.String)&amp#27;[0m
]]></system-out>
  </testcase>
  <testcase name="runScenario[&quot;Check if admin able to retrieve class recording with invalid Endpoint&quot;, &quot;Class 2 module&quot;](13)" classname="apiRunner.TestRunner" time="0.095">
    <system-out><![CDATA[
@GetClassRecordingsbyClassId
Scenario: Check if admin able to retrieve class recording with invalid Endpoint                                &amp#27;[90m# src/test/resources/features/class2.feature:67&amp#27;[0m
[INFO ]2024-11-2121:12:16.055[main]generics.LoggerLoad1]-Executing some precondition step => Check authentication details
[INFO ]2024-11-2121:12:16.056[main]generics.LoggerLoad1]-User is authenticated!!!
  &amp#27;[32mGiven &amp#27;[0m&amp#27;[32mAdmin sets Authorization for class module&amp#27;[0m                                                              &amp#27;[90m# stepDefinitions.class2Steps.admin_sets_authorization_for_class_module()&amp#27;[0m
  &amp#27;[32mWhen &amp#27;[0m&amp#27;[32mAdmin creates GET Request and sends HTTPS Request with invalid endpoint for getClassRecordingsByClassID&amp#27;[0m &amp#27;[90m# stepDefinitions.class2Steps.admin_creates_get_request_and_sends_https_request_with_invalid_endpoint_for_getClassRecordingsByClassID()&amp#27;[0m
Invalid endpoint
Status Code: 404
Mapped Status Text: Not Found
  &amp#27;[32mThen &amp#27;[0m&amp#27;[32mAdmin receives &amp#27;[0m&amp#27;[32m&amp#27;[1m404&amp#27;[0m&amp#27;[32m &amp#27;[0m&amp#27;[32m&amp#27;[1m"Not Found"&amp#27;[0m&amp#27;[32m Status for getClassRecordingsByClassID&amp#27;[0m                                   &amp#27;[90m# stepDefinitions.class2Steps.admin_receives_status_for_getClassRecordingsByClassID(java.lang.Integer,java.lang.String)&amp#27;[0m
]]></system-out>
  </testcase>
  <testcase name="runScenario[&quot;Check if admin able to retrieve class recording with invalid method&quot;, &quot;Class 2 module&quot;](14)" classname="apiRunner.TestRunner" time="0.089">
    <system-out><![CDATA[
@GetClassRecordingsbyClassId
Scenario: Check if admin able to retrieve class recording with invalid method                                  &amp#27;[90m# src/test/resources/features/class2.feature:72&amp#27;[0m
[INFO ]2024-11-2121:12:16.149[main]generics.LoggerLoad1]-Executing some precondition step => Check authentication details
[INFO ]2024-11-2121:12:16.149[main]generics.LoggerLoad1]-User is authenticated!!!
  &amp#27;[32mGiven &amp#27;[0m&amp#27;[32mAdmin sets Authorization for class module&amp#27;[0m                                                              &amp#27;[90m# stepDefinitions.class2Steps.admin_sets_authorization_for_class_module()&amp#27;[0m
  &amp#27;[32mWhen &amp#27;[0m&amp#27;[32mAdmin creates Other Request and sends HTTPS Request with valid endpoint for getClassRecordingsByClassID&amp#27;[0m &amp#27;[90m# stepDefinitions.class2Steps.admin_creates_other_request_and_sends_https_request_with_valid_endpoint_for_getClassRecordingsByClassID()&amp#27;[0m
{"message":"Request method 'POST' is not supported","success":false}
Status Code: 405
Mapped Status Text: Method Not Allowed
  &amp#27;[32mThen &amp#27;[0m&amp#27;[32mAdmin receives &amp#27;[0m&amp#27;[32m&amp#27;[1m405&amp#27;[0m&amp#27;[32m &amp#27;[0m&amp#27;[32m&amp#27;[1m"Method Not Allowed"&amp#27;[0m&amp#27;[32m Status for getClassRecordingsByClassID&amp#27;[0m                          &amp#27;[90m# stepDefinitions.class2Steps.admin_receives_status_for_getClassRecordingsByClassID(java.lang.Integer,java.lang.String)&amp#27;[0m
]]></system-out>
  </testcase>
  <testcase name="runScenario[&quot;Check if admin able to retrieve  class recording without Authorization&quot;, &quot;Class 2 module&quot;](15)" classname="apiRunner.TestRunner" time="0.098">
    <system-out><![CDATA[
@GetClassRecordingsbyClassId
Scenario: Check if admin able to retrieve  class recording without Authorization                                              &amp#27;[90m# src/test/resources/features/class2.feature:77&amp#27;[0m
[INFO ]2024-11-2121:12:16.237[main]generics.LoggerLoad1]-Executing some precondition step => Check authentication details
[INFO ]2024-11-2121:12:16.237[main]generics.LoggerLoad1]-User is authenticated!!!
  &amp#27;[32mGiven &amp#27;[0m&amp#27;[32mAdmin sets Authorization for class module&amp#27;[0m                                                                             &amp#27;[90m# stepDefinitions.class2Steps.admin_sets_authorization_for_class_module()&amp#27;[0m
  &amp#27;[32mWhen &amp#27;[0m&amp#27;[32mAdmin creates GET Request and sends HTTPS Request with valid endpoint but without Auth for getClassRecordingsByClassID&amp#27;[0m &amp#27;[90m# stepDefinitions.class2Steps.admin_creates_get_request_and_sends_https_request_with_valid_endpoint_but_without_auth_for_getClassRecordingsByClassID()&amp#27;[0m

Status Code: 401
Mapped Status Text: Unauthorized
  &amp#27;[32mThen &amp#27;[0m&amp#27;[32mAdmin receives &amp#27;[0m&amp#27;[32m&amp#27;[1m401&amp#27;[0m&amp#27;[32m &amp#27;[0m&amp#27;[32m&amp#27;[1m"Unauthorized"&amp#27;[0m&amp#27;[32m Status for getClassRecordingsByClassID&amp#27;[0m                                               &amp#27;[90m# stepDefinitions.class2Steps.admin_receives_status_for_getClassRecordingsByClassID(java.lang.Integer,java.lang.String)&amp#27;[0m
]]></system-out>
  </testcase>
  <testcase name="runScenario[&quot;Check if admin able to retrieve class recording  with valid ClassID&quot;, &quot;Class 2 module&quot;](16)" classname="apiRunner.TestRunner" time="0.08">
    <system-out><![CDATA[
@GetClassRecordingsbyClassId2
Scenario: Check if admin able to retrieve class recording  with valid ClassID                           &amp#27;[90m# src/test/resources/features/class2.feature:83&amp#27;[0m
[INFO ]2024-11-2121:12:16.336[main]generics.LoggerLoad1]-Executing some precondition step => Check authentication details
[INFO ]2024-11-2121:12:16.336[main]generics.LoggerLoad1]-User is authenticated!!!
  &amp#27;[32mGiven &amp#27;[0m&amp#27;[32mAdmin sets Authorization for class module&amp#27;[0m                                                       &amp#27;[90m# stepDefinitions.class2Steps.admin_sets_authorization_for_class_module()&amp#27;[0m
  &amp#27;[32mWhen &amp#27;[0m&amp#27;[32mAdmin creates GET Request and sends HTTPS Request with endpoint for getClassRecordingsByClassID2&amp#27;[0m &amp#27;[90m# stepDefinitions.class2Steps.admin_creates_get_request_and_sends_https_request_with_endpoint_for_getClassRecordingsByClassID2()&amp#27;[0m
{"csId":63,"classRecordingPath":"C:\\Recordings"}
Status Code: 200
Mapped Status Text: OK
  &amp#27;[32mThen &amp#27;[0m&amp#27;[32mAdmin receives &amp#27;[0m&amp#27;[32m&amp#27;[1m200&amp#27;[0m&amp#27;[32m &amp#27;[0m&amp#27;[32m&amp#27;[1m"OK"&amp#27;[0m&amp#27;[32m Status for getClassRecordingsByClassID2&amp#27;[0m                                  &amp#27;[90m# stepDefinitions.class2Steps.admin_receives_status_for_getClassRecordingsByClassID2(java.lang.Integer,java.lang.String)&amp#27;[0m
]]></system-out>
  </testcase>
  <testcase name="runScenario[&quot;Check if admin able to retrieve  class recording with invalid ClassID&quot;, &quot;Class 2 module&quot;](17)" classname="apiRunner.TestRunner" time="0.097">
    <system-out><![CDATA[
@GetClassRecordingsbyClassId2
Scenario: Check if admin able to retrieve  class recording with invalid ClassID                                &amp#27;[90m# src/test/resources/features/class2.feature:88&amp#27;[0m
[INFO ]2024-11-2121:12:16.415[main]generics.LoggerLoad1]-Executing some precondition step => Check authentication details
[INFO ]2024-11-2121:12:16.415[main]generics.LoggerLoad1]-User is authenticated!!!
  &amp#27;[32mGiven &amp#27;[0m&amp#27;[32mAdmin sets Authorization for class module&amp#27;[0m                                                              &amp#27;[90m# stepDefinitions.class2Steps.admin_sets_authorization_for_class_module()&amp#27;[0m
  &amp#27;[32mWhen &amp#27;[0m&amp#27;[32mAdmin creates GET Request and sends HTTPS Request with invalid batchID for getClassRecordingsByClassID2&amp#27;[0m &amp#27;[90m# stepDefinitions.class2Steps.admin_creates_get_request_and_sends_https_request_with_invalid_batchID_for_getClassRecordingsByClassID2()&amp#27;[0m
{"message":"Class not found with Id : 100001 ","success":false}
Status Code: 404
Mapped Status Text: Not Found
  &amp#27;[32mThen &amp#27;[0m&amp#27;[32mAdmin receives &amp#27;[0m&amp#27;[32m&amp#27;[1m404&amp#27;[0m&amp#27;[32m &amp#27;[0m&amp#27;[32m&amp#27;[1m"Not Found"&amp#27;[0m&amp#27;[32m Status for getClassRecordingsByClassID2&amp#27;[0m                                  &amp#27;[90m# stepDefinitions.class2Steps.admin_receives_status_for_getClassRecordingsByClassID2(java.lang.Integer,java.lang.String)&amp#27;[0m
]]></system-out>
  </testcase>
  <testcase name="runScenario[&quot;Check if admin able to retrieve class recording with invalid Endpoint&quot;, &quot;Class 2 module&quot;](18)" classname="apiRunner.TestRunner" time="0.086">
    <system-out><![CDATA[
@GetClassRecordingsbyClassId2
Scenario: Check if admin able to retrieve class recording with invalid Endpoint                                 &amp#27;[90m# src/test/resources/features/class2.feature:93&amp#27;[0m
[INFO ]2024-11-2121:12:16.518[main]generics.LoggerLoad1]-Executing some precondition step => Check authentication details
[INFO ]2024-11-2121:12:16.518[main]generics.LoggerLoad1]-User is authenticated!!!
  &amp#27;[32mGiven &amp#27;[0m&amp#27;[32mAdmin sets Authorization for class module&amp#27;[0m                                                               &amp#27;[90m# stepDefinitions.class2Steps.admin_sets_authorization_for_class_module()&amp#27;[0m
  &amp#27;[32mWhen &amp#27;[0m&amp#27;[32mAdmin creates GET Request and sends HTTPS Request with invalid endpoint for getClassRecordingsByClassID2&amp#27;[0m &amp#27;[90m# stepDefinitions.class2Steps.admin_creates_get_request_and_sends_https_request_with_invalid_endpoint_for_getClassRecordingsByClassID2()&amp#27;[0m
Invalid endpoint
Status Code: 404
Mapped Status Text: Not Found
  &amp#27;[32mThen &amp#27;[0m&amp#27;[32mAdmin receives &amp#27;[0m&amp#27;[32m&amp#27;[1m404&amp#27;[0m&amp#27;[32m &amp#27;[0m&amp#27;[32m&amp#27;[1m"Not Found"&amp#27;[0m&amp#27;[32m Status for getClassRecordingsByClassID2&amp#27;[0m                                   &amp#27;[90m# stepDefinitions.class2Steps.admin_receives_status_for_getClassRecordingsByClassID2(java.lang.Integer,java.lang.String)&amp#27;[0m
]]></system-out>
  </testcase>
  <testcase name="runScenario[&quot;Check if admin able to retrieve class recording with invalid method&quot;, &quot;Class 2 module&quot;](19)" classname="apiRunner.TestRunner" time="0.1">
    <system-out><![CDATA[
@GetClassRecordingsbyClassId2
Scenario: Check if admin able to retrieve class recording with invalid method                                   &amp#27;[90m# src/test/resources/features/class2.feature:98&amp#27;[0m
[INFO ]2024-11-2121:12:16.598[main]generics.LoggerLoad1]-Executing some precondition step => Check authentication details
[INFO ]2024-11-2121:12:16.598[main]generics.LoggerLoad1]-User is authenticated!!!
  &amp#27;[32mGiven &amp#27;[0m&amp#27;[32mAdmin sets Authorization for class module&amp#27;[0m                                                               &amp#27;[90m# stepDefinitions.class2Steps.admin_sets_authorization_for_class_module()&amp#27;[0m
  &amp#27;[32mWhen &amp#27;[0m&amp#27;[32mAdmin creates Other Request and sends HTTPS Request with valid endpoint for getClassRecordingsByClassID2&amp#27;[0m &amp#27;[90m# stepDefinitions.class2Steps.admin_creates_other_request_and_sends_https_request_with_valid_endpoint_for_getClassRecordingsByClassID2()&amp#27;[0m
{"message":"Request method 'POST' is not supported","success":false}
Status Code: 405
Mapped Status Text: Method Not Allowed
  &amp#27;[32mThen &amp#27;[0m&amp#27;[32mAdmin receives &amp#27;[0m&amp#27;[32m&amp#27;[1m405&amp#27;[0m&amp#27;[32m &amp#27;[0m&amp#27;[32m&amp#27;[1m"Method Not Allowed"&amp#27;[0m&amp#27;[32m Status for getClassRecordingsByClassID2&amp#27;[0m                          &amp#27;[90m# stepDefinitions.class2Steps.admin_receives_status_for_getClassRecordingsByClassID2(java.lang.Integer,java.lang.String)&amp#27;[0m
]]></system-out>
  </testcase>
  <testcase name="runScenario[&quot;Check if admin able to retrieve  class recording without Authorization&quot;, &quot;Class 2 module&quot;](20)" classname="apiRunner.TestRunner" time="0.088">
    <system-out><![CDATA[
@GetClassRecordingsbyClassId2
Scenario: Check if admin able to retrieve  class recording without Authorization                                               &amp#27;[90m# src/test/resources/features/class2.feature:103&amp#27;[0m
[INFO ]2024-11-2121:12:16.699[main]generics.LoggerLoad1]-Executing some precondition step => Check authentication details
[INFO ]2024-11-2121:12:16.699[main]generics.LoggerLoad1]-User is authenticated!!!
  &amp#27;[32mGiven &amp#27;[0m&amp#27;[32mAdmin sets Authorization for class module&amp#27;[0m                                                                              &amp#27;[90m# stepDefinitions.class2Steps.admin_sets_authorization_for_class_module()&amp#27;[0m
  &amp#27;[32mWhen &amp#27;[0m&amp#27;[32mAdmin creates GET Request and sends HTTPS Request with valid endpoint but without Auth for getClassRecordingsByClassID2&amp#27;[0m &amp#27;[90m# stepDefinitions.class2Steps.admin_creates_get_request_and_sends_https_request_with_valid_endpoint_but_without_auth_for_getClassRecordingsByClassID2()&amp#27;[0m

Status Code: 401
Mapped Status Text: Unauthorized
  &amp#27;[32mThen &amp#27;[0m&amp#27;[32mAdmin receives &amp#27;[0m&amp#27;[32m&amp#27;[1m401&amp#27;[0m&amp#27;[32m &amp#27;[0m&amp#27;[32m&amp#27;[1m"Unauthorized"&amp#27;[0m&amp#27;[32m Status for getClassRecordingsByClassID2&amp#27;[0m                                               &amp#27;[90m# stepDefinitions.class2Steps.admin_receives_status_for_getClassRecordingsByClassID2(java.lang.Integer,java.lang.String)&amp#27;[0m
]]></system-out>
  </testcase>
  <testcase name="runScenario[&quot;Check if admin able to retrieve upcoming classes with valid studentID&quot;, &quot;Class 2 module&quot;](21)" classname="apiRunner.TestRunner" time="0.09">
    <system-out><![CDATA[
@GetUpcomingClasses
Scenario: Check if admin able to retrieve upcoming classes with valid studentID               &amp#27;[90m# src/test/resources/features/class2.feature:109&amp#27;[0m
[INFO ]2024-11-2121:12:16.788[main]generics.LoggerLoad1]-Executing some precondition step => Check authentication details
[INFO ]2024-11-2121:12:16.788[main]generics.LoggerLoad1]-User is authenticated!!!
  &amp#27;[32mGiven &amp#27;[0m&amp#27;[32mAdmin sets Authorization for class module&amp#27;[0m                                             &amp#27;[90m# stepDefinitions.class2Steps.admin_sets_authorization_for_class_module()&amp#27;[0m
  &amp#27;[32mWhen &amp#27;[0m&amp#27;[32mAdmin creates GET Request and sends HTTPS Request with endpoint for getUpcomingClasses&amp#27;[0m &amp#27;[90m# stepDefinitions.class2Steps.admin_creates_get_request_and_sends_https_request_with_endpoint_for_getUpcomingClasses()&amp#27;[0m
[{"csId":63,"batchId":8432,"classNo":6,"classDate":"2024-12-01T00:00:00.000+00:00","classTopic":"Basics of AWS","classStatus":"Inactive","classStaffId":"U49","classDescription":"class desc","classComments":"comments","classNotes":"C:\\Classnotes","classRecordingPath":"C:\\Recordings","batchName":"DVLPR-0001","classScheduledDates":["2024-12-01T00:00:00.000+00:00","2024-12-02T00:00:00.000+00:00","2024-12-03T00:00:00.000+00:00","2024-12-04T00:00:00.000+00:00","2024-12-05T00:00:00.000+00:00","2024-12-06T00:00:00.000+00:00"]}]
Status Code: 200
Mapped Status Text: OK
  &amp#27;[32mThen &amp#27;[0m&amp#27;[32mAdmin receives &amp#27;[0m&amp#27;[32m&amp#27;[1m200&amp#27;[0m&amp#27;[32m &amp#27;[0m&amp#27;[32m&amp#27;[1m"OK"&amp#27;[0m&amp#27;[32m Status for getUpcomingClasses&amp#27;[0m                                  &amp#27;[90m# stepDefinitions.class2Steps.admin_receives_status_for_getUpcomingClasses(java.lang.Integer,java.lang.String)&amp#27;[0m
]]></system-out>
  </testcase>
  <testcase name="runScenario[&quot;Check if admin able to retrieve upcoming classes with invalid studentID&quot;, &quot;Class 2 module&quot;](22)" classname="apiRunner.TestRunner" time="0.213">
    <failure message="expected [404] but found [200]" type="java.lang.AssertionError"><![CDATA[java.lang.AssertionError: expected [404] but found [200]
	at org.testng.Assert.fail(Assert.java:111)
	at org.testng.Assert.failNotEquals(Assert.java:1578)
	at org.testng.Assert.assertEqualsImpl(Assert.java:150)
	at org.testng.Assert.assertEquals(Assert.java:132)
	at org.testng.Assert.assertEquals(Assert.java:1419)
	at org.testng.Assert.assertEquals(Assert.java:1383)
	at org.testng.Assert.assertEquals(Assert.java:1429)
	at generics.ApiUtils.validateStatusCode(ApiUtils.java:27)
	at stepDefinitions.class2Steps.admin_receives_status_for_getUpcomingClasses(class2Steps.java:313)
	at ✽.Admin receives 404 "Not Found" Status for getUpcomingClasses(file:///Users/mathumathibalakrishnan/eclipse/Mathumathi_2024/Team2_ChangeMakers_RestAssured/src/test/resources/features/class2.feature:116)
]]></failure>
    <system-out><![CDATA[
@GetUpcomingClasses
Scenario: Check if admin able to retrieve upcoming classes with invalid studentID                      &amp#27;[90m# src/test/resources/features/class2.feature:114&amp#27;[0m
[INFO ]2024-11-2121:12:16.879[main]generics.LoggerLoad1]-Executing some precondition step => Check authentication details
[INFO ]2024-11-2121:12:16.879[main]generics.LoggerLoad1]-User is authenticated!!!
  &amp#27;[32mGiven &amp#27;[0m&amp#27;[32mAdmin sets Authorization for class module&amp#27;[0m                                                      &amp#27;[90m# stepDefinitions.class2Steps.admin_sets_authorization_for_class_module()&amp#27;[0m
  &amp#27;[32mWhen &amp#27;[0m&amp#27;[32mAdmin creates GET Request and sends HTTPS Request with invalid studentID for getUpcomingClasses&amp#27;[0m &amp#27;[90m# stepDefinitions.class2Steps.admin_creates_get_request_and_sends_https_request_with_invalid_studentID_for_getUpcomingClasses()&amp#27;[0m
[]
  &amp#27;[31mThen &amp#27;[0m&amp#27;[31mAdmin receives &amp#27;[0m&amp#27;[31m&amp#27;[1m404&amp#27;[0m&amp#27;[31m &amp#27;[0m&amp#27;[31m&amp#27;[1m"Not Found"&amp#27;[0m&amp#27;[31m Status for getUpcomingClasses&amp#27;[0m                                    &amp#27;[90m# stepDefinitions.class2Steps.admin_receives_status_for_getUpcomingClasses(java.lang.Integer,java.lang.String)&amp#27;[0m
      &amp#27;[31mjava.lang.AssertionError: expected [404] but found [200]
	at org.testng.Assert.fail(Assert.java:111)
	at org.testng.Assert.failNotEquals(Assert.java:1578)
	at org.testng.Assert.assertEqualsImpl(Assert.java:150)
	at org.testng.Assert.assertEquals(Assert.java:132)
	at org.testng.Assert.assertEquals(Assert.java:1419)
	at org.testng.Assert.assertEquals(Assert.java:1383)
	at org.testng.Assert.assertEquals(Assert.java:1429)
	at generics.ApiUtils.validateStatusCode(ApiUtils.java:27)
	at stepDefinitions.class2Steps.admin_receives_status_for_getUpcomingClasses(class2Steps.java:313)
	at ✽.Admin receives 404 "Not Found" Status for getUpcomingClasses(file:///Users/mathumathibalakrishnan/eclipse/Mathumathi_2024/Team2_ChangeMakers_RestAssured/src/test/resources/features/class2.feature:116)
&amp#27;[0m
]]></system-out>
  </testcase>
  <testcase name="runScenario[&quot;Check if admin able to retrieve upcoming classes with invalid Endpoint&quot;, &quot;Class 2 module&quot;](23)" classname="apiRunner.TestRunner" time="0.097">
    <system-out><![CDATA[
@GetUpcomingClasses
Scenario: Check if admin able to retrieve upcoming classes with invalid Endpoint                      &amp#27;[90m# src/test/resources/features/class2.feature:119&amp#27;[0m
[INFO ]2024-11-2121:12:17.094[main]generics.LoggerLoad1]-Executing some precondition step => Check authentication details
[INFO ]2024-11-2121:12:17.094[main]generics.LoggerLoad1]-User is authenticated!!!
  &amp#27;[32mGiven &amp#27;[0m&amp#27;[32mAdmin sets Authorization for class module&amp#27;[0m                                                     &amp#27;[90m# stepDefinitions.class2Steps.admin_sets_authorization_for_class_module()&amp#27;[0m
  &amp#27;[32mWhen &amp#27;[0m&amp#27;[32mAdmin creates GET Request and sends HTTPS Request with invalid endpoint for getUpcomingClasses&amp#27;[0m &amp#27;[90m# stepDefinitions.class2Steps.admin_creates_get_request_and_sends_https_request_with_invalid_endpoint_for_getUpcomingClasses()&amp#27;[0m
Invalid endpoint
Status Code: 404
Mapped Status Text: Not Found
  &amp#27;[32mThen &amp#27;[0m&amp#27;[32mAdmin receives &amp#27;[0m&amp#27;[32m&amp#27;[1m404&amp#27;[0m&amp#27;[32m &amp#27;[0m&amp#27;[32m&amp#27;[1m"Not Found"&amp#27;[0m&amp#27;[32m Status for getUpcomingClasses&amp#27;[0m                                   &amp#27;[90m# stepDefinitions.class2Steps.admin_receives_status_for_getUpcomingClasses(java.lang.Integer,java.lang.String)&amp#27;[0m
]]></system-out>
  </testcase>
  <testcase name="runScenario[&quot;Check if admin able to retrieve upcoming classes with invalid method&quot;, &quot;Class 2 module&quot;](24)" classname="apiRunner.TestRunner" time="0.094">
    <system-out><![CDATA[
@GetUpcomingClasses
Scenario: Check if admin able to retrieve upcoming classes with invalid method                        &amp#27;[90m# src/test/resources/features/class2.feature:124&amp#27;[0m
[INFO ]2024-11-2121:12:17.191[main]generics.LoggerLoad1]-Executing some precondition step => Check authentication details
[INFO ]2024-11-2121:12:17.191[main]generics.LoggerLoad1]-User is authenticated!!!
  &amp#27;[32mGiven &amp#27;[0m&amp#27;[32mAdmin sets Authorization for class module&amp#27;[0m                                                     &amp#27;[90m# stepDefinitions.class2Steps.admin_sets_authorization_for_class_module()&amp#27;[0m
  &amp#27;[32mWhen &amp#27;[0m&amp#27;[32mAdmin creates Other Request and sends HTTPS Request with valid endpoint for getUpcomingClasses&amp#27;[0m &amp#27;[90m# stepDefinitions.class2Steps.admin_creates_other_request_and_sends_https_request_with_valid_endpoint_for_getUpcomingClasses()&amp#27;[0m
{"message":"Request method 'POST' is not supported","success":false}
Status Code: 405
Mapped Status Text: Method Not Allowed
  &amp#27;[32mThen &amp#27;[0m&amp#27;[32mAdmin receives &amp#27;[0m&amp#27;[32m&amp#27;[1m405&amp#27;[0m&amp#27;[32m &amp#27;[0m&amp#27;[32m&amp#27;[1m"Method Not Allowed"&amp#27;[0m&amp#27;[32m Status for getUpcomingClasses&amp#27;[0m                          &amp#27;[90m# stepDefinitions.class2Steps.admin_receives_status_for_getUpcomingClasses(java.lang.Integer,java.lang.String)&amp#27;[0m
]]></system-out>
  </testcase>
  <testcase name="runScenario[&quot;Check if admin able to retrieve upcoming classes without Authorization&quot;, &quot;Class 2 module&quot;](25)" classname="apiRunner.TestRunner" time="0.087">
    <system-out><![CDATA[
@GetUpcomingClasses
Scenario: Check if admin able to retrieve upcoming classes without Authorization                                     &amp#27;[90m# src/test/resources/features/class2.feature:129&amp#27;[0m
[INFO ]2024-11-2121:12:17.284[main]generics.LoggerLoad1]-Executing some precondition step => Check authentication details
[INFO ]2024-11-2121:12:17.284[main]generics.LoggerLoad1]-User is authenticated!!!
  &amp#27;[32mGiven &amp#27;[0m&amp#27;[32mAdmin sets Authorization for class module&amp#27;[0m                                                                    &amp#27;[90m# stepDefinitions.class2Steps.admin_sets_authorization_for_class_module()&amp#27;[0m
  &amp#27;[32mWhen &amp#27;[0m&amp#27;[32mAdmin creates GET Request and sends HTTPS Request with valid endpoint but without Auth for getUpcomingClasses&amp#27;[0m &amp#27;[90m# stepDefinitions.class2Steps.admin_creates_get_request_and_sends_https_request_with_valid_endpoint_but_without_auth_for_getUpcomingClasses()&amp#27;[0m

Status Code: 401
Mapped Status Text: Unauthorized
  &amp#27;[32mThen &amp#27;[0m&amp#27;[32mAdmin receives &amp#27;[0m&amp#27;[32m&amp#27;[1m401&amp#27;[0m&amp#27;[32m &amp#27;[0m&amp#27;[32m&amp#27;[1m"Unauthorized"&amp#27;[0m&amp#27;[32m Status for getUpcomingClasses&amp#27;[0m                                               &amp#27;[90m# stepDefinitions.class2Steps.admin_receives_status_for_getUpcomingClasses(java.lang.Integer,java.lang.String)&amp#27;[0m
]]></system-out>
  </testcase>
</testsuite>