<?xml version="1.0" encoding="UTF-8"?>
<testng-results ignored="0" total="25" passed="24" failed="1" skipped="0">
  <reporter-output>
  </reporter-output>
  <suite started-at="2024-11-21T21:12:12 EST" name="Suite" finished-at="2024-11-21T21:12:22 EST" duration-ms="9414">
    <groups>
      <group name="cucumber">
        <method signature="AbstractTestNGCucumberTests.runScenario(io.cucumber.testng.PickleWrapper,io.cucumber.testng.FeatureWrapper)[pri:0, instance:apiRunner.TestRunner@428640fa]" name="runScenario" class="io.cucumber.testng.AbstractTestNGCucumberTests"/>
      </group> <!-- cucumber -->
    </groups>
    <test started-at="2024-11-21T21:12:12 EST" name="LMSAPIRestAssuredTest" finished-at="2024-11-21T21:12:22 EST" duration-ms="9414">
      <class name="apiRunner.TestRunner">
        <test-method is-config="true" signature="setUpClass(org.testng.ITestContext)[pri:0, instance:apiRunner.TestRunner@428640fa]" started-at="2024-11-21T21:12:12 EST" name="setUpClass" finished-at="2024-11-21T21:12:14 EST" duration-ms="1731" status="PASS">
          <params>
            <param index="0">
              <value>
                <![CDATA[org.testng.TestRunner@36109a76]]>
              </value>
            </param>
          </params>
          <reporter-output>
          </reporter-output>
        </test-method> <!-- setUpClass -->
        <test-method signature="runScenario(io.cucumber.testng.PickleWrapper,io.cucumber.testng.FeatureWrapper)[pri:0, instance:apiRunner.TestRunner@428640fa]" started-at="2024-11-21T21:12:14 EST" name="runScenario" description="Runs Cucumber Scenarios" data-provider="scenarios" finished-at="2024-11-21T21:12:14 EST" duration-ms="177" status="PASS">
          <params>
            <param index="0">
              <value>
                <![CDATA["Check if Admin able to retrieve all programs with valid Endpoint"]]>
              </value>
            </param>
            <param index="1">
              <value>
                <![CDATA["ProgramModule : positive flow"]]>
              </value>
            </param>
          </params>
          <reporter-output>
          </reporter-output>
        </test-method> <!-- runScenario -->
        <test-method signature="runScenario(io.cucumber.testng.PickleWrapper,io.cucumber.testng.FeatureWrapper)[pri:0, instance:apiRunner.TestRunner@428640fa]" started-at="2024-11-21T21:12:14 EST" name="runScenario" description="Runs Cucumber Scenarios" data-provider="scenarios" finished-at="2024-11-21T21:12:15 EST" duration-ms="169" status="PASS">
          <params>
            <param index="0">
              <value>
                <![CDATA["Check if admin able to retrieve all class recording"]]>
              </value>
            </param>
            <param index="1">
              <value>
                <![CDATA["Class 2 module"]]>
              </value>
            </param>
          </params>
          <reporter-output>
          </reporter-output>
        </test-method> <!-- runScenario -->
        <test-method signature="runScenario(io.cucumber.testng.PickleWrapper,io.cucumber.testng.FeatureWrapper)[pri:0, instance:apiRunner.TestRunner@428640fa]" started-at="2024-11-21T21:12:15 EST" name="runScenario" description="Runs Cucumber Scenarios" data-provider="scenarios" finished-at="2024-11-21T21:12:15 EST" duration-ms="91" status="PASS">
          <params>
            <param index="0">
              <value>
                <![CDATA["Check if admin able to retrieve all class recording with invalid Endpoint"]]>
              </value>
            </param>
            <param index="1">
              <value>
                <![CDATA["Class 2 module"]]>
              </value>
            </param>
          </params>
          <reporter-output>
          </reporter-output>
        </test-method> <!-- runScenario -->
        <test-method signature="runScenario(io.cucumber.testng.PickleWrapper,io.cucumber.testng.FeatureWrapper)[pri:0, instance:apiRunner.TestRunner@428640fa]" started-at="2024-11-21T21:12:15 EST" name="runScenario" description="Runs Cucumber Scenarios" data-provider="scenarios" finished-at="2024-11-21T21:12:15 EST" duration-ms="89" status="PASS">
          <params>
            <param index="0">
              <value>
                <![CDATA["Check if admin able to retrieve all class recording with invalid method"]]>
              </value>
            </param>
            <param index="1">
              <value>
                <![CDATA["Class 2 module"]]>
              </value>
            </param>
          </params>
          <reporter-output>
          </reporter-output>
        </test-method> <!-- runScenario -->
        <test-method signature="runScenario(io.cucumber.testng.PickleWrapper,io.cucumber.testng.FeatureWrapper)[pri:0, instance:apiRunner.TestRunner@428640fa]" started-at="2024-11-21T21:12:15 EST" name="runScenario" description="Runs Cucumber Scenarios" data-provider="scenarios" finished-at="2024-11-21T21:12:15 EST" duration-ms="86" status="PASS">
          <params>
            <param index="0">
              <value>
                <![CDATA["Check if admin able to retrieve all class recording without Authorization"]]>
              </value>
            </param>
            <param index="1">
              <value>
                <![CDATA["Class 2 module"]]>
              </value>
            </param>
          </params>
          <reporter-output>
          </reporter-output>
        </test-method> <!-- runScenario -->
        <test-method signature="runScenario(io.cucumber.testng.PickleWrapper,io.cucumber.testng.FeatureWrapper)[pri:0, instance:apiRunner.TestRunner@428640fa]" started-at="2024-11-21T21:12:15 EST" name="runScenario" description="Runs Cucumber Scenarios" data-provider="scenarios" finished-at="2024-11-21T21:12:15 EST" duration-ms="87" status="PASS">
          <params>
            <param index="0">
              <value>
                <![CDATA["Check if admin able to retrieve class recording  with valid Batchid"]]>
              </value>
            </param>
            <param index="1">
              <value>
                <![CDATA["Class 2 module"]]>
              </value>
            </param>
          </params>
          <reporter-output>
          </reporter-output>
        </test-method> <!-- runScenario -->
        <test-method signature="runScenario(io.cucumber.testng.PickleWrapper,io.cucumber.testng.FeatureWrapper)[pri:0, instance:apiRunner.TestRunner@428640fa]" started-at="2024-11-21T21:12:15 EST" name="runScenario" description="Runs Cucumber Scenarios" data-provider="scenarios" finished-at="2024-11-21T21:12:15 EST" duration-ms="87" status="PASS">
          <params>
            <param index="0">
              <value>
                <![CDATA["Check if admin able to retrieve  class recording with invalid Batchid"]]>
              </value>
            </param>
            <param index="1">
              <value>
                <![CDATA["Class 2 module"]]>
              </value>
            </param>
          </params>
          <reporter-output>
          </reporter-output>
        </test-method> <!-- runScenario -->
        <test-method signature="runScenario(io.cucumber.testng.PickleWrapper,io.cucumber.testng.FeatureWrapper)[pri:0, instance:apiRunner.TestRunner@428640fa]" started-at="2024-11-21T21:12:15 EST" name="runScenario" description="Runs Cucumber Scenarios" data-provider="scenarios" finished-at="2024-11-21T21:12:15 EST" duration-ms="87" status="PASS">
          <params>
            <param index="0">
              <value>
                <![CDATA["Check if admin able to retrieve class recording with invalid Endpoint"]]>
              </value>
            </param>
            <param index="1">
              <value>
                <![CDATA["Class 2 module"]]>
              </value>
            </param>
          </params>
          <reporter-output>
          </reporter-output>
        </test-method> <!-- runScenario -->
        <test-method signature="runScenario(io.cucumber.testng.PickleWrapper,io.cucumber.testng.FeatureWrapper)[pri:0, instance:apiRunner.TestRunner@428640fa]" started-at="2024-11-21T21:12:15 EST" name="runScenario" description="Runs Cucumber Scenarios" data-provider="scenarios" finished-at="2024-11-21T21:12:15 EST" duration-ms="90" status="PASS">
          <params>
            <param index="0">
              <value>
                <![CDATA["Check if admin able to retrieve class recording with invalid method"]]>
              </value>
            </param>
            <param index="1">
              <value>
                <![CDATA["Class 2 module"]]>
              </value>
            </param>
          </params>
          <reporter-output>
          </reporter-output>
        </test-method> <!-- runScenario -->
        <test-method signature="runScenario(io.cucumber.testng.PickleWrapper,io.cucumber.testng.FeatureWrapper)[pri:0, instance:apiRunner.TestRunner@428640fa]" started-at="2024-11-21T21:12:15 EST" name="runScenario" description="Runs Cucumber Scenarios" data-provider="scenarios" finished-at="2024-11-21T21:12:15 EST" duration-ms="85" status="PASS">
          <params>
            <param index="0">
              <value>
                <![CDATA["Check if admin able to retrieve  class recording without Authorization"]]>
              </value>
            </param>
            <param index="1">
              <value>
                <![CDATA["Class 2 module"]]>
              </value>
            </param>
          </params>
          <reporter-output>
          </reporter-output>
        </test-method> <!-- runScenario -->
        <test-method signature="runScenario(io.cucumber.testng.PickleWrapper,io.cucumber.testng.FeatureWrapper)[pri:0, instance:apiRunner.TestRunner@428640fa]" started-at="2024-11-21T21:12:15 EST" name="runScenario" description="Runs Cucumber Scenarios" data-provider="scenarios" finished-at="2024-11-21T21:12:15 EST" duration-ms="90" status="PASS">
          <params>
            <param index="0">
              <value>
                <![CDATA["Check if admin able to retrieve class recording  with valid ClassID"]]>
              </value>
            </param>
            <param index="1">
              <value>
                <![CDATA["Class 2 module"]]>
              </value>
            </param>
          </params>
          <reporter-output>
          </reporter-output>
        </test-method> <!-- runScenario -->
        <test-method signature="runScenario(io.cucumber.testng.PickleWrapper,io.cucumber.testng.FeatureWrapper)[pri:0, instance:apiRunner.TestRunner@428640fa]" started-at="2024-11-21T21:12:15 EST" name="runScenario" description="Runs Cucumber Scenarios" data-provider="scenarios" finished-at="2024-11-21T21:12:16 EST" duration-ms="224" status="PASS">
          <params>
            <param index="0">
              <value>
                <![CDATA["Check if admin able to retrieve  class recording with invalid ClassID"]]>
              </value>
            </param>
            <param index="1">
              <value>
                <![CDATA["Class 2 module"]]>
              </value>
            </param>
          </params>
          <reporter-output>
          </reporter-output>
        </test-method> <!-- runScenario -->
        <test-method signature="runScenario(io.cucumber.testng.PickleWrapper,io.cucumber.testng.FeatureWrapper)[pri:0, instance:apiRunner.TestRunner@428640fa]" started-at="2024-11-21T21:12:16 EST" name="runScenario" description="Runs Cucumber Scenarios" data-provider="scenarios" finished-at="2024-11-21T21:12:16 EST" duration-ms="96" status="PASS">
          <params>
            <param index="0">
              <value>
                <![CDATA["Check if admin able to retrieve class recording with invalid Endpoint"]]>
              </value>
            </param>
            <param index="1">
              <value>
                <![CDATA["Class 2 module"]]>
              </value>
            </param>
          </params>
          <reporter-output>
          </reporter-output>
        </test-method> <!-- runScenario -->
        <test-method signature="runScenario(io.cucumber.testng.PickleWrapper,io.cucumber.testng.FeatureWrapper)[pri:0, instance:apiRunner.TestRunner@428640fa]" started-at="2024-11-21T21:12:16 EST" name="runScenario" description="Runs Cucumber Scenarios" data-provider="scenarios" finished-at="2024-11-21T21:12:16 EST" duration-ms="89" status="PASS">
          <params>
            <param index="0">
              <value>
                <![CDATA["Check if admin able to retrieve class recording with invalid method"]]>
              </value>
            </param>
            <param index="1">
              <value>
                <![CDATA["Class 2 module"]]>
              </value>
            </param>
          </params>
          <reporter-output>
          </reporter-output>
        </test-method> <!-- runScenario -->
        <test-method signature="runScenario(io.cucumber.testng.PickleWrapper,io.cucumber.testng.FeatureWrapper)[pri:0, instance:apiRunner.TestRunner@428640fa]" started-at="2024-11-21T21:12:16 EST" name="runScenario" description="Runs Cucumber Scenarios" data-provider="scenarios" finished-at="2024-11-21T21:12:16 EST" duration-ms="98" status="PASS">
          <params>
            <param index="0">
              <value>
                <![CDATA["Check if admin able to retrieve  class recording without Authorization"]]>
              </value>
            </param>
            <param index="1">
              <value>
                <![CDATA["Class 2 module"]]>
              </value>
            </param>
          </params>
          <reporter-output>
          </reporter-output>
        </test-method> <!-- runScenario -->
        <test-method signature="runScenario(io.cucumber.testng.PickleWrapper,io.cucumber.testng.FeatureWrapper)[pri:0, instance:apiRunner.TestRunner@428640fa]" started-at="2024-11-21T21:12:16 EST" name="runScenario" description="Runs Cucumber Scenarios" data-provider="scenarios" finished-at="2024-11-21T21:12:16 EST" duration-ms="79" status="PASS">
          <params>
            <param index="0">
              <value>
                <![CDATA["Check if admin able to retrieve class recording  with valid ClassID"]]>
              </value>
            </param>
            <param index="1">
              <value>
                <![CDATA["Class 2 module"]]>
              </value>
            </param>
          </params>
          <reporter-output>
          </reporter-output>
        </test-method> <!-- runScenario -->
        <test-method signature="runScenario(io.cucumber.testng.PickleWrapper,io.cucumber.testng.FeatureWrapper)[pri:0, instance:apiRunner.TestRunner@428640fa]" started-at="2024-11-21T21:12:16 EST" name="runScenario" description="Runs Cucumber Scenarios" data-provider="scenarios" finished-at="2024-11-21T21:12:16 EST" duration-ms="98" status="PASS">
          <params>
            <param index="0">
              <value>
                <![CDATA["Check if admin able to retrieve  class recording with invalid ClassID"]]>
              </value>
            </param>
            <param index="1">
              <value>
                <![CDATA["Class 2 module"]]>
              </value>
            </param>
          </params>
          <reporter-output>
          </reporter-output>
        </test-method> <!-- runScenario -->
        <test-method signature="runScenario(io.cucumber.testng.PickleWrapper,io.cucumber.testng.FeatureWrapper)[pri:0, instance:apiRunner.TestRunner@428640fa]" started-at="2024-11-21T21:12:16 EST" name="runScenario" description="Runs Cucumber Scenarios" data-provider="scenarios" finished-at="2024-11-21T21:12:16 EST" duration-ms="85" status="PASS">
          <params>
            <param index="0">
              <value>
                <![CDATA["Check if admin able to retrieve class recording with invalid Endpoint"]]>
              </value>
            </param>
            <param index="1">
              <value>
                <![CDATA["Class 2 module"]]>
              </value>
            </param>
          </params>
          <reporter-output>
          </reporter-output>
        </test-method> <!-- runScenario -->
        <test-method signature="runScenario(io.cucumber.testng.PickleWrapper,io.cucumber.testng.FeatureWrapper)[pri:0, instance:apiRunner.TestRunner@428640fa]" started-at="2024-11-21T21:12:16 EST" name="runScenario" description="Runs Cucumber Scenarios" data-provider="scenarios" finished-at="2024-11-21T21:12:16 EST" duration-ms="100" status="PASS">
          <params>
            <param index="0">
              <value>
                <![CDATA["Check if admin able to retrieve class recording with invalid method"]]>
              </value>
            </param>
            <param index="1">
              <value>
                <![CDATA["Class 2 module"]]>
              </value>
            </param>
          </params>
          <reporter-output>
          </reporter-output>
        </test-method> <!-- runScenario -->
        <test-method signature="runScenario(io.cucumber.testng.PickleWrapper,io.cucumber.testng.FeatureWrapper)[pri:0, instance:apiRunner.TestRunner@428640fa]" started-at="2024-11-21T21:12:16 EST" name="runScenario" description="Runs Cucumber Scenarios" data-provider="scenarios" finished-at="2024-11-21T21:12:16 EST" duration-ms="89" status="PASS">
          <params>
            <param index="0">
              <value>
                <![CDATA["Check if admin able to retrieve  class recording without Authorization"]]>
              </value>
            </param>
            <param index="1">
              <value>
                <![CDATA["Class 2 module"]]>
              </value>
            </param>
          </params>
          <reporter-output>
          </reporter-output>
        </test-method> <!-- runScenario -->
        <test-method signature="runScenario(io.cucumber.testng.PickleWrapper,io.cucumber.testng.FeatureWrapper)[pri:0, instance:apiRunner.TestRunner@428640fa]" started-at="2024-11-21T21:12:16 EST" name="runScenario" description="Runs Cucumber Scenarios" data-provider="scenarios" finished-at="2024-11-21T21:12:16 EST" duration-ms="91" status="PASS">
          <params>
            <param index="0">
              <value>
                <![CDATA["Check if admin able to retrieve upcoming classes with valid studentID"]]>
              </value>
            </param>
            <param index="1">
              <value>
                <![CDATA["Class 2 module"]]>
              </value>
            </param>
          </params>
          <reporter-output>
          </reporter-output>
        </test-method> <!-- runScenario -->
        <test-method signature="runScenario(io.cucumber.testng.PickleWrapper,io.cucumber.testng.FeatureWrapper)[pri:0, instance:apiRunner.TestRunner@428640fa]" started-at="2024-11-21T21:12:16 EST" name="runScenario" description="Runs Cucumber Scenarios" data-provider="scenarios" finished-at="2024-11-21T21:12:17 EST" duration-ms="212" status="FAIL">
          <params>
            <param index="0">
              <value>
                <![CDATA["Check if admin able to retrieve upcoming classes with invalid studentID"]]>
              </value>
            </param>
            <param index="1">
              <value>
                <![CDATA["Class 2 module"]]>
              </value>
            </param>
          </params>
          <exception class="java.lang.AssertionError">
            <message>
              <![CDATA[expected [404] but found [200]]]>
            </message>
            <full-stacktrace>
              <![CDATA[java.lang.AssertionError: expected [404] but found [200]
at org.testng.Assert.fail(Assert.java:111)
at org.testng.Assert.failNotEquals(Assert.java:1578)
at org.testng.Assert.assertEqualsImpl(Assert.java:150)
at org.testng.Assert.assertEquals(Assert.java:132)
at org.testng.Assert.assertEquals(Assert.java:1419)
at org.testng.Assert.assertEquals(Assert.java:1383)
at org.testng.Assert.assertEquals(Assert.java:1429)
at generics.ApiUtils.validateStatusCode(ApiUtils.java:27)
at stepDefinitions.class2Steps.admin_receives_status_for_getUpcomingClasses(class2Steps.java:313)
at ✽.Admin receives 404 "Not Found" Status for getUpcomingClasses(file:///Users/mathumathibalakrishnan/eclipse/Mathumathi_2024/Team2_ChangeMakers_RestAssured/src/test/resources/features/class2.feature:116)
]]>
            </full-stacktrace>
          </exception> <!-- java.lang.AssertionError -->
          <reporter-output>
          </reporter-output>
        </test-method> <!-- runScenario -->
        <test-method signature="runScenario(io.cucumber.testng.PickleWrapper,io.cucumber.testng.FeatureWrapper)[pri:0, instance:apiRunner.TestRunner@428640fa]" started-at="2024-11-21T21:12:17 EST" name="runScenario" description="Runs Cucumber Scenarios" data-provider="scenarios" finished-at="2024-11-21T21:12:17 EST" duration-ms="97" status="PASS">
          <params>
            <param index="0">
              <value>
                <![CDATA["Check if admin able to retrieve upcoming classes with invalid Endpoint"]]>
              </value>
            </param>
            <param index="1">
              <value>
                <![CDATA["Class 2 module"]]>
              </value>
            </param>
          </params>
          <reporter-output>
          </reporter-output>
        </test-method> <!-- runScenario -->
        <test-method signature="runScenario(io.cucumber.testng.PickleWrapper,io.cucumber.testng.FeatureWrapper)[pri:0, instance:apiRunner.TestRunner@428640fa]" started-at="2024-11-21T21:12:17 EST" name="runScenario" description="Runs Cucumber Scenarios" data-provider="scenarios" finished-at="2024-11-21T21:12:17 EST" duration-ms="93" status="PASS">
          <params>
            <param index="0">
              <value>
                <![CDATA["Check if admin able to retrieve upcoming classes with invalid method"]]>
              </value>
            </param>
            <param index="1">
              <value>
                <![CDATA["Class 2 module"]]>
              </value>
            </param>
          </params>
          <reporter-output>
          </reporter-output>
        </test-method> <!-- runScenario -->
        <test-method signature="runScenario(io.cucumber.testng.PickleWrapper,io.cucumber.testng.FeatureWrapper)[pri:0, instance:apiRunner.TestRunner@428640fa]" started-at="2024-11-21T21:12:17 EST" name="runScenario" description="Runs Cucumber Scenarios" data-provider="scenarios" finished-at="2024-11-21T21:12:17 EST" duration-ms="88" status="PASS">
          <params>
            <param index="0">
              <value>
                <![CDATA["Check if admin able to retrieve upcoming classes without Authorization"]]>
              </value>
            </param>
            <param index="1">
              <value>
                <![CDATA["Class 2 module"]]>
              </value>
            </param>
          </params>
          <reporter-output>
          </reporter-output>
        </test-method> <!-- runScenario -->
        <test-method is-config="true" signature="tearDownClass()[pri:0, instance:apiRunner.TestRunner@428640fa]" started-at="2024-11-21T21:12:17 EST" name="tearDownClass" finished-at="2024-11-21T21:12:22 EST" duration-ms="4978" status="PASS">
          <reporter-output>
          </reporter-output>
        </test-method> <!-- tearDownClass -->
      </class> <!-- apiRunner.TestRunner -->
    </test> <!-- LMSAPIRestAssuredTest -->
  </suite> <!-- Suite -->
</testng-results>
