<?xml version="1.0" encoding="UTF-8"?>
<testsuite xmlns:xsi="http://www.w3.org/2001/XMLSchema-instance" xsi:noNamespaceSchemaLocation="https://maven.apache.org/surefire/maven-surefire-plugin/xsd/surefire-test-report-3.0.xsd" version="3.0" name="TestSuite" time="13.595" tests="34" errors="0" skipped="0" failures="4">
  <properties>
    <property name="java.specification.version" value="21"/>
    <property name="sun.jnu.encoding" value="UTF-8"/>
    <property name="sun.awt.enableExtraMouseButtons" value="true"/>
    <property name="java.class.path" value="/Users/mathumathibalakrishnan/eclipse/Mathumathi_2024/Team2_ChangeMakers_RestAssured/target/test-classes:/Users/mathumathibalakrishnan/eclipse/Mathumathi_2024/Team2_ChangeMakers_RestAssured/target/classes:/Users/mathumathibalakrishnan/.m2/repository/io/rest-assured/rest-assured/5.4.0/rest-assured-5.4.0.jar:/Users/mathumathibalakrishnan/.m2/repository/org/apache/groovy/groovy/4.0.16/groovy-4.0.16.jar:/Users/mathumathibalakrishnan/.m2/repository/org/apache/groovy/groovy-xml/4.0.16/groovy-xml-4.0.16.jar:/Users/mathumathibalakrishnan/.m2/repository/org/apache/httpcomponents/httpclient/4.5.13/httpclient-4.5.13.jar:/Users/mathumathibalakrishnan/.m2/repository/org/apache/httpcomponents/httpcore/4.4.13/httpcore-4.4.13.jar:/Users/mathumathibalakrishnan/.m2/repository/commons-logging/commons-logging/1.2/commons-logging-1.2.jar:/Users/mathumathibalakrishnan/.m2/repository/org/apache/httpcomponents/httpmime/4.5.13/httpmime-4.5.13.jar:/Users/mathumathibalakrishnan/.m2/repository/org/ccil/cowan/tagsoup/tagsoup/1.2.1/tagsoup-1.2.1.jar:/Users/mathumathibalakrishnan/.m2/repository/io/rest-assured/xml-path/5.4.0/xml-path-5.4.0.jar:/Users/mathumathibalakrishnan/.m2/repository/org/apache/commons/commons-lang3/3.11/commons-lang3-3.11.jar:/Users/mathumathibalakrishnan/.m2/repository/io/rest-assured/json-path/5.4.0/json-path-5.4.0.jar:/Users/mathumathibalakrishnan/.m2/repository/org/apache/groovy/groovy-json/4.0.16/groovy-json-4.0.16.jar:/Users/mathumathibalakrishnan/.m2/repository/io/rest-assured/rest-assured-common/5.4.0/rest-assured-common-5.4.0.jar:/Users/mathumathibalakrishnan/.m2/repository/io/rest-assured/json-schema-validator/5.4.0/json-schema-validator-5.4.0.jar:/Users/mathumathibalakrishnan/.m2/repository/com/github/java-json-tools/json-schema-validator/2.2.14/json-schema-validator-2.2.14.jar:/Users/mathumathibalakrishnan/.m2/repository/com/github/java-json-tools/jackson-coreutils-equivalence/1.0/jackson-coreutils-equivalence-1.0.jar:/Users/mathumathibalakrishnan/.m2/repository/com/github/java-json-tools/jackson-coreutils/2.0/jackson-coreutils-2.0.jar:/Users/mathumathibalakrishnan/.m2/repository/com/github/java-json-tools/msg-simple/1.2/msg-simple-1.2.jar:/Users/mathumathibalakrishnan/.m2/repository/com/github/java-json-tools/btf/1.3/btf-1.3.jar:/Users/mathumathibalakrishnan/.m2/repository/com/github/java-json-tools/json-schema-core/1.2.14/json-schema-core-1.2.14.jar:/Users/mathumathibalakrishnan/.m2/repository/com/github/java-json-tools/uri-template/0.10/uri-template-0.10.jar:/Users/mathumathibalakrishnan/.m2/repository/org/mozilla/rhino/1.7.7.2/rhino-1.7.7.2.jar:/Users/mathumathibalakrishnan/.m2/repository/com/sun/mail/mailapi/1.6.2/mailapi-1.6.2.jar:/Users/mathumathibalakrishnan/.m2/repository/joda-time/joda-time/2.10.5/joda-time-2.10.5.jar:/Users/mathumathibalakrishnan/.m2/repository/com/googlecode/libphonenumber/libphonenumber/8.11.1/libphonenumber-8.11.1.jar:/Users/mathumathibalakrishnan/.m2/repository/com/google/code/findbugs/jsr305/3.0.2/jsr305-3.0.2.jar:/Users/mathumathibalakrishnan/.m2/repository/net/sf/jopt-simple/jopt-simple/5.0.4/jopt-simple-5.0.4.jar:/Users/mathumathibalakrishnan/.m2/repository/com/google/guava/guava/32.0.1-jre/guava-32.0.1-jre.jar:/Users/mathumathibalakrishnan/.m2/repository/com/google/guava/failureaccess/1.0.1/failureaccess-1.0.1.jar:/Users/mathumathibalakrishnan/.m2/repository/com/google/guava/listenablefuture/9999.0-empty-to-avoid-conflict-with-guava/listenablefuture-9999.0-empty-to-avoid-conflict-with-guava.jar:/Users/mathumathibalakrishnan/.m2/repository/org/checkerframework/checker-qual/3.33.0/checker-qual-3.33.0.jar:/Users/mathumathibalakrishnan/.m2/repository/com/google/errorprone/error_prone_annotations/2.18.0/error_prone_annotations-2.18.0.jar:/Users/mathumathibalakrishnan/.m2/repository/com/google/j2objc/j2objc-annotations/2.8/j2objc-annotations-2.8.jar:/Users/mathumathibalakrishnan/.m2/repository/com/google/code/gson/gson/2.10.1/gson-2.10.1.jar:/Users/mathumathibalakrishnan/.m2/repository/org/json/json/20240303/json-20240303.jar:/Users/mathumathibalakrishnan/.m2/repository/org/testng/testng/7.9.0/testng-7.9.0.jar:/Users/mathumathibalakrishnan/.m2/repository/org/slf4j/slf4j-api/1.7.36/slf4j-api-1.7.36.jar:/Users/mathumathibalakrishnan/.m2/repository/com/beust/jcommander/1.82/jcommander-1.82.jar:/Users/mathumathibalakrishnan/.m2/repository/org/webjars/jquery/3.7.1/jquery-3.7.1.jar:/Users/mathumathibalakrishnan/.m2/repository/com/fasterxml/jackson/core/jackson-databind/2.16.1/jackson-databind-2.16.1.jar:/Users/mathumathibalakrishnan/.m2/repository/com/fasterxml/jackson/core/jackson-annotations/2.16.1/jackson-annotations-2.16.1.jar:/Users/mathumathibalakrishnan/.m2/repository/com/fasterxml/jackson/core/jackson-core/2.16.1/jackson-core-2.16.1.jar:/Users/mathumathibalakrishnan/.m2/repository/org/apache/poi/poi/5.2.5/poi-5.2.5.jar:/Users/mathumathibalakrishnan/.m2/repository/commons-codec/commons-codec/1.16.0/commons-codec-1.16.0.jar:/Users/mathumathibalakrishnan/.m2/repository/org/apache/commons/commons-collections4/4.4/commons-collections4-4.4.jar:/Users/mathumathibalakrishnan/.m2/repository/org/apache/commons/commons-math3/3.6.1/commons-math3-3.6.1.jar:/Users/mathumathibalakrishnan/.m2/repository/commons-io/commons-io/2.15.0/commons-io-2.15.0.jar:/Users/mathumathibalakrishnan/.m2/repository/com/zaxxer/SparseBitSet/1.3/SparseBitSet-1.3.jar:/Users/mathumathibalakrishnan/.m2/repository/org/apache/poi/poi-ooxml/5.2.5/poi-ooxml-5.2.5.jar:/Users/mathumathibalakrishnan/.m2/repository/org/apache/poi/poi-ooxml-lite/5.2.5/poi-ooxml-lite-5.2.5.jar:/Users/mathumathibalakrishnan/.m2/repository/org/apache/xmlbeans/xmlbeans/5.2.0/xmlbeans-5.2.0.jar:/Users/mathumathibalakrishnan/.m2/repository/org/apache/commons/commons-compress/1.25.0/commons-compress-1.25.0.jar:/Users/mathumathibalakrishnan/.m2/repository/com/github/virtuald/curvesapi/1.08/curvesapi-1.08.jar:/Users/mathumathibalakrishnan/.m2/repository/com/aventstack/extentreports/5.1.1/extentreports-5.1.1.jar:/Users/mathumathibalakrishnan/.m2/repository/io/reactivex/rxjava3/rxjava/3.1.6/rxjava-3.1.6.jar:/Users/mathumathibalakrishnan/.m2/repository/org/reactivestreams/reactive-streams/1.0.4/reactive-streams-1.0.4.jar:/Users/mathumathibalakrishnan/.m2/repository/org/freemarker/freemarker/2.3.32/freemarker-2.3.32.jar:/Users/mathumathibalakrishnan/.m2/repository/org/projectlombok/lombok/1.18.26/lombok-1.18.26.jar:/Users/mathumathibalakrishnan/.m2/repository/tech/grasshopper/extentreports-cucumber7-adapter/1.14.0/extentreports-cucumber7-adapter-1.14.0.jar:/Users/mathumathibalakrishnan/.m2/repository/tech/grasshopper/extent-pdf-report/2.12.0/extent-pdf-report-2.12.0.jar:/Users/mathumathibalakrishnan/.m2/repository/tech/grasshopper/cucumber-pdf-report/2.14.0/cucumber-pdf-report-2.14.0.jar:/Users/mathumathibalakrishnan/.m2/repository/org/apache/pdfbox/pdfbox/2.0.26/pdfbox-2.0.26.jar:/Users/mathumathibalakrishnan/.m2/repository/org/apache/pdfbox/fontbox/2.0.26/fontbox-2.0.26.jar:/Users/mathumathibalakrishnan/.m2/repository/org/knowm/xchart/xchart/3.8.0/xchart-3.8.0.jar:/Users/mathumathibalakrishnan/.m2/repository/de/erichseifert/vectorgraphics2d/VectorGraphics2D/0.13/VectorGraphics2D-0.13.jar:/Users/mathumathibalakrishnan/.m2/repository/de/rototor/pdfbox/graphics2d/0.30/graphics2d-0.30.jar:/Users/mathumathibalakrishnan/.m2/repository/com/madgag/animated-gif-lib/1.4/animated-gif-lib-1.4.jar:/Users/mathumathibalakrishnan/.m2/repository/org/yaml/snakeyaml/2.0/snakeyaml-2.0.jar:/Users/mathumathibalakrishnan/.m2/repository/tech/grasshopper/table-layout/1.5.1/table-layout-1.5.1.jar:/Users/mathumathibalakrishnan/.m2/repository/tech/grasshopper/rest-assured-cucumber-pdf-report/1.5.0/rest-assured-cucumber-pdf-report-1.5.0.jar:/Users/mathumathibalakrishnan/.m2/repository/org/jsoup/jsoup/1.15.3/jsoup-1.15.3.jar:/Users/mathumathibalakrishnan/.m2/repository/com/aventstack/klov-reporter/5.1.0/klov-reporter-5.1.0.jar:/Users/mathumathibalakrishnan/.m2/repository/org/mongodb/mongodb-driver/3.6.4/mongodb-driver-3.6.4.jar:/Users/mathumathibalakrishnan/.m2/repository/org/mongodb/mongodb-driver-core/3.6.4/mongodb-driver-core-3.6.4.jar:/Users/mathumathibalakrishnan/.m2/repository/org/mongodb/bson/3.6.4/bson-3.6.4.jar:/Users/mathumathibalakrishnan/.m2/repository/tech/grasshopper/htmlextentreporter/1.1.0/htmlextentreporter-1.1.0.jar:/Users/mathumathibalakrishnan/.m2/repository/tech/grasshopper/extent-excel-report/1.4.0/extent-excel-report-1.4.0.jar:/Users/mathumathibalakrishnan/.m2/repository/org/apache/logging/log4j/log4j-core/2.22.0/log4j-core-2.22.0.jar:/Users/mathumathibalakrishnan/.m2/repository/org/apache/logging/log4j/log4j-api/2.22.0/log4j-api-2.22.0.jar:/Users/mathumathibalakrishnan/.m2/repository/io/cucumber/cucumber-java/7.14.0/cucumber-java-7.14.0.jar:/Users/mathumathibalakrishnan/.m2/repository/io/cucumber/cucumber-core/7.14.0/cucumber-core-7.14.0.jar:/Users/mathumathibalakrishnan/.m2/repository/io/cucumber/cucumber-gherkin/7.14.0/cucumber-gherkin-7.14.0.jar:/Users/mathumathibalakrishnan/.m2/repository/io/cucumber/cucumber-gherkin-messages/7.14.0/cucumber-gherkin-messages-7.14.0.jar:/Users/mathumathibalakrishnan/.m2/repository/io/cucumber/gherkin/26.2.0/gherkin-26.2.0.jar:/Users/mathumathibalakrishnan/.m2/repository/io/cucumber/messages/22.0.0/messages-22.0.0.jar:/Users/mathumathibalakrishnan/.m2/repository/io/cucumber/tag-expressions/5.0.6/tag-expressions-5.0.6.jar:/Users/mathumathibalakrishnan/.m2/repository/io/cucumber/cucumber-expressions/16.1.2/cucumber-expressions-16.1.2.jar:/Users/mathumathibalakrishnan/.m2/repository/io/cucumber/datatable/7.14.0/datatable-7.14.0.jar:/Users/mathumathibalakrishnan/.m2/repository/io/cucumber/cucumber-plugin/7.14.0/cucumber-plugin-7.14.0.jar:/Users/mathumathibalakrishnan/.m2/repository/io/cucumber/docstring/7.14.0/docstring-7.14.0.jar:/Users/mathumathibalakrishnan/.m2/repository/io/cucumber/html-formatter/20.4.0/html-formatter-20.4.0.jar:/Users/mathumathibalakrishnan/.m2/repository/io/cucumber/junit-xml-formatter/0.2.0/junit-xml-formatter-0.2.0.jar:/Users/mathumathibalakrishnan/.m2/repository/io/cucumber/ci-environment/9.2.0/ci-environment-9.2.0.jar:/Users/mathumathibalakrishnan/.m2/repository/org/apiguardian/apiguardian-api/1.1.2/apiguardian-api-1.1.2.jar:/Users/mathumathibalakrishnan/.m2/repository/io/cucumber/cucumber-testng/7.14.0/cucumber-testng-7.14.0.jar:/Users/mathumathibalakrishnan/.m2/repository/io/cucumber/cucumber-junit/7.14.0/cucumber-junit-7.14.0.jar:/Users/mathumathibalakrishnan/.m2/repository/junit/junit/4.13.2/junit-4.13.2.jar:/Users/mathumathibalakrishnan/.m2/repository/org/hamcrest/hamcrest-core/1.3/hamcrest-core-1.3.jar:/Users/mathumathibalakrishnan/.m2/repository/org/hamcrest/hamcrest/2.2/hamcrest-2.2.jar:/Users/mathumathibalakrishnan/.m2/repository/org/slf4j/slf4j-simple/2.0.13/slf4j-simple-2.0.13.jar:"/>
    <property name="java.vm.vendor" value="Eclipse Adoptium"/>
    <property name="sun.arch.data.model" value="64"/>
    <property name="java.vendor.url" value="https://adoptium.net/"/>
    <property name="user.timezone" value="America/New_York"/>
    <property name="os.name" value="Mac OS X"/>
    <property name="java.vm.specification.version" value="21"/>
    <property name="sun.java.launcher" value="SUN_STANDARD"/>
    <property name="user.country" value="US"/>
    <property name="sun.boot.library.path" value="/Library/Java/JavaVirtualMachines/temurin-21.jdk/Contents/Home/lib"/>
    <property name="sun.java.command" value="/Users/mathumathibalakrishnan/eclipse/Mathumathi_2024/Team2_ChangeMakers_RestAssured/target/surefire/surefirebooter-20241122122708838_3.jar /Users/mathumathibalakrishnan/eclipse/Mathumathi_2024/Team2_ChangeMakers_RestAssured/target/surefire 2024-11-22T12-27-08_795-jvmRun1 surefire-20241122122708838_1tmp surefire_0-20241122122708838_2tmp"/>
    <property name="http.nonProxyHosts" value="local|*.local|169.254/16|*.169.254/16"/>
    <property name="jdk.debug" value="release"/>
    <property name="surefire.test.class.path" value="/Users/mathumathibalakrishnan/eclipse/Mathumathi_2024/Team2_ChangeMakers_RestAssured/target/test-classes:/Users/mathumathibalakrishnan/eclipse/Mathumathi_2024/Team2_ChangeMakers_RestAssured/target/classes:/Users/mathumathibalakrishnan/.m2/repository/io/rest-assured/rest-assured/5.4.0/rest-assured-5.4.0.jar:/Users/mathumathibalakrishnan/.m2/repository/org/apache/groovy/groovy/4.0.16/groovy-4.0.16.jar:/Users/mathumathibalakrishnan/.m2/repository/org/apache/groovy/groovy-xml/4.0.16/groovy-xml-4.0.16.jar:/Users/mathumathibalakrishnan/.m2/repository/org/apache/httpcomponents/httpclient/4.5.13/httpclient-4.5.13.jar:/Users/mathumathibalakrishnan/.m2/repository/org/apache/httpcomponents/httpcore/4.4.13/httpcore-4.4.13.jar:/Users/mathumathibalakrishnan/.m2/repository/commons-logging/commons-logging/1.2/commons-logging-1.2.jar:/Users/mathumathibalakrishnan/.m2/repository/org/apache/httpcomponents/httpmime/4.5.13/httpmime-4.5.13.jar:/Users/mathumathibalakrishnan/.m2/repository/org/ccil/cowan/tagsoup/tagsoup/1.2.1/tagsoup-1.2.1.jar:/Users/mathumathibalakrishnan/.m2/repository/io/rest-assured/xml-path/5.4.0/xml-path-5.4.0.jar:/Users/mathumathibalakrishnan/.m2/repository/org/apache/commons/commons-lang3/3.11/commons-lang3-3.11.jar:/Users/mathumathibalakrishnan/.m2/repository/io/rest-assured/json-path/5.4.0/json-path-5.4.0.jar:/Users/mathumathibalakrishnan/.m2/repository/org/apache/groovy/groovy-json/4.0.16/groovy-json-4.0.16.jar:/Users/mathumathibalakrishnan/.m2/repository/io/rest-assured/rest-assured-common/5.4.0/rest-assured-common-5.4.0.jar:/Users/mathumathibalakrishnan/.m2/repository/io/rest-assured/json-schema-validator/5.4.0/json-schema-validator-5.4.0.jar:/Users/mathumathibalakrishnan/.m2/repository/com/github/java-json-tools/json-schema-validator/2.2.14/json-schema-validator-2.2.14.jar:/Users/mathumathibalakrishnan/.m2/repository/com/github/java-json-tools/jackson-coreutils-equivalence/1.0/jackson-coreutils-equivalence-1.0.jar:/Users/mathumathibalakrishnan/.m2/repository/com/github/java-json-tools/jackson-coreutils/2.0/jackson-coreutils-2.0.jar:/Users/mathumathibalakrishnan/.m2/repository/com/github/java-json-tools/msg-simple/1.2/msg-simple-1.2.jar:/Users/mathumathibalakrishnan/.m2/repository/com/github/java-json-tools/btf/1.3/btf-1.3.jar:/Users/mathumathibalakrishnan/.m2/repository/com/github/java-json-tools/json-schema-core/1.2.14/json-schema-core-1.2.14.jar:/Users/mathumathibalakrishnan/.m2/repository/com/github/java-json-tools/uri-template/0.10/uri-template-0.10.jar:/Users/mathumathibalakrishnan/.m2/repository/org/mozilla/rhino/1.7.7.2/rhino-1.7.7.2.jar:/Users/mathumathibalakrishnan/.m2/repository/com/sun/mail/mailapi/1.6.2/mailapi-1.6.2.jar:/Users/mathumathibalakrishnan/.m2/repository/joda-time/joda-time/2.10.5/joda-time-2.10.5.jar:/Users/mathumathibalakrishnan/.m2/repository/com/googlecode/libphonenumber/libphonenumber/8.11.1/libphonenumber-8.11.1.jar:/Users/mathumathibalakrishnan/.m2/repository/com/google/code/findbugs/jsr305/3.0.2/jsr305-3.0.2.jar:/Users/mathumathibalakrishnan/.m2/repository/net/sf/jopt-simple/jopt-simple/5.0.4/jopt-simple-5.0.4.jar:/Users/mathumathibalakrishnan/.m2/repository/com/google/guava/guava/32.0.1-jre/guava-32.0.1-jre.jar:/Users/mathumathibalakrishnan/.m2/repository/com/google/guava/failureaccess/1.0.1/failureaccess-1.0.1.jar:/Users/mathumathibalakrishnan/.m2/repository/com/google/guava/listenablefuture/9999.0-empty-to-avoid-conflict-with-guava/listenablefuture-9999.0-empty-to-avoid-conflict-with-guava.jar:/Users/mathumathibalakrishnan/.m2/repository/org/checkerframework/checker-qual/3.33.0/checker-qual-3.33.0.jar:/Users/mathumathibalakrishnan/.m2/repository/com/google/errorprone/error_prone_annotations/2.18.0/error_prone_annotations-2.18.0.jar:/Users/mathumathibalakrishnan/.m2/repository/com/google/j2objc/j2objc-annotations/2.8/j2objc-annotations-2.8.jar:/Users/mathumathibalakrishnan/.m2/repository/com/google/code/gson/gson/2.10.1/gson-2.10.1.jar:/Users/mathumathibalakrishnan/.m2/repository/org/json/json/20240303/json-20240303.jar:/Users/mathumathibalakrishnan/.m2/repository/org/testng/testng/7.9.0/testng-7.9.0.jar:/Users/mathumathibalakrishnan/.m2/repository/org/slf4j/slf4j-api/1.7.36/slf4j-api-1.7.36.jar:/Users/mathumathibalakrishnan/.m2/repository/com/beust/jcommander/1.82/jcommander-1.82.jar:/Users/mathumathibalakrishnan/.m2/repository/org/webjars/jquery/3.7.1/jquery-3.7.1.jar:/Users/mathumathibalakrishnan/.m2/repository/com/fasterxml/jackson/core/jackson-databind/2.16.1/jackson-databind-2.16.1.jar:/Users/mathumathibalakrishnan/.m2/repository/com/fasterxml/jackson/core/jackson-annotations/2.16.1/jackson-annotations-2.16.1.jar:/Users/mathumathibalakrishnan/.m2/repository/com/fasterxml/jackson/core/jackson-core/2.16.1/jackson-core-2.16.1.jar:/Users/mathumathibalakrishnan/.m2/repository/org/apache/poi/poi/5.2.5/poi-5.2.5.jar:/Users/mathumathibalakrishnan/.m2/repository/commons-codec/commons-codec/1.16.0/commons-codec-1.16.0.jar:/Users/mathumathibalakrishnan/.m2/repository/org/apache/commons/commons-collections4/4.4/commons-collections4-4.4.jar:/Users/mathumathibalakrishnan/.m2/repository/org/apache/commons/commons-math3/3.6.1/commons-math3-3.6.1.jar:/Users/mathumathibalakrishnan/.m2/repository/commons-io/commons-io/2.15.0/commons-io-2.15.0.jar:/Users/mathumathibalakrishnan/.m2/repository/com/zaxxer/SparseBitSet/1.3/SparseBitSet-1.3.jar:/Users/mathumathibalakrishnan/.m2/repository/org/apache/poi/poi-ooxml/5.2.5/poi-ooxml-5.2.5.jar:/Users/mathumathibalakrishnan/.m2/repository/org/apache/poi/poi-ooxml-lite/5.2.5/poi-ooxml-lite-5.2.5.jar:/Users/mathumathibalakrishnan/.m2/repository/org/apache/xmlbeans/xmlbeans/5.2.0/xmlbeans-5.2.0.jar:/Users/mathumathibalakrishnan/.m2/repository/org/apache/commons/commons-compress/1.25.0/commons-compress-1.25.0.jar:/Users/mathumathibalakrishnan/.m2/repository/com/github/virtuald/curvesapi/1.08/curvesapi-1.08.jar:/Users/mathumathibalakrishnan/.m2/repository/com/aventstack/extentreports/5.1.1/extentreports-5.1.1.jar:/Users/mathumathibalakrishnan/.m2/repository/io/reactivex/rxjava3/rxjava/3.1.6/rxjava-3.1.6.jar:/Users/mathumathibalakrishnan/.m2/repository/org/reactivestreams/reactive-streams/1.0.4/reactive-streams-1.0.4.jar:/Users/mathumathibalakrishnan/.m2/repository/org/freemarker/freemarker/2.3.32/freemarker-2.3.32.jar:/Users/mathumathibalakrishnan/.m2/repository/org/projectlombok/lombok/1.18.26/lombok-1.18.26.jar:/Users/mathumathibalakrishnan/.m2/repository/tech/grasshopper/extentreports-cucumber7-adapter/1.14.0/extentreports-cucumber7-adapter-1.14.0.jar:/Users/mathumathibalakrishnan/.m2/repository/tech/grasshopper/extent-pdf-report/2.12.0/extent-pdf-report-2.12.0.jar:/Users/mathumathibalakrishnan/.m2/repository/tech/grasshopper/cucumber-pdf-report/2.14.0/cucumber-pdf-report-2.14.0.jar:/Users/mathumathibalakrishnan/.m2/repository/org/apache/pdfbox/pdfbox/2.0.26/pdfbox-2.0.26.jar:/Users/mathumathibalakrishnan/.m2/repository/org/apache/pdfbox/fontbox/2.0.26/fontbox-2.0.26.jar:/Users/mathumathibalakrishnan/.m2/repository/org/knowm/xchart/xchart/3.8.0/xchart-3.8.0.jar:/Users/mathumathibalakrishnan/.m2/repository/de/erichseifert/vectorgraphics2d/VectorGraphics2D/0.13/VectorGraphics2D-0.13.jar:/Users/mathumathibalakrishnan/.m2/repository/de/rototor/pdfbox/graphics2d/0.30/graphics2d-0.30.jar:/Users/mathumathibalakrishnan/.m2/repository/com/madgag/animated-gif-lib/1.4/animated-gif-lib-1.4.jar:/Users/mathumathibalakrishnan/.m2/repository/org/yaml/snakeyaml/2.0/snakeyaml-2.0.jar:/Users/mathumathibalakrishnan/.m2/repository/tech/grasshopper/table-layout/1.5.1/table-layout-1.5.1.jar:/Users/mathumathibalakrishnan/.m2/repository/tech/grasshopper/rest-assured-cucumber-pdf-report/1.5.0/rest-assured-cucumber-pdf-report-1.5.0.jar:/Users/mathumathibalakrishnan/.m2/repository/org/jsoup/jsoup/1.15.3/jsoup-1.15.3.jar:/Users/mathumathibalakrishnan/.m2/repository/com/aventstack/klov-reporter/5.1.0/klov-reporter-5.1.0.jar:/Users/mathumathibalakrishnan/.m2/repository/org/mongodb/mongodb-driver/3.6.4/mongodb-driver-3.6.4.jar:/Users/mathumathibalakrishnan/.m2/repository/org/mongodb/mongodb-driver-core/3.6.4/mongodb-driver-core-3.6.4.jar:/Users/mathumathibalakrishnan/.m2/repository/org/mongodb/bson/3.6.4/bson-3.6.4.jar:/Users/mathumathibalakrishnan/.m2/repository/tech/grasshopper/htmlextentreporter/1.1.0/htmlextentreporter-1.1.0.jar:/Users/mathumathibalakrishnan/.m2/repository/tech/grasshopper/extent-excel-report/1.4.0/extent-excel-report-1.4.0.jar:/Users/mathumathibalakrishnan/.m2/repository/org/apache/logging/log4j/log4j-core/2.22.0/log4j-core-2.22.0.jar:/Users/mathumathibalakrishnan/.m2/repository/org/apache/logging/log4j/log4j-api/2.22.0/log4j-api-2.22.0.jar:/Users/mathumathibalakrishnan/.m2/repository/io/cucumber/cucumber-java/7.14.0/cucumber-java-7.14.0.jar:/Users/mathumathibalakrishnan/.m2/repository/io/cucumber/cucumber-core/7.14.0/cucumber-core-7.14.0.jar:/Users/mathumathibalakrishnan/.m2/repository/io/cucumber/cucumber-gherkin/7.14.0/cucumber-gherkin-7.14.0.jar:/Users/mathumathibalakrishnan/.m2/repository/io/cucumber/cucumber-gherkin-messages/7.14.0/cucumber-gherkin-messages-7.14.0.jar:/Users/mathumathibalakrishnan/.m2/repository/io/cucumber/gherkin/26.2.0/gherkin-26.2.0.jar:/Users/mathumathibalakrishnan/.m2/repository/io/cucumber/messages/22.0.0/messages-22.0.0.jar:/Users/mathumathibalakrishnan/.m2/repository/io/cucumber/tag-expressions/5.0.6/tag-expressions-5.0.6.jar:/Users/mathumathibalakrishnan/.m2/repository/io/cucumber/cucumber-expressions/16.1.2/cucumber-expressions-16.1.2.jar:/Users/mathumathibalakrishnan/.m2/repository/io/cucumber/datatable/7.14.0/datatable-7.14.0.jar:/Users/mathumathibalakrishnan/.m2/repository/io/cucumber/cucumber-plugin/7.14.0/cucumber-plugin-7.14.0.jar:/Users/mathumathibalakrishnan/.m2/repository/io/cucumber/docstring/7.14.0/docstring-7.14.0.jar:/Users/mathumathibalakrishnan/.m2/repository/io/cucumber/html-formatter/20.4.0/html-formatter-20.4.0.jar:/Users/mathumathibalakrishnan/.m2/repository/io/cucumber/junit-xml-formatter/0.2.0/junit-xml-formatter-0.2.0.jar:/Users/mathumathibalakrishnan/.m2/repository/io/cucumber/ci-environment/9.2.0/ci-environment-9.2.0.jar:/Users/mathumathibalakrishnan/.m2/repository/org/apiguardian/apiguardian-api/1.1.2/apiguardian-api-1.1.2.jar:/Users/mathumathibalakrishnan/.m2/repository/io/cucumber/cucumber-testng/7.14.0/cucumber-testng-7.14.0.jar:/Users/mathumathibalakrishnan/.m2/repository/io/cucumber/cucumber-junit/7.14.0/cucumber-junit-7.14.0.jar:/Users/mathumathibalakrishnan/.m2/repository/junit/junit/4.13.2/junit-4.13.2.jar:/Users/mathumathibalakrishnan/.m2/repository/org/hamcrest/hamcrest-core/1.3/hamcrest-core-1.3.jar:/Users/mathumathibalakrishnan/.m2/repository/org/hamcrest/hamcrest/2.2/hamcrest-2.2.jar:/Users/mathumathibalakrishnan/.m2/repository/org/slf4j/slf4j-simple/2.0.13/slf4j-simple-2.0.13.jar:"/>
    <property name="sun.cpu.endian" value="little"/>
    <property name="user.home" value="/Users/mathumathibalakrishnan"/>
    <property name="user.language" value="en"/>
    <property name="java.specification.vendor" value="Oracle Corporation"/>
    <property name="java.version.date" value="2024-01-16"/>
    <property name="java.home" value="/Library/Java/JavaVirtualMachines/temurin-21.jdk/Contents/Home"/>
    <property name="file.separator" value="/"/>
    <property name="basedir" value="/Users/mathumathibalakrishnan/eclipse/Mathumathi_2024/Team2_ChangeMakers_RestAssured"/>
    <property name="java.vm.compressedOopsMode" value="Zero based"/>
    <property name="line.separator" value="&#10;"/>
    <property name="java.vm.specification.vendor" value="Oracle Corporation"/>
    <property name="java.specification.name" value="Java Platform API Specification"/>
    <property name="apple.awt.application.name" value="ForkedBooter"/>
    <property name="surefire.real.class.path" value="/Users/mathumathibalakrishnan/eclipse/Mathumathi_2024/Team2_ChangeMakers_RestAssured/target/surefire/surefirebooter-20241122122708838_3.jar"/>
    <property name="sun.management.compiler" value="HotSpot 64-Bit Tiered Compilers"/>
    <property name="ftp.nonProxyHosts" value="local|*.local|169.254/16|*.169.254/16"/>
    <property name="java.runtime.version" value="21.0.2+13-LTS"/>
    <property name="user.name" value="mathumathibalakrishnan"/>
    <property name="stdout.encoding" value="UTF-8"/>
    <property name="path.separator" value=":"/>
    <property name="os.version" value="15.0.1"/>
    <property name="java.runtime.name" value="OpenJDK Runtime Environment"/>
    <property name="file.encoding" value="UTF-8"/>
    <property name="java.vm.name" value="OpenJDK 64-Bit Server VM"/>
    <property name="java.vendor.version" value="Temurin-21.0.2+13"/>
    <property name="localRepository" value="/Users/mathumathibalakrishnan/.m2/repository"/>
    <property name="java.vendor.url.bug" value="https://github.com/adoptium/adoptium-support/issues"/>
    <property name="java.io.tmpdir" value="/var/folders/14/9snw41b17dgf350s9rf9t0780000gp/T/"/>
    <property name="java.version" value="21.0.2"/>
    <property name="user.dir" value="/Users/mathumathibalakrishnan/eclipse/Mathumathi_2024/Team2_ChangeMakers_RestAssured"/>
    <property name="os.arch" value="aarch64"/>
    <property name="java.vm.specification.name" value="Java Virtual Machine Specification"/>
    <property name="native.encoding" value="UTF-8"/>
    <property name="java.library.path" value="/Users/mathumathibalakrishnan/Library/Java/Extensions:/Library/Java/Extensions:/Network/Library/Java/Extensions:/System/Library/Java/Extensions:/usr/lib/java:."/>
    <property name="java.vm.info" value="mixed mode"/>
    <property name="stderr.encoding" value="UTF-8"/>
    <property name="java.vendor" value="Eclipse Adoptium"/>
    <property name="java.vm.version" value="21.0.2+13-LTS"/>
    <property name="sun.io.unicode.encoding" value="UnicodeBig"/>
    <property name="socksNonProxyHosts" value="local|*.local|169.254/16|*.169.254/16"/>
    <property name="java.class.version" value="65.0"/>
  </properties>
  <testcase name="runScenario[&quot;Check if Admin able to retrieve all programs with valid Endpoint&quot;, &quot;ProgramModule : positive flow&quot;](1)" classname="apiRunner.TestRunner" time="0.268">
    <system-out><![CDATA[Token is eyJhbGciOiJIUzUxMiJ9.eyJzdWIiOiJzZGV0QGdtYWlsLmNvbSIsImlhdCI6MTczMjI5NjQzMCwiZXhwIjoxNzMyMzI1MjMwfQ.ryVgIkE8KDAPfT7JYsESHeMj_Q5JDtrP8GLi4L6fn2rMgbZt-FmxTQyrqxoML16w8pkc6-TU0zviodt_KRBaxQ
Setting token in Env Variables
[INFO ]2024-11-2212:27:11.145[main]generics.LoggerLoad1]-Executing setup code...
Token is eyJhbGciOiJIUzUxMiJ9.eyJzdWIiOiJzZGV0QGdtYWlsLmNvbSIsImlhdCI6MTczMjI5NjQzMSwiZXhwIjoxNzMyMzI1MjMxfQ.GXCmlp_kh5yKwyBxd4XNqbPJUzUoh4mCpKx8kHBNJy_NM4HOYnB63PAkfreFiUW0dGBml1PwQ-K7azgysTIDhQ
Setting token in Env Variables
[INFO ]2024-11-2212:27:11.415[main]generics.LoggerLoad1]-Executing setup code...

@GetAllPrograms
Scenario: Check if Admin able to retrieve all programs with valid Endpoint &amp#27;[90m# src/test/resources/features/Program.feature:8&amp#27;[0m
[INFO ]2024-11-2212:27:11.521[main]generics.LoggerLoad1]-Executing some precondition step => Check authentication details
[INFO ]2024-11-2212:27:11.522[main]generics.LoggerLoad1]-User is authenticated!!!
  &amp#27;[32mGiven &amp#27;[0m&amp#27;[32mAdmin provides valid authentication details&amp#27;[0m                        &amp#27;[90m# stepDefinitions.ProgramSteps.admin_provides_valid_authentication_details()&amp#27;[0m
  &amp#27;[32mWhen &amp#27;[0m&amp#27;[32mAdmin creates and executes GET all program Request for the LMS API&amp#27;[0m  &amp#27;[90m# stepDefinitions.ProgramSteps.admin_creates_and_executes_get_all_program_request_for_the_lms_api()&amp#27;[0m
  &amp#27;[32mThen &amp#27;[0m&amp#27;[32mAdmin receives &amp#27;[0m&amp#27;[32m&amp#27;[1m200&amp#27;[0m&amp#27;[32m OK Status with program response body&amp#27;[0m             &amp#27;[90m# stepDefinitions.ProgramSteps.admin_receives_ok_status_with_program_response_body(java.lang.Integer)&amp#27;[0m
]]></system-out>
    <system-err><![CDATA[SLF4J: Failed to load class "org.slf4j.impl.StaticLoggerBinder".
SLF4J: Defaulting to no-operation (NOP) logger implementation
SLF4J: See http://www.slf4j.org/codes.html#StaticLoggerBinder for further details.
]]></system-err>
  </testcase>
  <testcase name="runScenario[&quot;Check if admin able to retrieve all class recording&quot;, &quot;Class 2 module&quot;](2)" classname="apiRunner.TestRunner" time="0.279">
    <system-out><![CDATA[
@GetAllRecordings
Scenario: Check if admin able to retrieve all class recording                               &amp#27;[90m# src/test/resources/features/class2.feature:10&amp#27;[0m
[INFO ]2024-11-2212:27:11.739[main]generics.LoggerLoad1]-Executing some precondition step => Check authentication details
[INFO ]2024-11-2212:27:11.739[main]generics.LoggerLoad1]-User is authenticated!!!
  &amp#27;[32mGiven &amp#27;[0m&amp#27;[32mAdmin sets Authorization for class module&amp#27;[0m                                           &amp#27;[90m# stepDefinitions.class2Steps.admin_sets_authorization_for_class_module()&amp#27;[0m
  &amp#27;[32mWhen &amp#27;[0m&amp#27;[32mAdmin creates GET Request and sends HTTPS Request with endpoint for getAllRecordings&amp#27;[0m &amp#27;[90m# stepDefinitions.class2Steps.admin_creates_get_request_and_sends_https_request_with_endpoint_for_getallrecordings()&amp#27;[0m
[{"csId":38,"classRecordingPath":null},{"csId":48,"classRecordingPath":null},{"csId":51,"classRecordingPath":"video1334142932.mp4"},{"csId":52,"classRecordingPath":"/Users/akshatakanaje/Downloads/video1334142932.mp4"},{"csId":53,"classRecordingPath":"/Users/SamaS/Downloads/video1334142932.mp4"},{"csId":54,"classRecordingPath":"string"},{"csId":42,"classRecordingPath":null},{"csId":55,"classRecordingPath":"C://Recording"},{"csId":56,"classRecordingPath":"https://transcripts.gotomeeting.com/#/s/d1d1254168e0562a7eafbdebe201dacd88e2a5be33dc1db045972c7808099475"},{"csId":57,"classRecordingPath":"https://transcripts.gotomeeting.com/#/s/d1d1254168e0562a7eafbdebe201dacd88e2a5be33dc1db045972c7808099475"},{"csId":58,"classRecordingPath":"https://transcripts.gotomeeting.com/#/s/d1d1254168e0562a7eafbdebe201dacd88e2a5be33dc1db045972c7808099475"},{"csId":59,"classRecordingPath":"https://transcripts.gotomeeting.com/?utm_source=recordingReadyNotification&utm_medium=email#/s/3340bd05252ea34272a4245c70a14f8392d1bda9790d28ae37df98636e9c6451"},{"csId":60,"classRecordingPath":"https://transcripts.gotomeeting.com/?utm_source=recordingReadyNotification&utm_medium=email#/s/3340bd05252ea34272a4245c70a14f8392d1bda9790d28ae37df98636e9c6451"},{"csId":36,"classRecordingPath":"C:\\Recordings"},{"csId":50,"classRecordingPath":"https://www.youtube.com/watch?v=YyB2NGV69xE&list=PLFGoYjJG_fqo4oVsa6l_V-_7-tzBnlulT&index=1"},{"csId":61,"classRecordingPath":"C:\\Recordings"},{"csId":35,"classRecordingPath":"C:\\Recordings"},{"csId":62,"classRecordingPath":"RecordingPath"},{"csId":63,"classRecordingPath":"C:\\Recordings"},{"csId":64,"classRecordingPath":null},{"csId":95,"classRecordingPath":"Rec"},{"csId":96,"classRecordingPath":null},{"csId":97,"classRecordingPath":null},{"csId":104,"classRecordingPath":"D://Downloads"},{"csId":98,"classRecordingPath":"D:\\ClassRecording"},{"csId":99,"classRecordingPath":"D://Downloads"},{"csId":102,"classRecordingPath":"D://Downloads"},{"csId":100,"classRecordingPath":"E://Mathu"},{"csId":101,"classRecordingPath":"C:\\DanceRecordings"},{"csId":103,"classRecordingPath":"D://Downloads"},{"csId":105,"classRecordingPath":"D://Downloads"},{"csId":106,"classRecordingPath":"D://Downloads"}]
Status Code: 200
Mapped Status Text: OK
  &amp#27;[32mThen &amp#27;[0m&amp#27;[32mAdmin receives &amp#27;[0m&amp#27;[32m&amp#27;[1m200&amp#27;[0m&amp#27;[32m &amp#27;[0m&amp#27;[32m&amp#27;[1m"OK"&amp#27;[0m&amp#27;[32m Status for getAllRecordings&amp#27;[0m                                  &amp#27;[90m# stepDefinitions.class2Steps.admin_receives_status_for_getallrecordings(java.lang.Integer,java.lang.String)&amp#27;[0m
]]></system-out>
  </testcase>
  <testcase name="runScenario[&quot;Check if admin able to retrieve all class recording with invalid Endpoint&quot;, &quot;Class 2 module&quot;](3)" classname="apiRunner.TestRunner" time="0.243">
    <system-out><![CDATA[
@GetAllRecordings
Scenario: Check if admin able to retrieve all class recording with invalid Endpoint                 &amp#27;[90m# src/test/resources/features/class2.feature:15&amp#27;[0m
[INFO ]2024-11-2212:27:12.021[main]generics.LoggerLoad1]-Executing some precondition step => Check authentication details
[INFO ]2024-11-2212:27:12.021[main]generics.LoggerLoad1]-User is authenticated!!!
  &amp#27;[32mGiven &amp#27;[0m&amp#27;[32mAdmin sets Authorization for class module&amp#27;[0m                                                   &amp#27;[90m# stepDefinitions.class2Steps.admin_sets_authorization_for_class_module()&amp#27;[0m
  &amp#27;[32mWhen &amp#27;[0m&amp#27;[32mAdmin creates GET Request and sends HTTPS Request with invalid endpoint for getAllRecordings&amp#27;[0m &amp#27;[90m# stepDefinitions.class2Steps.admin_creates_get_request_and_sends_https_request_with_invalid_endpoint_for_getallrecordings()&amp#27;[0m
Invalid endpoint
Status Code: 404
Mapped Status Text: Not Found
  &amp#27;[32mThen &amp#27;[0m&amp#27;[32mAdmin receives &amp#27;[0m&amp#27;[32m&amp#27;[1m404&amp#27;[0m&amp#27;[32m &amp#27;[0m&amp#27;[32m&amp#27;[1m"Not Found"&amp#27;[0m&amp#27;[32m Status for getAllRecordings&amp#27;[0m                                   &amp#27;[90m# stepDefinitions.class2Steps.admin_receives_status_for_getallrecordings(java.lang.Integer,java.lang.String)&amp#27;[0m
]]></system-out>
  </testcase>
  <testcase name="runScenario[&quot;Check if admin able to retrieve all class recording with invalid method&quot;, &quot;Class 2 module&quot;](4)" classname="apiRunner.TestRunner" time="0.218">
    <system-out><![CDATA[
@GetAllRecordings
Scenario: Check if admin able to retrieve all class recording with invalid method                   &amp#27;[90m# src/test/resources/features/class2.feature:20&amp#27;[0m
[INFO ]2024-11-2212:27:12.260[main]generics.LoggerLoad1]-Executing some precondition step => Check authentication details
[INFO ]2024-11-2212:27:12.260[main]generics.LoggerLoad1]-User is authenticated!!!
  &amp#27;[32mGiven &amp#27;[0m&amp#27;[32mAdmin sets Authorization for class module&amp#27;[0m                                                   &amp#27;[90m# stepDefinitions.class2Steps.admin_sets_authorization_for_class_module()&amp#27;[0m
  &amp#27;[32mWhen &amp#27;[0m&amp#27;[32mAdmin creates Other Request and sends HTTPS Request with valid endpoint for getAllRecordings&amp#27;[0m &amp#27;[90m# stepDefinitions.class2Steps.admin_creates_other_request_and_sends_https_request_with_valid_endpoint_for_getallrecordings()&amp#27;[0m
{"message":"Request method 'POST' is not supported","success":false}
Status Code: 405
Mapped Status Text: Method Not Allowed
  &amp#27;[32mThen &amp#27;[0m&amp#27;[32mAdmin receives &amp#27;[0m&amp#27;[32m&amp#27;[1m405&amp#27;[0m&amp#27;[32m &amp#27;[0m&amp#27;[32m&amp#27;[1m"Method Not Allowed"&amp#27;[0m&amp#27;[32m Status for getAllRecordings&amp#27;[0m                          &amp#27;[90m# stepDefinitions.class2Steps.admin_receives_status_for_getallrecordings(java.lang.Integer,java.lang.String)&amp#27;[0m
]]></system-out>
  </testcase>
  <testcase name="runScenario[&quot;Check if admin able to retrieve all class recording without Authorization&quot;, &quot;Class 2 module&quot;](5)" classname="apiRunner.TestRunner" time="0.162">
    <system-out><![CDATA[
@GetAllRecordings
Scenario: Check if admin able to retrieve all class recording without Authorization                                &amp#27;[90m# src/test/resources/features/class2.feature:25&amp#27;[0m
[INFO ]2024-11-2212:27:12.475[main]generics.LoggerLoad1]-Executing some precondition step => Check authentication details
[INFO ]2024-11-2212:27:12.475[main]generics.LoggerLoad1]-User is authenticated!!!
  &amp#27;[32mGiven &amp#27;[0m&amp#27;[32mAdmin sets Authorization for class module&amp#27;[0m                                                                  &amp#27;[90m# stepDefinitions.class2Steps.admin_sets_authorization_for_class_module()&amp#27;[0m
  &amp#27;[32mWhen &amp#27;[0m&amp#27;[32mAdmin creates GET Request and sends HTTPS Request with valid endpoint but without Auth for getAllRecordings&amp#27;[0m &amp#27;[90m# stepDefinitions.class2Steps.admin_creates_get_request_and_sends_https_request_with_valid_endpoint_but_without_auth_for_getallrecordings()&amp#27;[0m

Status Code: 401
Mapped Status Text: Unauthorized
  &amp#27;[32mThen &amp#27;[0m&amp#27;[32mAdmin receives &amp#27;[0m&amp#27;[32m&amp#27;[1m401&amp#27;[0m&amp#27;[32m &amp#27;[0m&amp#27;[32m&amp#27;[1m"Unauthorized"&amp#27;[0m&amp#27;[32m Status for getAllRecordings&amp#27;[0m                                               &amp#27;[90m# stepDefinitions.class2Steps.admin_receives_status_for_getallrecordings(java.lang.Integer,java.lang.String)&amp#27;[0m
]]></system-out>
  </testcase>
  <testcase name="runScenario[&quot;Check if admin able to retrieve class recording  with valid Batchid&quot;, &quot;Class 2 module&quot;](6)" classname="apiRunner.TestRunner" time="0.22">
    <system-out><![CDATA[
@GetClassRecordingsbyBatchId
Scenario: Check if admin able to retrieve class recording  with valid Batchid                          &amp#27;[90m# src/test/resources/features/class2.feature:31&amp#27;[0m
[INFO ]2024-11-2212:27:12.637[main]generics.LoggerLoad1]-Executing some precondition step => Check authentication details
[INFO ]2024-11-2212:27:12.637[main]generics.LoggerLoad1]-User is authenticated!!!
  &amp#27;[32mGiven &amp#27;[0m&amp#27;[32mAdmin sets Authorization for class module&amp#27;[0m                                                      &amp#27;[90m# stepDefinitions.class2Steps.admin_sets_authorization_for_class_module()&amp#27;[0m
  &amp#27;[32mWhen &amp#27;[0m&amp#27;[32mAdmin creates GET Request and sends HTTPS Request with endpoint for getClassRecordingsByBatchID&amp#27;[0m &amp#27;[90m# stepDefinitions.class2Steps.admin_creates_get_request_and_sends_https_request_with_endpoint_for_getClassRecordingsByBatchID()&amp#27;[0m
[{"csId":104,"classRecordingPath":"D://Downloads"},{"csId":102,"classRecordingPath":"D://Downloads"}]
Status Code: 200
Mapped Status Text: OK
  &amp#27;[32mThen &amp#27;[0m&amp#27;[32mAdmin receives &amp#27;[0m&amp#27;[32m&amp#27;[1m200&amp#27;[0m&amp#27;[32m &amp#27;[0m&amp#27;[32m&amp#27;[1m"OK"&amp#27;[0m&amp#27;[32m Status for getClassRecordingsByBatchID&amp#27;[0m                                  &amp#27;[90m# stepDefinitions.class2Steps.admin_receives_status_for_getClassRecordingsByBatchID(java.lang.Integer,java.lang.String)&amp#27;[0m
]]></system-out>
  </testcase>
  <testcase name="runScenario[&quot;Check if admin able to retrieve  class recording with invalid Batchid&quot;, &quot;Class 2 module&quot;](7)" classname="apiRunner.TestRunner" time="0.133">
    <system-out><![CDATA[
@GetClassRecordingsbyBatchId
Scenario: Check if admin able to retrieve  class recording with invalid Batchid                               &amp#27;[90m# src/test/resources/features/class2.feature:36&amp#27;[0m
[INFO ]2024-11-2212:27:12.863[main]generics.LoggerLoad1]-Executing some precondition step => Check authentication details
[INFO ]2024-11-2212:27:12.863[main]generics.LoggerLoad1]-User is authenticated!!!
  &amp#27;[32mGiven &amp#27;[0m&amp#27;[32mAdmin sets Authorization for class module&amp#27;[0m                                                             &amp#27;[90m# stepDefinitions.class2Steps.admin_sets_authorization_for_class_module()&amp#27;[0m
  &amp#27;[32mWhen &amp#27;[0m&amp#27;[32mAdmin creates GET Request and sends HTTPS Request with invalid batchID for getClassRecordingsByBatchID&amp#27;[0m &amp#27;[90m# stepDefinitions.class2Steps.admin_creates_get_request_and_sends_https_request_with_invalid_batchID_for_getClassRecordingsByBatchID()&amp#27;[0m
{"message":"Class Recording not found with batchId :100001","success":false}
Status Code: 404
Mapped Status Text: Not Found
  &amp#27;[32mThen &amp#27;[0m&amp#27;[32mAdmin receives &amp#27;[0m&amp#27;[32m&amp#27;[1m404&amp#27;[0m&amp#27;[32m &amp#27;[0m&amp#27;[32m&amp#27;[1m"Not Found"&amp#27;[0m&amp#27;[32m Status for getClassRecordingsByBatchID&amp#27;[0m                                  &amp#27;[90m# stepDefinitions.class2Steps.admin_receives_status_for_getClassRecordingsByBatchID(java.lang.Integer,java.lang.String)&amp#27;[0m
]]></system-out>
  </testcase>
  <testcase name="runScenario[&quot;Check if admin able to retrieve class recording with invalid Endpoint&quot;, &quot;Class 2 module&quot;](8)" classname="apiRunner.TestRunner" time="0.141">
    <system-out><![CDATA[
@GetClassRecordingsbyBatchId
Scenario: Check if admin able to retrieve class recording with invalid Endpoint                                &amp#27;[90m# src/test/resources/features/class2.feature:41&amp#27;[0m
[INFO ]2024-11-2212:27:12.989[main]generics.LoggerLoad1]-Executing some precondition step => Check authentication details
[INFO ]2024-11-2212:27:12.989[main]generics.LoggerLoad1]-User is authenticated!!!
  &amp#27;[32mGiven &amp#27;[0m&amp#27;[32mAdmin sets Authorization for class module&amp#27;[0m                                                              &amp#27;[90m# stepDefinitions.class2Steps.admin_sets_authorization_for_class_module()&amp#27;[0m
  &amp#27;[32mWhen &amp#27;[0m&amp#27;[32mAdmin creates GET Request and sends HTTPS Request with invalid endpoint for getClassRecordingsByBatchID&amp#27;[0m &amp#27;[90m# stepDefinitions.class2Steps.admin_creates_get_request_and_sends_https_request_with_invalid_endpoint_for_getClassRecordingsByBatchID()&amp#27;[0m
Invalid endpoint
Status Code: 404
Mapped Status Text: Not Found
  &amp#27;[32mThen &amp#27;[0m&amp#27;[32mAdmin receives &amp#27;[0m&amp#27;[32m&amp#27;[1m404&amp#27;[0m&amp#27;[32m &amp#27;[0m&amp#27;[32m&amp#27;[1m"Not Found"&amp#27;[0m&amp#27;[32m Status for getClassRecordingsByBatchID&amp#27;[0m                                   &amp#27;[90m# stepDefinitions.class2Steps.admin_receives_status_for_getClassRecordingsByBatchID(java.lang.Integer,java.lang.String)&amp#27;[0m
]]></system-out>
  </testcase>
  <testcase name="runScenario[&quot;Check if admin able to retrieve class recording with invalid method&quot;, &quot;Class 2 module&quot;](9)" classname="apiRunner.TestRunner" time="0.209">
    <system-out><![CDATA[
@GetClassRecordingsbyBatchId
Scenario: Check if admin able to retrieve class recording with invalid method                                  &amp#27;[90m# src/test/resources/features/class2.feature:46&amp#27;[0m
[INFO ]2024-11-2212:27:13.132[main]generics.LoggerLoad1]-Executing some precondition step => Check authentication details
[INFO ]2024-11-2212:27:13.132[main]generics.LoggerLoad1]-User is authenticated!!!
  &amp#27;[32mGiven &amp#27;[0m&amp#27;[32mAdmin sets Authorization for class module&amp#27;[0m                                                              &amp#27;[90m# stepDefinitions.class2Steps.admin_sets_authorization_for_class_module()&amp#27;[0m
  &amp#27;[32mWhen &amp#27;[0m&amp#27;[32mAdmin creates Other Request and sends HTTPS Request with valid endpoint for getClassRecordingsByBatchID&amp#27;[0m &amp#27;[90m# stepDefinitions.class2Steps.admin_creates_other_request_and_sends_https_request_with_valid_endpoint_for_getClassRecordingsByBatchID()&amp#27;[0m
{"message":"Request method 'POST' is not supported","success":false}
Status Code: 405
Mapped Status Text: Method Not Allowed
  &amp#27;[32mThen &amp#27;[0m&amp#27;[32mAdmin receives &amp#27;[0m&amp#27;[32m&amp#27;[1m405&amp#27;[0m&amp#27;[32m &amp#27;[0m&amp#27;[32m&amp#27;[1m"Method Not Allowed"&amp#27;[0m&amp#27;[32m Status for getClassRecordingsByBatchID&amp#27;[0m                          &amp#27;[90m# stepDefinitions.class2Steps.admin_receives_status_for_getClassRecordingsByBatchID(java.lang.Integer,java.lang.String)&amp#27;[0m
]]></system-out>
  </testcase>
  <testcase name="runScenario[&quot;Check if admin able to retrieve  class recording without Authorization&quot;, &quot;Class 2 module&quot;](10)" classname="apiRunner.TestRunner" time="0.154">
    <system-out><![CDATA[
@GetClassRecordingsbyBatchId
Scenario: Check if admin able to retrieve  class recording without Authorization                                              &amp#27;[90m# src/test/resources/features/class2.feature:51&amp#27;[0m
[INFO ]2024-11-2212:27:13.343[main]generics.LoggerLoad1]-Executing some precondition step => Check authentication details
[INFO ]2024-11-2212:27:13.343[main]generics.LoggerLoad1]-User is authenticated!!!
  &amp#27;[32mGiven &amp#27;[0m&amp#27;[32mAdmin sets Authorization for class module&amp#27;[0m                                                                             &amp#27;[90m# stepDefinitions.class2Steps.admin_sets_authorization_for_class_module()&amp#27;[0m
  &amp#27;[32mWhen &amp#27;[0m&amp#27;[32mAdmin creates GET Request and sends HTTPS Request with valid endpoint but without Auth for getClassRecordingsByBatchID&amp#27;[0m &amp#27;[90m# stepDefinitions.class2Steps.admin_creates_get_request_and_sends_https_request_with_valid_endpoint_but_without_auth_for_getClassRecordingsByBatchID()&amp#27;[0m

Status Code: 401
Mapped Status Text: Unauthorized
  &amp#27;[32mThen &amp#27;[0m&amp#27;[32mAdmin receives &amp#27;[0m&amp#27;[32m&amp#27;[1m401&amp#27;[0m&amp#27;[32m &amp#27;[0m&amp#27;[32m&amp#27;[1m"Unauthorized"&amp#27;[0m&amp#27;[32m Status for getClassRecordingsByBatchID&amp#27;[0m                                               &amp#27;[90m# stepDefinitions.class2Steps.admin_receives_status_for_getClassRecordingsByBatchID(java.lang.Integer,java.lang.String)&amp#27;[0m
]]></system-out>
  </testcase>
  <testcase name="runScenario[&quot;Check if admin able to retrieve class recording  with valid ClassID&quot;, &quot;Class 2 module&quot;](11)" classname="apiRunner.TestRunner" time="0.131">
    <system-out><![CDATA[
@GetClassRecordingsbyClassId
Scenario: Check if admin able to retrieve class recording  with valid ClassID                          &amp#27;[90m# src/test/resources/features/class2.feature:57&amp#27;[0m
[INFO ]2024-11-2212:27:13.499[main]generics.LoggerLoad1]-Executing some precondition step => Check authentication details
[INFO ]2024-11-2212:27:13.499[main]generics.LoggerLoad1]-User is authenticated!!!
  &amp#27;[32mGiven &amp#27;[0m&amp#27;[32mAdmin sets Authorization for class module&amp#27;[0m                                                      &amp#27;[90m# stepDefinitions.class2Steps.admin_sets_authorization_for_class_module()&amp#27;[0m
  &amp#27;[32mWhen &amp#27;[0m&amp#27;[32mAdmin creates GET Request and sends HTTPS Request with endpoint for getClassRecordingsByClassID&amp#27;[0m &amp#27;[90m# stepDefinitions.class2Steps.admin_creates_get_request_and_sends_https_request_with_endpoint_for_getClassRecordingsByClassID()&amp#27;[0m
{"csId":102,"classRecordingPath":"D://Downloads"}
Status Code: 200
Mapped Status Text: OK
  &amp#27;[32mThen &amp#27;[0m&amp#27;[32mAdmin receives &amp#27;[0m&amp#27;[32m&amp#27;[1m200&amp#27;[0m&amp#27;[32m &amp#27;[0m&amp#27;[32m&amp#27;[1m"OK"&amp#27;[0m&amp#27;[32m Status for getClassRecordingsByClassID&amp#27;[0m                                  &amp#27;[90m# stepDefinitions.class2Steps.admin_receives_status_for_getClassRecordingsByClassID(java.lang.Integer,java.lang.String)&amp#27;[0m
]]></system-out>
  </testcase>
  <testcase name="runScenario[&quot;Check if admin able to retrieve  class recording with invalid ClassID&quot;, &quot;Class 2 module&quot;](12)" classname="apiRunner.TestRunner" time="0.104">
    <system-out><![CDATA[
@GetClassRecordingsbyClassId
Scenario: Check if admin able to retrieve  class recording with invalid ClassID                               &amp#27;[90m# src/test/resources/features/class2.feature:62&amp#27;[0m
[INFO ]2024-11-2212:27:13.626[main]generics.LoggerLoad1]-Executing some precondition step => Check authentication details
[INFO ]2024-11-2212:27:13.627[main]generics.LoggerLoad1]-User is authenticated!!!
  &amp#27;[32mGiven &amp#27;[0m&amp#27;[32mAdmin sets Authorization for class module&amp#27;[0m                                                             &amp#27;[90m# stepDefinitions.class2Steps.admin_sets_authorization_for_class_module()&amp#27;[0m
  &amp#27;[32mWhen &amp#27;[0m&amp#27;[32mAdmin creates GET Request and sends HTTPS Request with invalid batchID for getClassRecordingsByClassID&amp#27;[0m &amp#27;[90m# stepDefinitions.class2Steps.admin_creates_get_request_and_sends_https_request_with_invalid_batchID_for_getClassRecordingsByClassID()&amp#27;[0m
{"message":"Class not found with Id : 100001 ","success":false}
Status Code: 404
Mapped Status Text: Not Found
  &amp#27;[32mThen &amp#27;[0m&amp#27;[32mAdmin receives &amp#27;[0m&amp#27;[32m&amp#27;[1m404&amp#27;[0m&amp#27;[32m &amp#27;[0m&amp#27;[32m&amp#27;[1m"Not Found"&amp#27;[0m&amp#27;[32m Status for getClassRecordingsByClassID&amp#27;[0m                                  &amp#27;[90m# stepDefinitions.class2Steps.admin_receives_status_for_getClassRecordingsByClassID(java.lang.Integer,java.lang.String)&amp#27;[0m
]]></system-out>
  </testcase>
  <testcase name="runScenario[&quot;Check if admin able to retrieve class recording with invalid Endpoint&quot;, &quot;Class 2 module&quot;](13)" classname="apiRunner.TestRunner" time="0.158">
    <system-out><![CDATA[
@GetClassRecordingsbyClassId
Scenario: Check if admin able to retrieve class recording with invalid Endpoint                                &amp#27;[90m# src/test/resources/features/class2.feature:67&amp#27;[0m
[INFO ]2024-11-2212:27:13.729[main]generics.LoggerLoad1]-Executing some precondition step => Check authentication details
[INFO ]2024-11-2212:27:13.729[main]generics.LoggerLoad1]-User is authenticated!!!
  &amp#27;[32mGiven &amp#27;[0m&amp#27;[32mAdmin sets Authorization for class module&amp#27;[0m                                                              &amp#27;[90m# stepDefinitions.class2Steps.admin_sets_authorization_for_class_module()&amp#27;[0m
  &amp#27;[32mWhen &amp#27;[0m&amp#27;[32mAdmin creates GET Request and sends HTTPS Request with invalid endpoint for getClassRecordingsByClassID&amp#27;[0m &amp#27;[90m# stepDefinitions.class2Steps.admin_creates_get_request_and_sends_https_request_with_invalid_endpoint_for_getClassRecordingsByClassID()&amp#27;[0m
Invalid endpoint
Status Code: 404
Mapped Status Text: Not Found
  &amp#27;[32mThen &amp#27;[0m&amp#27;[32mAdmin receives &amp#27;[0m&amp#27;[32m&amp#27;[1m404&amp#27;[0m&amp#27;[32m &amp#27;[0m&amp#27;[32m&amp#27;[1m"Not Found"&amp#27;[0m&amp#27;[32m Status for getClassRecordingsByClassID&amp#27;[0m                                   &amp#27;[90m# stepDefinitions.class2Steps.admin_receives_status_for_getClassRecordingsByClassID(java.lang.Integer,java.lang.String)&amp#27;[0m
]]></system-out>
  </testcase>
  <testcase name="runScenario[&quot;Check if admin able to retrieve class recording with invalid method&quot;, &quot;Class 2 module&quot;](14)" classname="apiRunner.TestRunner" time="0.191">
    <system-out><![CDATA[
@GetClassRecordingsbyClassId
Scenario: Check if admin able to retrieve class recording with invalid method                                  &amp#27;[90m# src/test/resources/features/class2.feature:72&amp#27;[0m
[INFO ]2024-11-2212:27:13.886[main]generics.LoggerLoad1]-Executing some precondition step => Check authentication details
[INFO ]2024-11-2212:27:13.886[main]generics.LoggerLoad1]-User is authenticated!!!
  &amp#27;[32mGiven &amp#27;[0m&amp#27;[32mAdmin sets Authorization for class module&amp#27;[0m                                                              &amp#27;[90m# stepDefinitions.class2Steps.admin_sets_authorization_for_class_module()&amp#27;[0m
  &amp#27;[32mWhen &amp#27;[0m&amp#27;[32mAdmin creates Other Request and sends HTTPS Request with valid endpoint for getClassRecordingsByClassID&amp#27;[0m &amp#27;[90m# stepDefinitions.class2Steps.admin_creates_other_request_and_sends_https_request_with_valid_endpoint_for_getClassRecordingsByClassID()&amp#27;[0m
{"message":"Request method 'POST' is not supported","success":false}
Status Code: 405
Mapped Status Text: Method Not Allowed
  &amp#27;[32mThen &amp#27;[0m&amp#27;[32mAdmin receives &amp#27;[0m&amp#27;[32m&amp#27;[1m405&amp#27;[0m&amp#27;[32m &amp#27;[0m&amp#27;[32m&amp#27;[1m"Method Not Allowed"&amp#27;[0m&amp#27;[32m Status for getClassRecordingsByClassID&amp#27;[0m                          &amp#27;[90m# stepDefinitions.class2Steps.admin_receives_status_for_getClassRecordingsByClassID(java.lang.Integer,java.lang.String)&amp#27;[0m
]]></system-out>
  </testcase>
  <testcase name="runScenario[&quot;Check if admin able to retrieve  class recording without Authorization&quot;, &quot;Class 2 module&quot;](15)" classname="apiRunner.TestRunner" time="0.18">
    <system-out><![CDATA[
@GetClassRecordingsbyClassId
Scenario: Check if admin able to retrieve  class recording without Authorization                                              &amp#27;[90m# src/test/resources/features/class2.feature:77&amp#27;[0m
[INFO ]2024-11-2212:27:14.081[main]generics.LoggerLoad1]-Executing some precondition step => Check authentication details
[INFO ]2024-11-2212:27:14.081[main]generics.LoggerLoad1]-User is authenticated!!!
  &amp#27;[32mGiven &amp#27;[0m&amp#27;[32mAdmin sets Authorization for class module&amp#27;[0m                                                                             &amp#27;[90m# stepDefinitions.class2Steps.admin_sets_authorization_for_class_module()&amp#27;[0m
  &amp#27;[32mWhen &amp#27;[0m&amp#27;[32mAdmin creates GET Request and sends HTTPS Request with valid endpoint but without Auth for getClassRecordingsByClassID&amp#27;[0m &amp#27;[90m# stepDefinitions.class2Steps.admin_creates_get_request_and_sends_https_request_with_valid_endpoint_but_without_auth_for_getClassRecordingsByClassID()&amp#27;[0m

Status Code: 401
Mapped Status Text: Unauthorized
  &amp#27;[32mThen &amp#27;[0m&amp#27;[32mAdmin receives &amp#27;[0m&amp#27;[32m&amp#27;[1m401&amp#27;[0m&amp#27;[32m &amp#27;[0m&amp#27;[32m&amp#27;[1m"Unauthorized"&amp#27;[0m&amp#27;[32m Status for getClassRecordingsByClassID&amp#27;[0m                                               &amp#27;[90m# stepDefinitions.class2Steps.admin_receives_status_for_getClassRecordingsByClassID(java.lang.Integer,java.lang.String)&amp#27;[0m
]]></system-out>
  </testcase>
  <testcase name="runScenario[&quot;Check if admin able to retrieve class recording  with valid ClassID&quot;, &quot;Class 2 module&quot;](16)" classname="apiRunner.TestRunner" time="0.237">
    <system-out><![CDATA[
@GetClassRecordingsbyClassId2
Scenario: Check if admin able to retrieve class recording  with valid ClassID                           &amp#27;[90m# src/test/resources/features/class2.feature:83&amp#27;[0m
[INFO ]2024-11-2212:27:14.261[main]generics.LoggerLoad1]-Executing some precondition step => Check authentication details
[INFO ]2024-11-2212:27:14.261[main]generics.LoggerLoad1]-User is authenticated!!!
  &amp#27;[32mGiven &amp#27;[0m&amp#27;[32mAdmin sets Authorization for class module&amp#27;[0m                                                       &amp#27;[90m# stepDefinitions.class2Steps.admin_sets_authorization_for_class_module()&amp#27;[0m
  &amp#27;[32mWhen &amp#27;[0m&amp#27;[32mAdmin creates GET Request and sends HTTPS Request with endpoint for getClassRecordingsByClassID2&amp#27;[0m &amp#27;[90m# stepDefinitions.class2Steps.admin_creates_get_request_and_sends_https_request_with_endpoint_for_getClassRecordingsByClassID2()&amp#27;[0m
{"csId":102,"classRecordingPath":"D://Downloads"}
Status Code: 200
Mapped Status Text: OK
  &amp#27;[32mThen &amp#27;[0m&amp#27;[32mAdmin receives &amp#27;[0m&amp#27;[32m&amp#27;[1m200&amp#27;[0m&amp#27;[32m &amp#27;[0m&amp#27;[32m&amp#27;[1m"OK"&amp#27;[0m&amp#27;[32m Status for getClassRecordingsByClassID2&amp#27;[0m                                  &amp#27;[90m# stepDefinitions.class2Steps.admin_receives_status_for_getClassRecordingsByClassID2(java.lang.Integer,java.lang.String)&amp#27;[0m
]]></system-out>
  </testcase>
  <testcase name="runScenario[&quot;Check if admin able to retrieve  class recording with invalid ClassID&quot;, &quot;Class 2 module&quot;](17)" classname="apiRunner.TestRunner" time="0.144">
    <system-out><![CDATA[
@GetClassRecordingsbyClassId2
Scenario: Check if admin able to retrieve  class recording with invalid ClassID                                &amp#27;[90m# src/test/resources/features/class2.feature:88&amp#27;[0m
[INFO ]2024-11-2212:27:14.499[main]generics.LoggerLoad1]-Executing some precondition step => Check authentication details
[INFO ]2024-11-2212:27:14.499[main]generics.LoggerLoad1]-User is authenticated!!!
  &amp#27;[32mGiven &amp#27;[0m&amp#27;[32mAdmin sets Authorization for class module&amp#27;[0m                                                              &amp#27;[90m# stepDefinitions.class2Steps.admin_sets_authorization_for_class_module()&amp#27;[0m
  &amp#27;[32mWhen &amp#27;[0m&amp#27;[32mAdmin creates GET Request and sends HTTPS Request with invalid batchID for getClassRecordingsByClassID2&amp#27;[0m &amp#27;[90m# stepDefinitions.class2Steps.admin_creates_get_request_and_sends_https_request_with_invalid_batchID_for_getClassRecordingsByClassID2()&amp#27;[0m
{"message":"Class not found with Id : 100001 ","success":false}
Status Code: 404
Mapped Status Text: Not Found
  &amp#27;[32mThen &amp#27;[0m&amp#27;[32mAdmin receives &amp#27;[0m&amp#27;[32m&amp#27;[1m404&amp#27;[0m&amp#27;[32m &amp#27;[0m&amp#27;[32m&amp#27;[1m"Not Found"&amp#27;[0m&amp#27;[32m Status for getClassRecordingsByClassID2&amp#27;[0m                                  &amp#27;[90m# stepDefinitions.class2Steps.admin_receives_status_for_getClassRecordingsByClassID2(java.lang.Integer,java.lang.String)&amp#27;[0m
]]></system-out>
  </testcase>
  <testcase name="runScenario[&quot;Check if admin able to retrieve class recording with invalid Endpoint&quot;, &quot;Class 2 module&quot;](18)" classname="apiRunner.TestRunner" time="0.209">
    <system-out><![CDATA[
@GetClassRecordingsbyClassId2
Scenario: Check if admin able to retrieve class recording with invalid Endpoint                                 &amp#27;[90m# src/test/resources/features/class2.feature:93&amp#27;[0m
[INFO ]2024-11-2212:27:14.641[main]generics.LoggerLoad1]-Executing some precondition step => Check authentication details
[INFO ]2024-11-2212:27:14.641[main]generics.LoggerLoad1]-User is authenticated!!!
  &amp#27;[32mGiven &amp#27;[0m&amp#27;[32mAdmin sets Authorization for class module&amp#27;[0m                                                               &amp#27;[90m# stepDefinitions.class2Steps.admin_sets_authorization_for_class_module()&amp#27;[0m
  &amp#27;[32mWhen &amp#27;[0m&amp#27;[32mAdmin creates GET Request and sends HTTPS Request with invalid endpoint for getClassRecordingsByClassID2&amp#27;[0m &amp#27;[90m# stepDefinitions.class2Steps.admin_creates_get_request_and_sends_https_request_with_invalid_endpoint_for_getClassRecordingsByClassID2()&amp#27;[0m
Invalid endpoint
Status Code: 404
Mapped Status Text: Not Found
  &amp#27;[32mThen &amp#27;[0m&amp#27;[32mAdmin receives &amp#27;[0m&amp#27;[32m&amp#27;[1m404&amp#27;[0m&amp#27;[32m &amp#27;[0m&amp#27;[32m&amp#27;[1m"Not Found"&amp#27;[0m&amp#27;[32m Status for getClassRecordingsByClassID2&amp#27;[0m                                   &amp#27;[90m# stepDefinitions.class2Steps.admin_receives_status_for_getClassRecordingsByClassID2(java.lang.Integer,java.lang.String)&amp#27;[0m
]]></system-out>
  </testcase>
  <testcase name="runScenario[&quot;Check if admin able to retrieve class recording with invalid method&quot;, &quot;Class 2 module&quot;](19)" classname="apiRunner.TestRunner" time="0.134">
    <system-out><![CDATA[
@GetClassRecordingsbyClassId2
Scenario: Check if admin able to retrieve class recording with invalid method                                   &amp#27;[90m# src/test/resources/features/class2.feature:98&amp#27;[0m
[INFO ]2024-11-2212:27:14.853[main]generics.LoggerLoad1]-Executing some precondition step => Check authentication details
[INFO ]2024-11-2212:27:14.853[main]generics.LoggerLoad1]-User is authenticated!!!
  &amp#27;[32mGiven &amp#27;[0m&amp#27;[32mAdmin sets Authorization for class module&amp#27;[0m                                                               &amp#27;[90m# stepDefinitions.class2Steps.admin_sets_authorization_for_class_module()&amp#27;[0m
  &amp#27;[32mWhen &amp#27;[0m&amp#27;[32mAdmin creates Other Request and sends HTTPS Request with valid endpoint for getClassRecordingsByClassID2&amp#27;[0m &amp#27;[90m# stepDefinitions.class2Steps.admin_creates_other_request_and_sends_https_request_with_valid_endpoint_for_getClassRecordingsByClassID2()&amp#27;[0m
{"message":"Request method 'POST' is not supported","success":false}
Status Code: 405
Mapped Status Text: Method Not Allowed
  &amp#27;[32mThen &amp#27;[0m&amp#27;[32mAdmin receives &amp#27;[0m&amp#27;[32m&amp#27;[1m405&amp#27;[0m&amp#27;[32m &amp#27;[0m&amp#27;[32m&amp#27;[1m"Method Not Allowed"&amp#27;[0m&amp#27;[32m Status for getClassRecordingsByClassID2&amp#27;[0m                          &amp#27;[90m# stepDefinitions.class2Steps.admin_receives_status_for_getClassRecordingsByClassID2(java.lang.Integer,java.lang.String)&amp#27;[0m
]]></system-out>
  </testcase>
  <testcase name="runScenario[&quot;Check if admin able to retrieve  class recording without Authorization&quot;, &quot;Class 2 module&quot;](20)" classname="apiRunner.TestRunner" time="0.197">
    <system-out><![CDATA[
@GetClassRecordingsbyClassId2
Scenario: Check if admin able to retrieve  class recording without Authorization                                               &amp#27;[90m# src/test/resources/features/class2.feature:103&amp#27;[0m
[INFO ]2024-11-2212:27:14.987[main]generics.LoggerLoad1]-Executing some precondition step => Check authentication details
[INFO ]2024-11-2212:27:14.987[main]generics.LoggerLoad1]-User is authenticated!!!
  &amp#27;[32mGiven &amp#27;[0m&amp#27;[32mAdmin sets Authorization for class module&amp#27;[0m                                                                              &amp#27;[90m# stepDefinitions.class2Steps.admin_sets_authorization_for_class_module()&amp#27;[0m
  &amp#27;[32mWhen &amp#27;[0m&amp#27;[32mAdmin creates GET Request and sends HTTPS Request with valid endpoint but without Auth for getClassRecordingsByClassID2&amp#27;[0m &amp#27;[90m# stepDefinitions.class2Steps.admin_creates_get_request_and_sends_https_request_with_valid_endpoint_but_without_auth_for_getClassRecordingsByClassID2()&amp#27;[0m

Status Code: 401
Mapped Status Text: Unauthorized
  &amp#27;[32mThen &amp#27;[0m&amp#27;[32mAdmin receives &amp#27;[0m&amp#27;[32m&amp#27;[1m401&amp#27;[0m&amp#27;[32m &amp#27;[0m&amp#27;[32m&amp#27;[1m"Unauthorized"&amp#27;[0m&amp#27;[32m Status for getClassRecordingsByClassID2&amp#27;[0m                                               &amp#27;[90m# stepDefinitions.class2Steps.admin_receives_status_for_getClassRecordingsByClassID2(java.lang.Integer,java.lang.String)&amp#27;[0m
]]></system-out>
  </testcase>
  <testcase name="runScenario[&quot;Check if admin able to retrieve upcoming classes with valid studentID&quot;, &quot;Class 2 module&quot;](21)" classname="apiRunner.TestRunner" time="0.547">
    <system-out><![CDATA[
@GetUpcomingClasses
Scenario: Check if admin able to retrieve upcoming classes with valid studentID               &amp#27;[90m# src/test/resources/features/class2.feature:109&amp#27;[0m
[INFO ]2024-11-2212:27:15.186[main]generics.LoggerLoad1]-Executing some precondition step => Check authentication details
[INFO ]2024-11-2212:27:15.186[main]generics.LoggerLoad1]-User is authenticated!!!
  &amp#27;[32mGiven &amp#27;[0m&amp#27;[32mAdmin sets Authorization for class module&amp#27;[0m                                             &amp#27;[90m# stepDefinitions.class2Steps.admin_sets_authorization_for_class_module()&amp#27;[0m
  &amp#27;[32mWhen &amp#27;[0m&amp#27;[32mAdmin creates GET Request and sends HTTPS Request with endpoint for getUpcomingClasses&amp#27;[0m &amp#27;[90m# stepDefinitions.class2Steps.admin_creates_get_request_and_sends_https_request_with_endpoint_for_getUpcomingClasses()&amp#27;[0m
[{"csId":63,"batchId":8432,"classNo":6,"classDate":"2024-12-01T00:00:00.000+00:00","classTopic":"Basics of AWS","classStatus":"Inactive","classStaffId":"U49","classDescription":"class desc","classComments":"comments","classNotes":"C:\\Classnotes","classRecordingPath":"C:\\Recordings","batchName":"DVLPR-0001","classScheduledDates":["2024-12-01T00:00:00.000+00:00","2024-12-02T00:00:00.000+00:00","2024-12-03T00:00:00.000+00:00","2024-12-04T00:00:00.000+00:00","2024-12-05T00:00:00.000+00:00","2024-12-06T00:00:00.000+00:00"]}]
Status Code: 200
Mapped Status Text: OK
  &amp#27;[32mThen &amp#27;[0m&amp#27;[32mAdmin receives &amp#27;[0m&amp#27;[32m&amp#27;[1m200&amp#27;[0m&amp#27;[32m &amp#27;[0m&amp#27;[32m&amp#27;[1m"OK"&amp#27;[0m&amp#27;[32m Status for getUpcomingClasses&amp#27;[0m                                  &amp#27;[90m# stepDefinitions.class2Steps.admin_receives_status_for_getUpcomingClasses(java.lang.Integer,java.lang.String)&amp#27;[0m
]]></system-out>
  </testcase>
  <testcase name="runScenario[&quot;Check if admin able to retrieve upcoming classes with invalid studentID&quot;, &quot;Class 2 module&quot;](22)" classname="apiRunner.TestRunner" time="0.196">
    <failure message="expected [404] but found [200]" type="java.lang.AssertionError"><![CDATA[java.lang.AssertionError: expected [404] but found [200]
	at org.testng.Assert.fail(Assert.java:111)
	at org.testng.Assert.failNotEquals(Assert.java:1578)
	at org.testng.Assert.assertEqualsImpl(Assert.java:150)
	at org.testng.Assert.assertEquals(Assert.java:132)
	at org.testng.Assert.assertEquals(Assert.java:1419)
	at org.testng.Assert.assertEquals(Assert.java:1383)
	at org.testng.Assert.assertEquals(Assert.java:1429)
	at generics.ApiUtils.validateStatusCode(ApiUtils.java:27)
	at stepDefinitions.class2Steps.admin_receives_status_for_getUpcomingClasses(class2Steps.java:314)
	at .Admin receives 404 "Not Found" Status for getUpcomingClasses(file:///Users/mathumathibalakrishnan/eclipse/Mathumathi_2024/Team2_ChangeMakers_RestAssured/src/test/resources/features/class2.feature:116)
]]></failure>
    <system-out><![CDATA[
@GetUpcomingClasses
Scenario: Check if admin able to retrieve upcoming classes with invalid studentID                      &amp#27;[90m# src/test/resources/features/class2.feature:114&amp#27;[0m
[INFO ]2024-11-2212:27:15.735[main]generics.LoggerLoad1]-Executing some precondition step => Check authentication details
[INFO ]2024-11-2212:27:15.735[main]generics.LoggerLoad1]-User is authenticated!!!
  &amp#27;[32mGiven &amp#27;[0m&amp#27;[32mAdmin sets Authorization for class module&amp#27;[0m                                                      &amp#27;[90m# stepDefinitions.class2Steps.admin_sets_authorization_for_class_module()&amp#27;[0m
  &amp#27;[32mWhen &amp#27;[0m&amp#27;[32mAdmin creates GET Request and sends HTTPS Request with invalid studentID for getUpcomingClasses&amp#27;[0m &amp#27;[90m# stepDefinitions.class2Steps.admin_creates_get_request_and_sends_https_request_with_invalid_studentID_for_getUpcomingClasses()&amp#27;[0m
[]
  &amp#27;[31mThen &amp#27;[0m&amp#27;[31mAdmin receives &amp#27;[0m&amp#27;[31m&amp#27;[1m404&amp#27;[0m&amp#27;[31m &amp#27;[0m&amp#27;[31m&amp#27;[1m"Not Found"&amp#27;[0m&amp#27;[31m Status for getUpcomingClasses&amp#27;[0m                                    &amp#27;[90m# stepDefinitions.class2Steps.admin_receives_status_for_getUpcomingClasses(java.lang.Integer,java.lang.String)&amp#27;[0m
      &amp#27;[31mjava.lang.AssertionError: expected [404] but found [200]
	at org.testng.Assert.fail(Assert.java:111)
	at org.testng.Assert.failNotEquals(Assert.java:1578)
	at org.testng.Assert.assertEqualsImpl(Assert.java:150)
	at org.testng.Assert.assertEquals(Assert.java:132)
	at org.testng.Assert.assertEquals(Assert.java:1419)
	at org.testng.Assert.assertEquals(Assert.java:1383)
	at org.testng.Assert.assertEquals(Assert.java:1429)
	at generics.ApiUtils.validateStatusCode(ApiUtils.java:27)
	at stepDefinitions.class2Steps.admin_receives_status_for_getUpcomingClasses(class2Steps.java:314)
	at .Admin receives 404 "Not Found" Status for getUpcomingClasses(file:///Users/mathumathibalakrishnan/eclipse/Mathumathi_2024/Team2_ChangeMakers_RestAssured/src/test/resources/features/class2.feature:116)
&amp#27;[0m
]]></system-out>
  </testcase>
  <testcase name="runScenario[&quot;Check if admin able to retrieve upcoming classes with invalid Endpoint&quot;, &quot;Class 2 module&quot;](23)" classname="apiRunner.TestRunner" time="0.265">
    <system-out><![CDATA[
@GetUpcomingClasses
Scenario: Check if admin able to retrieve upcoming classes with invalid Endpoint                      &amp#27;[90m# src/test/resources/features/class2.feature:119&amp#27;[0m
[INFO ]2024-11-2212:27:15.927[main]generics.LoggerLoad1]-Executing some precondition step => Check authentication details
[INFO ]2024-11-2212:27:15.928[main]generics.LoggerLoad1]-User is authenticated!!!
  &amp#27;[32mGiven &amp#27;[0m&amp#27;[32mAdmin sets Authorization for class module&amp#27;[0m                                                     &amp#27;[90m# stepDefinitions.class2Steps.admin_sets_authorization_for_class_module()&amp#27;[0m
  &amp#27;[32mWhen &amp#27;[0m&amp#27;[32mAdmin creates GET Request and sends HTTPS Request with invalid endpoint for getUpcomingClasses&amp#27;[0m &amp#27;[90m# stepDefinitions.class2Steps.admin_creates_get_request_and_sends_https_request_with_invalid_endpoint_for_getUpcomingClasses()&amp#27;[0m
Invalid endpoint
Status Code: 404
Mapped Status Text: Not Found
  &amp#27;[32mThen &amp#27;[0m&amp#27;[32mAdmin receives &amp#27;[0m&amp#27;[32m&amp#27;[1m404&amp#27;[0m&amp#27;[32m &amp#27;[0m&amp#27;[32m&amp#27;[1m"Not Found"&amp#27;[0m&amp#27;[32m Status for getUpcomingClasses&amp#27;[0m                                   &amp#27;[90m# stepDefinitions.class2Steps.admin_receives_status_for_getUpcomingClasses(java.lang.Integer,java.lang.String)&amp#27;[0m
]]></system-out>
  </testcase>
  <testcase name="runScenario[&quot;Check if admin able to retrieve upcoming classes with invalid method&quot;, &quot;Class 2 module&quot;](24)" classname="apiRunner.TestRunner" time="0.178">
    <system-out><![CDATA[
@GetUpcomingClasses
Scenario: Check if admin able to retrieve upcoming classes with invalid method                        &amp#27;[90m# src/test/resources/features/class2.feature:124&amp#27;[0m
[INFO ]2024-11-2212:27:16.195[main]generics.LoggerLoad1]-Executing some precondition step => Check authentication details
[INFO ]2024-11-2212:27:16.196[main]generics.LoggerLoad1]-User is authenticated!!!
  &amp#27;[32mGiven &amp#27;[0m&amp#27;[32mAdmin sets Authorization for class module&amp#27;[0m                                                     &amp#27;[90m# stepDefinitions.class2Steps.admin_sets_authorization_for_class_module()&amp#27;[0m
  &amp#27;[32mWhen &amp#27;[0m&amp#27;[32mAdmin creates Other Request and sends HTTPS Request with valid endpoint for getUpcomingClasses&amp#27;[0m &amp#27;[90m# stepDefinitions.class2Steps.admin_creates_other_request_and_sends_https_request_with_valid_endpoint_for_getUpcomingClasses()&amp#27;[0m
{"message":"Request method 'POST' is not supported","success":false}
Status Code: 405
Mapped Status Text: Method Not Allowed
  &amp#27;[32mThen &amp#27;[0m&amp#27;[32mAdmin receives &amp#27;[0m&amp#27;[32m&amp#27;[1m405&amp#27;[0m&amp#27;[32m &amp#27;[0m&amp#27;[32m&amp#27;[1m"Method Not Allowed"&amp#27;[0m&amp#27;[32m Status for getUpcomingClasses&amp#27;[0m                          &amp#27;[90m# stepDefinitions.class2Steps.admin_receives_status_for_getUpcomingClasses(java.lang.Integer,java.lang.String)&amp#27;[0m
]]></system-out>
  </testcase>
  <testcase name="runScenario[&quot;Check if admin able to retrieve upcoming classes without Authorization&quot;, &quot;Class 2 module&quot;](25)" classname="apiRunner.TestRunner" time="0.163">
    <system-out><![CDATA[
@GetUpcomingClasses
Scenario: Check if admin able to retrieve upcoming classes without Authorization                                     &amp#27;[90m# src/test/resources/features/class2.feature:129&amp#27;[0m
[INFO ]2024-11-2212:27:16.373[main]generics.LoggerLoad1]-Executing some precondition step => Check authentication details
[INFO ]2024-11-2212:27:16.373[main]generics.LoggerLoad1]-User is authenticated!!!
  &amp#27;[32mGiven &amp#27;[0m&amp#27;[32mAdmin sets Authorization for class module&amp#27;[0m                                                                    &amp#27;[90m# stepDefinitions.class2Steps.admin_sets_authorization_for_class_module()&amp#27;[0m
  &amp#27;[32mWhen &amp#27;[0m&amp#27;[32mAdmin creates GET Request and sends HTTPS Request with valid endpoint but without Auth for getUpcomingClasses&amp#27;[0m &amp#27;[90m# stepDefinitions.class2Steps.admin_creates_get_request_and_sends_https_request_with_valid_endpoint_but_without_auth_for_getUpcomingClasses()&amp#27;[0m

Status Code: 401
Mapped Status Text: Unauthorized
  &amp#27;[32mThen &amp#27;[0m&amp#27;[32mAdmin receives &amp#27;[0m&amp#27;[32m&amp#27;[1m401&amp#27;[0m&amp#27;[32m &amp#27;[0m&amp#27;[32m&amp#27;[1m"Unauthorized"&amp#27;[0m&amp#27;[32m Status for getUpcomingClasses&amp#27;[0m                                               &amp#27;[90m# stepDefinitions.class2Steps.admin_receives_status_for_getUpcomingClasses(java.lang.Integer,java.lang.String)&amp#27;[0m
]]></system-out>
  </testcase>
  <testcase name="runScenario[&quot;Check if admin able to update a class with valid ClassID and all fields in requestBody&quot;, &quot;Class 2 module&quot;](26)" classname="apiRunner.TestRunner" time="0.185">
    <system-out><![CDATA[
@UpdateNewClass
Scenario: Check if admin able to update a class with valid ClassID and all fields in requestBody               &amp#27;[90m# src/test/resources/features/class2.feature:135&amp#27;[0m
[INFO ]2024-11-2212:27:16.545[main]generics.LoggerLoad1]-Executing some precondition step => Check authentication details
[INFO ]2024-11-2212:27:16.545[main]generics.LoggerLoad1]-User is authenticated!!!
  &amp#27;[32mGiven &amp#27;[0m&amp#27;[32mAdmin sets Authorization for class module&amp#27;[0m                                                              &amp#27;[90m# stepDefinitions.class2Steps.admin_sets_authorization_for_class_module()&amp#27;[0m
Field updateClassDetails not found in the scenario.
Field updateClassDetails not found in the scenario.
Field updateClassDetails not found in the scenario.
Field updateClassDetails not found in the scenario.
Field updateClassDetails not found in the scenario.
  &amp#27;[32mWhen &amp#27;[0m&amp#27;[32mAdmin creates PUT Request and sends HTTPS Request with valid classId and all the fields for updateClass&amp#27;[0m &amp#27;[90m# stepDefinitions.class2Steps.admin_creates_put_request_and_sends_https_request_with_valid_classid_and_all_the_fields_for_updateclass()&amp#27;[0m
{"csId":102,"batchId":8551,"classNo":1,"classDate":"2024-12-23T00:00:00.000+00:00","classTopic":"Mathu Java topics updated","classStatus":null,"classStaffId":"U49","classDescription":"Mathu class description","classComments":"Mathu class comments","classNotes":"Mathu notes","classRecordingPath":"D://Downloads","batchName":"JavaBatchMathuma","classScheduledDates":["2024-11-29T15:11:08.750+00:00"]}
Status Code: 200
Mapped Status Text: OK
  &amp#27;[32mThen &amp#27;[0m&amp#27;[32mAdmin receives &amp#27;[0m&amp#27;[32m&amp#27;[1m200&amp#27;[0m&amp#27;[32m &amp#27;[0m&amp#27;[32m&amp#27;[1m"OK"&amp#27;[0m&amp#27;[32m Status for updateClass&amp#27;[0m                                                          &amp#27;[90m# stepDefinitions.class2Steps.admin_receives_status_for_updateClass(java.lang.Integer,java.lang.String)&amp#27;[0m
]]></system-out>
  </testcase>
  <testcase name="runScenario[&quot;Check if admin able to update a class with valid classID and mandatory fields in request body without authorization&quot;, &quot;Class 2 module&quot;](27)" classname="apiRunner.TestRunner" time="0.156">
    <system-out><![CDATA[
@UpdateNewClass
Scenario: Check if admin able to update a class with valid classID and mandatory fields in request body without authorization &amp#27;[90m# src/test/resources/features/class2.feature:140&amp#27;[0m
[INFO ]2024-11-2212:27:16.721[main]generics.LoggerLoad1]-Executing some precondition step => Check authentication details
[INFO ]2024-11-2212:27:16.721[main]generics.LoggerLoad1]-User is authenticated!!!
  &amp#27;[32mGiven &amp#27;[0m&amp#27;[32mAdmin sets Authorization for class module&amp#27;[0m                                                                             &amp#27;[90m# stepDefinitions.class2Steps.admin_sets_authorization_for_class_module()&amp#27;[0m
Field updateClassDetails not found in the scenario.
Field updateClassDetails not found in the scenario.
Field updateClassDetails not found in the scenario.
Field updateClassDetails not found in the scenario.
Field updateClassDetails not found in the scenario.
  &amp#27;[32mWhen &amp#27;[0m&amp#27;[32mAdmin creates PUT Request and sends HTTPS Request with valid classId and all the fields without Auth for updateClass&amp#27;[0m   &amp#27;[90m# stepDefinitions.class2Steps.admin_creates_put_request_and_sends_https_request_with_valid_classid_and_all_the_fields_without_auth_for_updateclass()&amp#27;[0m

Status Code: 401
Mapped Status Text: Unauthorized
  &amp#27;[32mThen &amp#27;[0m&amp#27;[32mAdmin receives &amp#27;[0m&amp#27;[32m&amp#27;[1m401&amp#27;[0m&amp#27;[32m &amp#27;[0m&amp#27;[32m&amp#27;[1m"Unauthorized"&amp#27;[0m&amp#27;[32m Status for updateClass&amp#27;[0m                                                               &amp#27;[90m# stepDefinitions.class2Steps.admin_receives_status_for_updateClass(java.lang.Integer,java.lang.String)&amp#27;[0m
]]></system-out>
  </testcase>
  <testcase name="runScenario[&quot;Check if admin able to update a Class with valid classID and mandatory fields in request body&quot;, &quot;Class 2 module&quot;](28)" classname="apiRunner.TestRunner" time="0.194">
    <failure message="expected [401] but found [400]" type="java.lang.AssertionError"><![CDATA[java.lang.AssertionError: expected [401] but found [400]
	at org.testng.Assert.fail(Assert.java:111)
	at org.testng.Assert.failNotEquals(Assert.java:1578)
	at org.testng.Assert.assertEqualsImpl(Assert.java:150)
	at org.testng.Assert.assertEquals(Assert.java:132)
	at org.testng.Assert.assertEquals(Assert.java:1419)
	at org.testng.Assert.assertEquals(Assert.java:1383)
	at org.testng.Assert.assertEquals(Assert.java:1429)
	at generics.ApiUtils.validateStatusCode(ApiUtils.java:27)
	at stepDefinitions.class2Steps.admin_receives_status_for_updateClass(class2Steps.java:397)
	at .Admin receives 401 "Unauthorized" Status for updateClass(file:///Users/mathumathibalakrishnan/eclipse/Mathumathi_2024/Team2_ChangeMakers_RestAssured/src/test/resources/features/class2.feature:147)
]]></failure>
    <system-out><![CDATA[
@UpdateNewClass
Scenario: Check if admin able to update a Class with valid classID and mandatory fields in request body          &amp#27;[90m# src/test/resources/features/class2.feature:145&amp#27;[0m
[INFO ]2024-11-2212:27:16.879[main]generics.LoggerLoad1]-Executing some precondition step => Check authentication details
[INFO ]2024-11-2212:27:16.879[main]generics.LoggerLoad1]-User is authenticated!!!
  &amp#27;[32mGiven &amp#27;[0m&amp#27;[32mAdmin sets Authorization for class module&amp#27;[0m                                                                &amp#27;[90m# stepDefinitions.class2Steps.admin_sets_authorization_for_class_module()&amp#27;[0m
Field updateClassMandatoryValidClassID not found in the scenario.
Field updateClassMandatoryValidClassID not found in the scenario.
Field updateClassMandatoryValidClassID not found in the scenario.
Field updateClassMandatoryValidClassID not found in the scenario.
Field updateClassMandatoryValidClassID not found in the scenario.
  &amp#27;[32mWhen &amp#27;[0m&amp#27;[32mAdmin creates PUT Request and sends HTTPS Request with valid classId and mandatory fields for updateClass&amp#27;[0m &amp#27;[90m# stepDefinitions.class2Steps.admin_creates_put_request_and_sends_https_request_with_valid_classid_and_mandatory_fields_for_updateclass()&amp#27;[0m
{"message":"Count of Class Scheduled Dates should be equal to Number of Classes","success":false}
  &amp#27;[31mThen &amp#27;[0m&amp#27;[31mAdmin receives &amp#27;[0m&amp#27;[31m&amp#27;[1m401&amp#27;[0m&amp#27;[31m &amp#27;[0m&amp#27;[31m&amp#27;[1m"Unauthorized"&amp#27;[0m&amp#27;[31m Status for updateClass&amp#27;[0m                                                  &amp#27;[90m# stepDefinitions.class2Steps.admin_receives_status_for_updateClass(java.lang.Integer,java.lang.String)&amp#27;[0m
      &amp#27;[31mjava.lang.AssertionError: expected [401] but found [400]
	at org.testng.Assert.fail(Assert.java:111)
	at org.testng.Assert.failNotEquals(Assert.java:1578)
	at org.testng.Assert.assertEqualsImpl(Assert.java:150)
	at org.testng.Assert.assertEquals(Assert.java:132)
	at org.testng.Assert.assertEquals(Assert.java:1419)
	at org.testng.Assert.assertEquals(Assert.java:1383)
	at org.testng.Assert.assertEquals(Assert.java:1429)
	at generics.ApiUtils.validateStatusCode(ApiUtils.java:27)
	at stepDefinitions.class2Steps.admin_receives_status_for_updateClass(class2Steps.java:397)
	at .Admin receives 401 "Unauthorized" Status for updateClass(file:///Users/mathumathibalakrishnan/eclipse/Mathumathi_2024/Team2_ChangeMakers_RestAssured/src/test/resources/features/class2.feature:147)
&amp#27;[0m
]]></system-out>
  </testcase>
  <testcase name="runScenario[&quot;Check if admin able to update a Class with invalid ClassID and mandatory fields in request body&quot;, &quot;Class 2 module&quot;](29)" classname="apiRunner.TestRunner" time="0.173">
    <system-out><![CDATA[
@UpdateNewClass
Scenario: Check if admin able to update a Class with invalid ClassID and mandatory fields in request body          &amp#27;[90m# src/test/resources/features/class2.feature:150&amp#27;[0m
[INFO ]2024-11-2212:27:17.072[main]generics.LoggerLoad1]-Executing some precondition step => Check authentication details
[INFO ]2024-11-2212:27:17.072[main]generics.LoggerLoad1]-User is authenticated!!!
  &amp#27;[32mGiven &amp#27;[0m&amp#27;[32mAdmin sets Authorization for class module&amp#27;[0m                                                                  &amp#27;[90m# stepDefinitions.class2Steps.admin_sets_authorization_for_class_module()&amp#27;[0m
Field updateClassMandatoryValidClassID not found in the scenario.
Field updateClassMandatoryValidClassID not found in the scenario.
Field updateClassMandatoryValidClassID not found in the scenario.
Field updateClassMandatoryValidClassID not found in the scenario.
Field updateClassMandatoryValidClassID not found in the scenario.
  &amp#27;[32mWhen &amp#27;[0m&amp#27;[32mAdmin creates PUT Request and sends HTTPS Request with invalid classId and mandatory fields for updateClass&amp#27;[0m &amp#27;[90m# stepDefinitions.class2Steps.admin_creates_put_request_and_sends_https_request_with_invalid_classid_and_mandatory_fields_for_updateclass()&amp#27;[0m
{"message":"Class not found with Id : 100001 ","success":false}
Status Code: 404
Mapped Status Text: Not Found
  &amp#27;[32mThen &amp#27;[0m&amp#27;[32mAdmin receives &amp#27;[0m&amp#27;[32m&amp#27;[1m404&amp#27;[0m&amp#27;[32m &amp#27;[0m&amp#27;[32m&amp#27;[1m"Not Found"&amp#27;[0m&amp#27;[32m Status for updateClass&amp#27;[0m                                                       &amp#27;[90m# stepDefinitions.class2Steps.admin_receives_status_for_updateClass(java.lang.Integer,java.lang.String)&amp#27;[0m
]]></system-out>
  </testcase>
  <testcase name="runScenario[&quot;Check if admin able to update a Class with valid ClassID and missing mandatory fields request body&quot;, &quot;Class 2 module&quot;](30)" classname="apiRunner.TestRunner" time="0.223">
    <system-out><![CDATA[
@UpdateNewClass
Scenario: Check if admin able to update a Class with valid ClassID and missing mandatory fields request body             &amp#27;[90m# src/test/resources/features/class2.feature:155&amp#27;[0m
[INFO ]2024-11-2212:27:17.246[main]generics.LoggerLoad1]-Executing some precondition step => Check authentication details
[INFO ]2024-11-2212:27:17.246[main]generics.LoggerLoad1]-User is authenticated!!!
  &amp#27;[32mGiven &amp#27;[0m&amp#27;[32mAdmin sets Authorization for class module&amp#27;[0m                                                                        &amp#27;[90m# stepDefinitions.class2Steps.admin_sets_authorization_for_class_module()&amp#27;[0m
Field updateClassMissingMandatoryValidClassID not found in the scenario.
Field updateClassMissingMandatoryValidClassID not found in the scenario.
Field updateClassMissingMandatoryValidClassID not found in the scenario.
Field updateClassMissingMandatoryValidClassID not found in the scenario.
Field updateClassMissingMandatoryValidClassID not found in the scenario.
  &amp#27;[32mWhen &amp#27;[0m&amp#27;[32mAdmin creates PUT Request and sends HTTPS Request with valid classId and missing mandatory fields for updateClass&amp#27;[0m &amp#27;[90m# stepDefinitions.class2Steps.admin_creates_put_request_and_sends_https_request_with_valid_classid_and_missing_mandatory_fields_for_updateclass()&amp#27;[0m
{"message":"Count of Class Scheduled Dates should be equal to Number of Classes","success":false}
Status Code: 400
Mapped Status Text: Bad Request
  &amp#27;[32mThen &amp#27;[0m&amp#27;[32mAdmin receives &amp#27;[0m&amp#27;[32m&amp#27;[1m400&amp#27;[0m&amp#27;[32m &amp#27;[0m&amp#27;[32m&amp#27;[1m"Bad Request"&amp#27;[0m&amp#27;[32m Status for updateClass&amp#27;[0m                                                           &amp#27;[90m# stepDefinitions.class2Steps.admin_receives_status_for_updateClass(java.lang.Integer,java.lang.String)&amp#27;[0m
]]></system-out>
  </testcase>
  <testcase name="runScenario[&quot;Check if admin able to update a Class with invalid data&quot;, &quot;Class 2 module&quot;](31)" classname="apiRunner.TestRunner" time="0.197">
    <system-out><![CDATA[
@UpdateNewClass
Scenario: Check if admin able to update a Class with invalid data                                            &amp#27;[90m# src/test/resources/features/class2.feature:160&amp#27;[0m
[INFO ]2024-11-2212:27:17.470[main]generics.LoggerLoad1]-Executing some precondition step => Check authentication details
[INFO ]2024-11-2212:27:17.470[main]generics.LoggerLoad1]-User is authenticated!!!
  &amp#27;[32mGiven &amp#27;[0m&amp#27;[32mAdmin sets Authorization for class module&amp#27;[0m                                                            &amp#27;[90m# stepDefinitions.class2Steps.admin_sets_authorization_for_class_module()&amp#27;[0m
Field updateClassInvalidDataValidClassID not found in the scenario.
Field updateClassInvalidDataValidClassID not found in the scenario.
Field updateClassInvalidDataValidClassID not found in the scenario.
Field updateClassInvalidDataValidClassID not found in the scenario.
Field updateClassInvalidDataValidClassID not found in the scenario.
  &amp#27;[32mWhen &amp#27;[0m&amp#27;[32mAdmin creates PUT Request and sends HTTPS Request with valid classId and invalid data for updateClass&amp#27;[0m &amp#27;[90m# stepDefinitions.class2Steps.admin_creates_put_request_and_sends_https_request_with_valid_classid_and_invalid_data_for_updateclass()&amp#27;[0m
{"message":"Count of Class Scheduled Dates should be equal to Number of Classes","success":false}
Status Code: 400
Mapped Status Text: Bad Request
  &amp#27;[32mThen &amp#27;[0m&amp#27;[32mAdmin receives &amp#27;[0m&amp#27;[32m&amp#27;[1m400&amp#27;[0m&amp#27;[32m &amp#27;[0m&amp#27;[32m&amp#27;[1m"Bad Request"&amp#27;[0m&amp#27;[32m Status for updateClass&amp#27;[0m                                               &amp#27;[90m# stepDefinitions.class2Steps.admin_receives_status_for_updateClass(java.lang.Integer,java.lang.String)&amp#27;[0m
]]></system-out>
  </testcase>
  <testcase name="runScenario[&quot;Check if admin able to update a Class with invalid enpoint&quot;, &quot;Class 2 module&quot;](32)" classname="apiRunner.TestRunner" time="0.164">
    <system-out><![CDATA[
@UpdateNewClass
Scenario: Check if admin able to update a Class with invalid enpoint                                             &amp#27;[90m# src/test/resources/features/class2.feature:165&amp#27;[0m
[INFO ]2024-11-2212:27:17.666[main]generics.LoggerLoad1]-Executing some precondition step => Check authentication details
[INFO ]2024-11-2212:27:17.667[main]generics.LoggerLoad1]-User is authenticated!!!
  &amp#27;[32mGiven &amp#27;[0m&amp#27;[32mAdmin sets Authorization for class module&amp#27;[0m                                                                &amp#27;[90m# stepDefinitions.class2Steps.admin_sets_authorization_for_class_module()&amp#27;[0m
Field updateClassMandatoryValidClassID not found in the scenario.
Field updateClassMandatoryValidClassID not found in the scenario.
Field updateClassMandatoryValidClassID not found in the scenario.
Field updateClassMandatoryValidClassID not found in the scenario.
Field updateClassMandatoryValidClassID not found in the scenario.
  &amp#27;[32mWhen &amp#27;[0m&amp#27;[32mAdmin creates PUT Request and sends HTTPS Request with valid classId and invalid endpoint for updateClass&amp#27;[0m &amp#27;[90m# stepDefinitions.class2Steps.admin_creates_put_request_and_sends_https_request_with_valid_classid_and_invalid_endpoint_for_updateclass()&amp#27;[0m
Invalid endpoint
Status Code: 404
Mapped Status Text: Not Found
  &amp#27;[32mThen &amp#27;[0m&amp#27;[32mAdmin receives &amp#27;[0m&amp#27;[32m&amp#27;[1m404&amp#27;[0m&amp#27;[32m &amp#27;[0m&amp#27;[32m&amp#27;[1m"Not Found"&amp#27;[0m&amp#27;[32m Status for updateClass&amp#27;[0m                                                     &amp#27;[90m# stepDefinitions.class2Steps.admin_receives_status_for_updateClass(java.lang.Integer,java.lang.String)&amp#27;[0m
]]></system-out>
  </testcase>
  <testcase name="runScenario[&quot;Check if admin able to update a Class with a deleted batchID  field  in the request body with other mandatory fields&quot;, &quot;Class 2 module&quot;](33)" classname="apiRunner.TestRunner" time="0.207">
    <failure message="expected [400] but found [200]" type="java.lang.AssertionError"><![CDATA[java.lang.AssertionError: expected [400] but found [200]
	at org.testng.Assert.fail(Assert.java:111)
	at org.testng.Assert.failNotEquals(Assert.java:1578)
	at org.testng.Assert.assertEqualsImpl(Assert.java:150)
	at org.testng.Assert.assertEquals(Assert.java:132)
	at org.testng.Assert.assertEquals(Assert.java:1419)
	at org.testng.Assert.assertEquals(Assert.java:1383)
	at org.testng.Assert.assertEquals(Assert.java:1429)
	at generics.ApiUtils.validateStatusCode(ApiUtils.java:27)
	at stepDefinitions.class2Steps.admin_receives_status_for_updateClass(class2Steps.java:397)
	at .Admin receives 400 "Bad Request" Status for updateClass(file:///Users/mathumathibalakrishnan/eclipse/Mathumathi_2024/Team2_ChangeMakers_RestAssured/src/test/resources/features/class2.feature:172)
]]></failure>
    <system-out><![CDATA[
@UpdateNewClass
Scenario: Check if admin able to update a Class with a deleted batchID  field  in the request body with other mandatory fields &amp#27;[90m# src/test/resources/features/class2.feature:170&amp#27;[0m
[INFO ]2024-11-2212:27:17.831[main]generics.LoggerLoad1]-Executing some precondition step => Check authentication details
[INFO ]2024-11-2212:27:17.831[main]generics.LoggerLoad1]-User is authenticated!!!
  &amp#27;[32mGiven &amp#27;[0m&amp#27;[32mAdmin sets Authorization for class module&amp#27;[0m                                                                              &amp#27;[90m# stepDefinitions.class2Steps.admin_sets_authorization_for_class_module()&amp#27;[0m
Field updateClassDeletedBatchIDValidClassID not found in the scenario.
Field updateClassDeletedBatchIDValidClassID not found in the scenario.
Field updateClassDeletedBatchIDValidClassID not found in the scenario.
Field updateClassDeletedBatchIDValidClassID not found in the scenario.
Field updateClassDeletedBatchIDValidClassID not found in the scenario.
  &amp#27;[32mWhen &amp#27;[0m&amp#27;[32mAdmin creates PUT Request and sends HTTPS Request with valid classId and deleted batchID for updateClass&amp#27;[0m                &amp#27;[90m# stepDefinitions.class2Steps.admin_creates_put_request_and_sends_https_request_with_valid_classid_and_deleted_batchid_for_updateclass()&amp#27;[0m
{"csId":105,"batchId":8593,"classNo":1,"classDate":"2024-12-23T00:00:00.000+00:00","classTopic":"Mathu Java topics updated aga","classStatus":null,"classStaffId":"U49","classDescription":"Mathu class description","classComments":"Mathu class comments","classNotes":"Mathu notes","classRecordingPath":"D://Downloads","batchName":"JavaBatchMathumat","classScheduledDates":["2024-11-29T15:11:08.750+00:00"]}
  &amp#27;[31mThen &amp#27;[0m&amp#27;[31mAdmin receives &amp#27;[0m&amp#27;[31m&amp#27;[1m400&amp#27;[0m&amp#27;[31m &amp#27;[0m&amp#27;[31m&amp#27;[1m"Bad Request"&amp#27;[0m&amp#27;[31m Status for updateClass&amp#27;[0m                                                                 &amp#27;[90m# stepDefinitions.class2Steps.admin_receives_status_for_updateClass(java.lang.Integer,java.lang.String)&amp#27;[0m
      &amp#27;[31mjava.lang.AssertionError: expected [400] but found [200]
	at org.testng.Assert.fail(Assert.java:111)
	at org.testng.Assert.failNotEquals(Assert.java:1578)
	at org.testng.Assert.assertEqualsImpl(Assert.java:150)
	at org.testng.Assert.assertEquals(Assert.java:132)
	at org.testng.Assert.assertEquals(Assert.java:1419)
	at org.testng.Assert.assertEquals(Assert.java:1383)
	at org.testng.Assert.assertEquals(Assert.java:1429)
	at generics.ApiUtils.validateStatusCode(ApiUtils.java:27)
	at stepDefinitions.class2Steps.admin_receives_status_for_updateClass(class2Steps.java:397)
	at .Admin receives 400 "Bad Request" Status for updateClass(file:///Users/mathumathibalakrishnan/eclipse/Mathumathi_2024/Team2_ChangeMakers_RestAssured/src/test/resources/features/class2.feature:172)
&amp#27;[0m
]]></system-out>
  </testcase>
  <testcase name="runScenario[&quot;Check if admin able to update a Class with a deleted classID in the endpoint&quot;, &quot;Class 2 module&quot;](34)" classname="apiRunner.TestRunner" time="0.272">
    <failure message="expected [404] but found [200]" type="java.lang.AssertionError"><![CDATA[java.lang.AssertionError: expected [404] but found [200]
	at org.testng.Assert.fail(Assert.java:111)
	at org.testng.Assert.failNotEquals(Assert.java:1578)
	at org.testng.Assert.assertEqualsImpl(Assert.java:150)
	at org.testng.Assert.assertEquals(Assert.java:132)
	at org.testng.Assert.assertEquals(Assert.java:1419)
	at org.testng.Assert.assertEquals(Assert.java:1383)
	at org.testng.Assert.assertEquals(Assert.java:1429)
	at generics.ApiUtils.validateStatusCode(ApiUtils.java:27)
	at stepDefinitions.class2Steps.admin_receives_status_for_updateClass(class2Steps.java:397)
	at .Admin receives 404 "Not Found" Status for updateClass(file:///Users/mathumathibalakrishnan/eclipse/Mathumathi_2024/Team2_ChangeMakers_RestAssured/src/test/resources/features/class2.feature:177)
]]></failure>
    <system-out><![CDATA[
@UpdateNewClass
Scenario: Check if admin able to update a Class with a deleted classID in the endpoint        &amp#27;[90m# src/test/resources/features/class2.feature:175&amp#27;[0m
[INFO ]2024-11-2212:27:18.038[main]generics.LoggerLoad1]-Executing some precondition step => Check authentication details
[INFO ]2024-11-2212:27:18.038[main]generics.LoggerLoad1]-User is authenticated!!!
  &amp#27;[32mGiven &amp#27;[0m&amp#27;[32mAdmin sets Authorization for class module&amp#27;[0m                                             &amp#27;[90m# stepDefinitions.class2Steps.admin_sets_authorization_for_class_module()&amp#27;[0m
Field updateClassDeletedClassID not found in the scenario.
Field updateClassDeletedClassID not found in the scenario.
Field updateClassDeletedClassID not found in the scenario.
Field updateClassDeletedClassID not found in the scenario.
Field updateClassDeletedClassID not found in the scenario.
  &amp#27;[32mWhen &amp#27;[0m&amp#27;[32mAdmin creates PUT Request and sends HTTPS Request with deleted classId for updateClass&amp#27;[0m &amp#27;[90m# stepDefinitions.class2Steps.admin_creates_put_request_and_sends_https_request_with_deleted_classid_for_updateclass()&amp#27;[0m
{"csId":106,"batchId":8594,"classNo":1,"classDate":"2024-12-23T00:00:00.000+00:00","classTopic":"Mathu Java topics updated aga","classStatus":"Inactive","classStaffId":"U49","classDescription":"Mathu class description","classComments":"Mathu class comments","classNotes":"Mathu notes","classRecordingPath":"D://Downloads","batchName":"JavaBatchMathumath","classScheduledDates":["2024-11-29T15:11:08.750+00:00"]}
  &amp#27;[31mThen &amp#27;[0m&amp#27;[31mAdmin receives &amp#27;[0m&amp#27;[31m&amp#27;[1m404&amp#27;[0m&amp#27;[31m &amp#27;[0m&amp#27;[31m&amp#27;[1m"Not Found"&amp#27;[0m&amp#27;[31m Status for updateClass&amp#27;[0m                                  &amp#27;[90m# stepDefinitions.class2Steps.admin_receives_status_for_updateClass(java.lang.Integer,java.lang.String)&amp#27;[0m
      &amp#27;[31mjava.lang.AssertionError: expected [404] but found [200]
	at org.testng.Assert.fail(Assert.java:111)
	at org.testng.Assert.failNotEquals(Assert.java:1578)
	at org.testng.Assert.assertEqualsImpl(Assert.java:150)
	at org.testng.Assert.assertEquals(Assert.java:132)
	at org.testng.Assert.assertEquals(Assert.java:1419)
	at org.testng.Assert.assertEquals(Assert.java:1383)
	at org.testng.Assert.assertEquals(Assert.java:1429)
	at generics.ApiUtils.validateStatusCode(ApiUtils.java:27)
	at stepDefinitions.class2Steps.admin_receives_status_for_updateClass(class2Steps.java:397)
	at .Admin receives 404 "Not Found" Status for updateClass(file:///Users/mathumathibalakrishnan/eclipse/Mathumathi_2024/Team2_ChangeMakers_RestAssured/src/test/resources/features/class2.feature:177)
&amp#27;[0m
]]></system-out>
  </testcase>
</testsuite>