<?xml version="1.0" encoding="UTF-8"?>
<testng-results ignored="0" total="0" passed="0" failed="0" skipped="0">
  <reporter-output>
  </reporter-output>
  <suite started-at="2024-11-22T12:26:00 EST" name="Suite" finished-at="2024-11-22T12:26:04 EST" duration-ms="3581">
    <groups>
      <group name="cucumber">
        <method signature="AbstractTestNGCucumberTests.runScenario(io.cucumber.testng.PickleWrapper,io.cucumber.testng.FeatureWrapper)[pri:0, instance:apiRunner.TestRunner@1ffaf86]" name="runScenario" class="io.cucumber.testng.AbstractTestNGCucumberTests"/>
      </group> <!-- cucumber -->
    </groups>
    <test started-at="2024-11-22T12:26:00 EST" name="LMSAPIRestAssuredTest" finished-at="2024-11-22T12:26:04 EST" duration-ms="3581">
      <class name="apiRunner.TestRunner">
        <test-method is-config="true" signature="setUpClass(org.testng.ITestContext)[pri:0, instance:apiRunner.TestRunner@1ffaf86]" started-at="2024-11-22T12:26:00 EST" name="setUpClass" finished-at="2024-11-22T12:26:03 EST" duration-ms="2125" status="PASS">
          <params>
            <param index="0">
              <value>
                <![CDATA[org.testng.TestRunner@56a72887]]>
              </value>
            </param>
          </params>
          <reporter-output>
          </reporter-output>
        </test-method> <!-- setUpClass -->
        <test-method is-config="true" signature="tearDownClass()[pri:0, instance:apiRunner.TestRunner@1ffaf86]" started-at="2024-11-22T12:26:03 EST" name="tearDownClass" finished-at="2024-11-22T12:26:04 EST" duration-ms="1444" status="PASS">
          <reporter-output>
          </reporter-output>
        </test-method> <!-- tearDownClass -->
      </class> <!-- apiRunner.TestRunner -->
    </test> <!-- LMSAPIRestAssuredTest -->
  </suite> <!-- Suite -->
</testng-results>
