<?xml version="1.0" encoding="UTF-8"?>
<testng-results ignored="0" total="1" passed="1" failed="0" skipped="0">
  <reporter-output>
  </reporter-output>
  <suite started-at="2024-11-21T07:16:07 EST" name="Default suite" finished-at="2024-11-21T07:16:30 EST" duration-ms="23254">
    <groups>
      <group name="cucumber">
        <method signature="AbstractTestNGCucumberTests.runScenario(io.cucumber.testng.PickleWrapper,io.cucumber.testng.FeatureWrapper)[pri:0, instance:apiRunner.TestRunner@45099dd3]" name="runScenario" class="io.cucumber.testng.AbstractTestNGCucumberTests"/>
      </group> <!-- cucumber -->
    </groups>
    <test started-at="2024-11-21T07:16:07 EST" name="Default test" finished-at="2024-11-21T07:16:30 EST" duration-ms="23254">
      <class name="apiRunner.TestRunner">
        <test-method is-config="true" signature="setUpClass(org.testng.ITestContext)[pri:0, instance:apiRunner.TestRunner@45099dd3]" started-at="2024-11-21T07:16:07 EST" name="setUpClass" finished-at="2024-11-21T07:16:25 EST" duration-ms="18363" status="PASS">
          <params>
            <param index="0">
              <value>
                <![CDATA[org.testng.TestRunner@1659d7d]]>
              </value>
            </param>
          </params>
          <reporter-output>
          </reporter-output>
        </test-method> <!-- setUpClass -->
        <test-method signature="runScenario(io.cucumber.testng.PickleWrapper,io.cucumber.testng.FeatureWrapper)[pri:0, instance:apiRunner.TestRunner@45099dd3]" started-at="2024-11-21T07:16:25 EST" name="runScenario" description="Runs Cucumber Scenarios" data-provider="scenarios" finished-at="2024-11-21T07:16:25 EST" duration-ms="238" status="PASS">
          <params>
            <param index="0">
              <value>
                <![CDATA["Check if Admin able to retrieve all programs with valid Endpoint"]]>
              </value>
            </param>
            <param index="1">
              <value>
                <![CDATA["ProgramModule : positive flow"]]>
              </value>
            </param>
          </params>
          <reporter-output>
          </reporter-output>
        </test-method> <!-- runScenario -->
        <test-method is-config="true" signature="tearDownClass()[pri:0, instance:apiRunner.TestRunner@45099dd3]" started-at="2024-11-21T07:16:25 EST" name="tearDownClass" finished-at="2024-11-21T07:16:30 EST" duration-ms="4640" status="PASS">
          <reporter-output>
          </reporter-output>
        </test-method> <!-- tearDownClass -->
      </class> <!-- apiRunner.TestRunner -->
    </test> <!-- Default test -->
  </suite> <!-- Default suite -->
</testng-results>
