<?xml version="1.0" encoding="UTF-8"?>
<testng-results ignored="0" total="25" passed="24" failed="1" skipped="0">
  <reporter-output>
  </reporter-output>
  <suite started-at="2024-11-21T21:02:16 EST" name="Default suite" finished-at="2024-11-21T21:02:26 EST" duration-ms="10467">
    <groups>
      <group name="cucumber">
        <method signature="AbstractTestNGCucumberTests.runScenario(io.cucumber.testng.PickleWrapper,io.cucumber.testng.FeatureWrapper)[pri:0, instance:apiRunner.TestRunner@45099dd3]" name="runScenario" class="io.cucumber.testng.AbstractTestNGCucumberTests"/>
      </group> <!-- cucumber -->
    </groups>
    <test started-at="2024-11-21T21:02:16 EST" name="Default test" finished-at="2024-11-21T21:02:26 EST" duration-ms="10467">
      <class name="apiRunner.TestRunner">
        <test-method is-config="true" signature="setUpClass(org.testng.ITestContext)[pri:0, instance:apiRunner.TestRunner@45099dd3]" started-at="2024-11-21T21:02:16 EST" name="setUpClass" finished-at="2024-11-21T21:02:18 EST" duration-ms="1942" status="PASS">
          <params>
            <param index="0">
              <value>
                <![CDATA[org.testng.TestRunner@5d729af6]]>
              </value>
            </param>
          </params>
          <reporter-output>
          </reporter-output>
        </test-method> <!-- setUpClass -->
        <test-method signature="runScenario(io.cucumber.testng.PickleWrapper,io.cucumber.testng.FeatureWrapper)[pri:0, instance:apiRunner.TestRunner@45099dd3]" started-at="2024-11-21T21:02:18 EST" name="runScenario" description="Runs Cucumber Scenarios" data-provider="scenarios" finished-at="2024-11-21T21:02:18 EST" duration-ms="185" status="PASS">
          <params>
            <param index="0">
              <value>
                <![CDATA["Check if Admin able to retrieve all programs with valid Endpoint"]]>
              </value>
            </param>
            <param index="1">
              <value>
                <![CDATA["ProgramModule : positive flow"]]>
              </value>
            </param>
          </params>
          <reporter-output>
          </reporter-output>
        </test-method> <!-- runScenario -->
        <test-method signature="runScenario(io.cucumber.testng.PickleWrapper,io.cucumber.testng.FeatureWrapper)[pri:0, instance:apiRunner.TestRunner@45099dd3]" started-at="2024-11-21T21:02:18 EST" name="runScenario" description="Runs Cucumber Scenarios" data-provider="scenarios" finished-at="2024-11-21T21:02:18 EST" duration-ms="122" status="PASS">
          <params>
            <param index="0">
              <value>
                <![CDATA["Check if admin able to retrieve all class recording"]]>
              </value>
            </param>
            <param index="1">
              <value>
                <![CDATA["Class 2 module"]]>
              </value>
            </param>
          </params>
          <reporter-output>
          </reporter-output>
        </test-method> <!-- runScenario -->
        <test-method signature="runScenario(io.cucumber.testng.PickleWrapper,io.cucumber.testng.FeatureWrapper)[pri:0, instance:apiRunner.TestRunner@45099dd3]" started-at="2024-11-21T21:02:18 EST" name="runScenario" description="Runs Cucumber Scenarios" data-provider="scenarios" finished-at="2024-11-21T21:02:18 EST" duration-ms="101" status="PASS">
          <params>
            <param index="0">
              <value>
                <![CDATA["Check if admin able to retrieve all class recording with invalid Endpoint"]]>
              </value>
            </param>
            <param index="1">
              <value>
                <![CDATA["Class 2 module"]]>
              </value>
            </param>
          </params>
          <reporter-output>
          </reporter-output>
        </test-method> <!-- runScenario -->
        <test-method signature="runScenario(io.cucumber.testng.PickleWrapper,io.cucumber.testng.FeatureWrapper)[pri:0, instance:apiRunner.TestRunner@45099dd3]" started-at="2024-11-21T21:02:18 EST" name="runScenario" description="Runs Cucumber Scenarios" data-provider="scenarios" finished-at="2024-11-21T21:02:19 EST" duration-ms="367" status="PASS">
          <params>
            <param index="0">
              <value>
                <![CDATA["Check if admin able to retrieve all class recording with invalid method"]]>
              </value>
            </param>
            <param index="1">
              <value>
                <![CDATA["Class 2 module"]]>
              </value>
            </param>
          </params>
          <reporter-output>
          </reporter-output>
        </test-method> <!-- runScenario -->
        <test-method signature="runScenario(io.cucumber.testng.PickleWrapper,io.cucumber.testng.FeatureWrapper)[pri:0, instance:apiRunner.TestRunner@45099dd3]" started-at="2024-11-21T21:02:19 EST" name="runScenario" description="Runs Cucumber Scenarios" data-provider="scenarios" finished-at="2024-11-21T21:02:19 EST" duration-ms="111" status="PASS">
          <params>
            <param index="0">
              <value>
                <![CDATA["Check if admin able to retrieve all class recording without Authorization"]]>
              </value>
            </param>
            <param index="1">
              <value>
                <![CDATA["Class 2 module"]]>
              </value>
            </param>
          </params>
          <reporter-output>
          </reporter-output>
        </test-method> <!-- runScenario -->
        <test-method signature="runScenario(io.cucumber.testng.PickleWrapper,io.cucumber.testng.FeatureWrapper)[pri:0, instance:apiRunner.TestRunner@45099dd3]" started-at="2024-11-21T21:02:19 EST" name="runScenario" description="Runs Cucumber Scenarios" data-provider="scenarios" finished-at="2024-11-21T21:02:19 EST" duration-ms="122" status="PASS">
          <params>
            <param index="0">
              <value>
                <![CDATA["Check if admin able to retrieve class recording  with valid Batchid"]]>
              </value>
            </param>
            <param index="1">
              <value>
                <![CDATA["Class 2 module"]]>
              </value>
            </param>
          </params>
          <reporter-output>
          </reporter-output>
        </test-method> <!-- runScenario -->
        <test-method signature="runScenario(io.cucumber.testng.PickleWrapper,io.cucumber.testng.FeatureWrapper)[pri:0, instance:apiRunner.TestRunner@45099dd3]" started-at="2024-11-21T21:02:19 EST" name="runScenario" description="Runs Cucumber Scenarios" data-provider="scenarios" finished-at="2024-11-21T21:02:19 EST" duration-ms="98" status="PASS">
          <params>
            <param index="0">
              <value>
                <![CDATA["Check if admin able to retrieve  class recording with invalid Batchid"]]>
              </value>
            </param>
            <param index="1">
              <value>
                <![CDATA["Class 2 module"]]>
              </value>
            </param>
          </params>
          <reporter-output>
          </reporter-output>
        </test-method> <!-- runScenario -->
        <test-method signature="runScenario(io.cucumber.testng.PickleWrapper,io.cucumber.testng.FeatureWrapper)[pri:0, instance:apiRunner.TestRunner@45099dd3]" started-at="2024-11-21T21:02:19 EST" name="runScenario" description="Runs Cucumber Scenarios" data-provider="scenarios" finished-at="2024-11-21T21:02:19 EST" duration-ms="88" status="PASS">
          <params>
            <param index="0">
              <value>
                <![CDATA["Check if admin able to retrieve class recording with invalid Endpoint"]]>
              </value>
            </param>
            <param index="1">
              <value>
                <![CDATA["Class 2 module"]]>
              </value>
            </param>
          </params>
          <reporter-output>
          </reporter-output>
        </test-method> <!-- runScenario -->
        <test-method signature="runScenario(io.cucumber.testng.PickleWrapper,io.cucumber.testng.FeatureWrapper)[pri:0, instance:apiRunner.TestRunner@45099dd3]" started-at="2024-11-21T21:02:19 EST" name="runScenario" description="Runs Cucumber Scenarios" data-provider="scenarios" finished-at="2024-11-21T21:02:19 EST" duration-ms="104" status="PASS">
          <params>
            <param index="0">
              <value>
                <![CDATA["Check if admin able to retrieve class recording with invalid method"]]>
              </value>
            </param>
            <param index="1">
              <value>
                <![CDATA["Class 2 module"]]>
              </value>
            </param>
          </params>
          <reporter-output>
          </reporter-output>
        </test-method> <!-- runScenario -->
        <test-method signature="runScenario(io.cucumber.testng.PickleWrapper,io.cucumber.testng.FeatureWrapper)[pri:0, instance:apiRunner.TestRunner@45099dd3]" started-at="2024-11-21T21:02:19 EST" name="runScenario" description="Runs Cucumber Scenarios" data-provider="scenarios" finished-at="2024-11-21T21:02:19 EST" duration-ms="95" status="PASS">
          <params>
            <param index="0">
              <value>
                <![CDATA["Check if admin able to retrieve  class recording without Authorization"]]>
              </value>
            </param>
            <param index="1">
              <value>
                <![CDATA["Class 2 module"]]>
              </value>
            </param>
          </params>
          <reporter-output>
          </reporter-output>
        </test-method> <!-- runScenario -->
        <test-method signature="runScenario(io.cucumber.testng.PickleWrapper,io.cucumber.testng.FeatureWrapper)[pri:0, instance:apiRunner.TestRunner@45099dd3]" started-at="2024-11-21T21:02:19 EST" name="runScenario" description="Runs Cucumber Scenarios" data-provider="scenarios" finished-at="2024-11-21T21:02:19 EST" duration-ms="106" status="PASS">
          <params>
            <param index="0">
              <value>
                <![CDATA["Check if admin able to retrieve class recording  with valid ClassID"]]>
              </value>
            </param>
            <param index="1">
              <value>
                <![CDATA["Class 2 module"]]>
              </value>
            </param>
          </params>
          <reporter-output>
          </reporter-output>
        </test-method> <!-- runScenario -->
        <test-method signature="runScenario(io.cucumber.testng.PickleWrapper,io.cucumber.testng.FeatureWrapper)[pri:0, instance:apiRunner.TestRunner@45099dd3]" started-at="2024-11-21T21:02:19 EST" name="runScenario" description="Runs Cucumber Scenarios" data-provider="scenarios" finished-at="2024-11-21T21:02:19 EST" duration-ms="84" status="PASS">
          <params>
            <param index="0">
              <value>
                <![CDATA["Check if admin able to retrieve  class recording with invalid ClassID"]]>
              </value>
            </param>
            <param index="1">
              <value>
                <![CDATA["Class 2 module"]]>
              </value>
            </param>
          </params>
          <reporter-output>
          </reporter-output>
        </test-method> <!-- runScenario -->
        <test-method signature="runScenario(io.cucumber.testng.PickleWrapper,io.cucumber.testng.FeatureWrapper)[pri:0, instance:apiRunner.TestRunner@45099dd3]" started-at="2024-11-21T21:02:19 EST" name="runScenario" description="Runs Cucumber Scenarios" data-provider="scenarios" finished-at="2024-11-21T21:02:20 EST" duration-ms="249" status="PASS">
          <params>
            <param index="0">
              <value>
                <![CDATA["Check if admin able to retrieve class recording with invalid Endpoint"]]>
              </value>
            </param>
            <param index="1">
              <value>
                <![CDATA["Class 2 module"]]>
              </value>
            </param>
          </params>
          <reporter-output>
          </reporter-output>
        </test-method> <!-- runScenario -->
        <test-method signature="runScenario(io.cucumber.testng.PickleWrapper,io.cucumber.testng.FeatureWrapper)[pri:0, instance:apiRunner.TestRunner@45099dd3]" started-at="2024-11-21T21:02:20 EST" name="runScenario" description="Runs Cucumber Scenarios" data-provider="scenarios" finished-at="2024-11-21T21:02:20 EST" duration-ms="110" status="PASS">
          <params>
            <param index="0">
              <value>
                <![CDATA["Check if admin able to retrieve class recording with invalid method"]]>
              </value>
            </param>
            <param index="1">
              <value>
                <![CDATA["Class 2 module"]]>
              </value>
            </param>
          </params>
          <reporter-output>
          </reporter-output>
        </test-method> <!-- runScenario -->
        <test-method signature="runScenario(io.cucumber.testng.PickleWrapper,io.cucumber.testng.FeatureWrapper)[pri:0, instance:apiRunner.TestRunner@45099dd3]" started-at="2024-11-21T21:02:20 EST" name="runScenario" description="Runs Cucumber Scenarios" data-provider="scenarios" finished-at="2024-11-21T21:02:20 EST" duration-ms="97" status="PASS">
          <params>
            <param index="0">
              <value>
                <![CDATA["Check if admin able to retrieve  class recording without Authorization"]]>
              </value>
            </param>
            <param index="1">
              <value>
                <![CDATA["Class 2 module"]]>
              </value>
            </param>
          </params>
          <reporter-output>
          </reporter-output>
        </test-method> <!-- runScenario -->
        <test-method signature="runScenario(io.cucumber.testng.PickleWrapper,io.cucumber.testng.FeatureWrapper)[pri:0, instance:apiRunner.TestRunner@45099dd3]" started-at="2024-11-21T21:02:20 EST" name="runScenario" description="Runs Cucumber Scenarios" data-provider="scenarios" finished-at="2024-11-21T21:02:20 EST" duration-ms="95" status="PASS">
          <params>
            <param index="0">
              <value>
                <![CDATA["Check if admin able to retrieve class recording  with valid ClassID"]]>
              </value>
            </param>
            <param index="1">
              <value>
                <![CDATA["Class 2 module"]]>
              </value>
            </param>
          </params>
          <reporter-output>
          </reporter-output>
        </test-method> <!-- runScenario -->
        <test-method signature="runScenario(io.cucumber.testng.PickleWrapper,io.cucumber.testng.FeatureWrapper)[pri:0, instance:apiRunner.TestRunner@45099dd3]" started-at="2024-11-21T21:02:20 EST" name="runScenario" description="Runs Cucumber Scenarios" data-provider="scenarios" finished-at="2024-11-21T21:02:20 EST" duration-ms="126" status="PASS">
          <params>
            <param index="0">
              <value>
                <![CDATA["Check if admin able to retrieve  class recording with invalid ClassID"]]>
              </value>
            </param>
            <param index="1">
              <value>
                <![CDATA["Class 2 module"]]>
              </value>
            </param>
          </params>
          <reporter-output>
          </reporter-output>
        </test-method> <!-- runScenario -->
        <test-method signature="runScenario(io.cucumber.testng.PickleWrapper,io.cucumber.testng.FeatureWrapper)[pri:0, instance:apiRunner.TestRunner@45099dd3]" started-at="2024-11-21T21:02:20 EST" name="runScenario" description="Runs Cucumber Scenarios" data-provider="scenarios" finished-at="2024-11-21T21:02:20 EST" duration-ms="115" status="PASS">
          <params>
            <param index="0">
              <value>
                <![CDATA["Check if admin able to retrieve class recording with invalid Endpoint"]]>
              </value>
            </param>
            <param index="1">
              <value>
                <![CDATA["Class 2 module"]]>
              </value>
            </param>
          </params>
          <reporter-output>
          </reporter-output>
        </test-method> <!-- runScenario -->
        <test-method signature="runScenario(io.cucumber.testng.PickleWrapper,io.cucumber.testng.FeatureWrapper)[pri:0, instance:apiRunner.TestRunner@45099dd3]" started-at="2024-11-21T21:02:20 EST" name="runScenario" description="Runs Cucumber Scenarios" data-provider="scenarios" finished-at="2024-11-21T21:02:20 EST" duration-ms="104" status="PASS">
          <params>
            <param index="0">
              <value>
                <![CDATA["Check if admin able to retrieve class recording with invalid method"]]>
              </value>
            </param>
            <param index="1">
              <value>
                <![CDATA["Class 2 module"]]>
              </value>
            </param>
          </params>
          <reporter-output>
          </reporter-output>
        </test-method> <!-- runScenario -->
        <test-method signature="runScenario(io.cucumber.testng.PickleWrapper,io.cucumber.testng.FeatureWrapper)[pri:0, instance:apiRunner.TestRunner@45099dd3]" started-at="2024-11-21T21:02:20 EST" name="runScenario" description="Runs Cucumber Scenarios" data-provider="scenarios" finished-at="2024-11-21T21:02:20 EST" duration-ms="97" status="PASS">
          <params>
            <param index="0">
              <value>
                <![CDATA["Check if admin able to retrieve  class recording without Authorization"]]>
              </value>
            </param>
            <param index="1">
              <value>
                <![CDATA["Class 2 module"]]>
              </value>
            </param>
          </params>
          <reporter-output>
          </reporter-output>
        </test-method> <!-- runScenario -->
        <test-method signature="runScenario(io.cucumber.testng.PickleWrapper,io.cucumber.testng.FeatureWrapper)[pri:0, instance:apiRunner.TestRunner@45099dd3]" started-at="2024-11-21T21:02:20 EST" name="runScenario" description="Runs Cucumber Scenarios" data-provider="scenarios" finished-at="2024-11-21T21:02:21 EST" duration-ms="180" status="PASS">
          <params>
            <param index="0">
              <value>
                <![CDATA["Check if admin able to retrieve upcoming classes with valid studentID"]]>
              </value>
            </param>
            <param index="1">
              <value>
                <![CDATA["Class 2 module"]]>
              </value>
            </param>
          </params>
          <reporter-output>
          </reporter-output>
        </test-method> <!-- runScenario -->
        <test-method signature="runScenario(io.cucumber.testng.PickleWrapper,io.cucumber.testng.FeatureWrapper)[pri:0, instance:apiRunner.TestRunner@45099dd3]" started-at="2024-11-21T21:02:21 EST" name="runScenario" description="Runs Cucumber Scenarios" data-provider="scenarios" finished-at="2024-11-21T21:02:21 EST" duration-ms="135" status="FAIL">
          <params>
            <param index="0">
              <value>
                <![CDATA["Check if admin able to retrieve upcoming classes with invalid studentID"]]>
              </value>
            </param>
            <param index="1">
              <value>
                <![CDATA["Class 2 module"]]>
              </value>
            </param>
          </params>
          <exception class="java.lang.AssertionError">
            <message>
              <![CDATA[expected [404] but found [200]]]>
            </message>
            <full-stacktrace>
              <![CDATA[java.lang.AssertionError: expected [404] but found [200]
at org.testng.Assert.fail(Assert.java:99)
at org.testng.Assert.failNotEquals(Assert.java:1037)
at org.testng.Assert.assertEqualsImpl(Assert.java:140)
at org.testng.Assert.assertEquals(Assert.java:122)
at org.testng.Assert.assertEquals(Assert.java:907)
at org.testng.Assert.assertEquals(Assert.java:917)
at generics.ApiUtils.validateStatusCode(ApiUtils.java:27)
at stepDefinitions.class2Steps.admin_receives_status_for_getUpcomingClasses(class2Steps.java:312)
at ✽.Admin receives 404 "Not Found" Status for getUpcomingClasses(file:///Users/mathumathibalakrishnan/eclipse/Mathumathi_2024/Team2_ChangeMakers_RestAssured/src/test/resources/features/class2.feature:116)
]]>
            </full-stacktrace>
          </exception> <!-- java.lang.AssertionError -->
          <reporter-output>
          </reporter-output>
        </test-method> <!-- runScenario -->
        <test-method signature="runScenario(io.cucumber.testng.PickleWrapper,io.cucumber.testng.FeatureWrapper)[pri:0, instance:apiRunner.TestRunner@45099dd3]" started-at="2024-11-21T21:02:21 EST" name="runScenario" description="Runs Cucumber Scenarios" data-provider="scenarios" finished-at="2024-11-21T21:02:21 EST" duration-ms="103" status="PASS">
          <params>
            <param index="0">
              <value>
                <![CDATA["Check if admin able to retrieve upcoming classes with invalid Endpoint"]]>
              </value>
            </param>
            <param index="1">
              <value>
                <![CDATA["Class 2 module"]]>
              </value>
            </param>
          </params>
          <reporter-output>
          </reporter-output>
        </test-method> <!-- runScenario -->
        <test-method signature="runScenario(io.cucumber.testng.PickleWrapper,io.cucumber.testng.FeatureWrapper)[pri:0, instance:apiRunner.TestRunner@45099dd3]" started-at="2024-11-21T21:02:21 EST" name="runScenario" description="Runs Cucumber Scenarios" data-provider="scenarios" finished-at="2024-11-21T21:02:21 EST" duration-ms="98" status="PASS">
          <params>
            <param index="0">
              <value>
                <![CDATA["Check if admin able to retrieve upcoming classes with invalid method"]]>
              </value>
            </param>
            <param index="1">
              <value>
                <![CDATA["Class 2 module"]]>
              </value>
            </param>
          </params>
          <reporter-output>
          </reporter-output>
        </test-method> <!-- runScenario -->
        <test-method signature="runScenario(io.cucumber.testng.PickleWrapper,io.cucumber.testng.FeatureWrapper)[pri:0, instance:apiRunner.TestRunner@45099dd3]" started-at="2024-11-21T21:02:21 EST" name="runScenario" description="Runs Cucumber Scenarios" data-provider="scenarios" finished-at="2024-11-21T21:02:21 EST" duration-ms="113" status="PASS">
          <params>
            <param index="0">
              <value>
                <![CDATA["Check if admin able to retrieve upcoming classes without Authorization"]]>
              </value>
            </param>
            <param index="1">
              <value>
                <![CDATA["Class 2 module"]]>
              </value>
            </param>
          </params>
          <reporter-output>
          </reporter-output>
        </test-method> <!-- runScenario -->
        <test-method is-config="true" signature="tearDownClass()[pri:0, instance:apiRunner.TestRunner@45099dd3]" started-at="2024-11-21T21:02:21 EST" name="tearDownClass" finished-at="2024-11-21T21:02:26 EST" duration-ms="5290" status="PASS">
          <reporter-output>
          </reporter-output>
        </test-method> <!-- tearDownClass -->
      </class> <!-- apiRunner.TestRunner -->
    </test> <!-- Default test -->
  </suite> <!-- Default suite -->
</testng-results>
