<?xml version="1.0" encoding="UTF-8"?>
<!-- Generated by org.testng.reporters.JUnitReportReporter -->
<testsuite hostname="Dheenathayalans-MacBook-Air.local" failures="1" tests="25" name="apiRunner.TestRunner" time="2.677" errors="0" timestamp="2024-11-21T21:12:22 EST" skipped="0">
  <testcase classname="apiRunner.TestRunner" name="runScenario" time="0.093"/>
  <testcase classname="apiRunner.TestRunner" name="runScenario" time="0.096"/>
  <testcase classname="apiRunner.TestRunner" name="runScenario" time="0.097"/>
  <testcase classname="apiRunner.TestRunner" name="runScenario" time="0.089"/>
  <testcase classname="apiRunner.TestRunner" name="runScenario" time="0.224"/>
  <testcase classname="apiRunner.TestRunner" name="runScenario" time="0.100"/>
  <testcase classname="apiRunner.TestRunner" name="runScenario" time="0.169"/>
  <testcase classname="apiRunner.TestRunner" name="runScenario" time="0.087"/>
  <testcase classname="apiRunner.TestRunner" name="runScenario" time="0.091"/>
  <testcase classname="apiRunner.TestRunner" name="runScenario" time="0.085"/>
  <testcase classname="apiRunner.TestRunner" name="runScenario" time="0.177"/>
  <testcase classname="apiRunner.TestRunner" name="runScenario" time="0.085"/>
  <testcase classname="apiRunner.TestRunner" name="runScenario" time="0.088"/>
  <testcase classname="apiRunner.TestRunner" name="runScenario" time="0.098"/>
  <testcase classname="apiRunner.TestRunner" name="runScenario" time="0.087"/>
  <testcase classname="apiRunner.TestRunner" name="runScenario" time="0.089"/>
  <testcase classname="apiRunner.TestRunner" name="runScenario" time="0.212">
    <failure message="expected [404] but found [200]" type="java.lang.AssertionError">
      <![CDATA[java.lang.AssertionError: expected [404] but found [200]
at org.testng.Assert.fail(Assert.java:111)
at org.testng.Assert.failNotEquals(Assert.java:1578)
at org.testng.Assert.assertEqualsImpl(Assert.java:150)
at org.testng.Assert.assertEquals(Assert.java:132)
at org.testng.Assert.assertEquals(Assert.java:1419)
at org.testng.Assert.assertEquals(Assert.java:1383)
at org.testng.Assert.assertEquals(Assert.java:1429)
at generics.ApiUtils.validateStatusCode(ApiUtils.java:27)
at stepDefinitions.class2Steps.admin_receives_status_for_getUpcomingClasses(class2Steps.java:313)
at ✽.Admin receives 404 "Not Found" Status for getUpcomingClasses(file:///Users/mathumathibalakrishnan/eclipse/Mathumathi_2024/Team2_ChangeMakers_RestAssured/src/test/resources/features/class2.feature:116)
]]>
    </failure>
  </testcase> <!-- runScenario -->
  <testcase classname="apiRunner.TestRunner" name="runScenario" time="0.098"/>
  <testcase classname="apiRunner.TestRunner" name="runScenario" time="0.089"/>
  <testcase classname="apiRunner.TestRunner" name="runScenario" time="0.079"/>
  <testcase classname="apiRunner.TestRunner" name="runScenario" time="0.087"/>
  <testcase classname="apiRunner.TestRunner" name="runScenario" time="0.086"/>
  <testcase classname="apiRunner.TestRunner" name="runScenario" time="0.091"/>
  <testcase classname="apiRunner.TestRunner" name="runScenario" time="0.090"/>
  <testcase classname="apiRunner.TestRunner" name="runScenario" time="0.090"/>
</testsuite> <!-- apiRunner.TestRunner -->
